{"meta": {"format": 3, "version": "7.15.4", "timestamp": "2026-08-26T09:25:04.064213", "branch_coverage": false, "show_contexts": false}, "files": {"packages/__init__.py": {"executed_lines": [13, 15], "summary": {"covered_lines": 2, "num_statements": 2, "percent_covered": 100.0, "percent_covered_display": "100.00", "missing_lines": 0, "excluded_lines": 0, "percent_statements_covered": 100.0, "percent_statements_covered_display": "100.00"}, "missing_lines": [], "excluded_lines": [], "functions": {"": {"executed_lines": [13, 15], "summary": {"covered_lines": 2, "num_statements": 2, "percent_covered": 100.0, "percent_covered_display": "100.00", "missing_lines": 0, "excluded_lines": 0, "percent_statements_covered": 100.0, "percent_statements_covered_display": "100.00"}, "missing_lines": [], "excluded_lines": [], "start_line": 1}}, "classes": {"": {"executed_lines": [13, 15], "summary": {"covered_lines": 2, "num_statements": 2, "percent_covered": 100.0, "percent_covered_display": "100.00", "missing_lines": 0, "excluded_lines": 0, "percent_statements_covered": 100.0, "percent_statements_covered_display": "100.00"}, "missing_lines": [], "excluded_lines": [], "start_line": 1}}}, "packages/api/__init__.py": {"executed_lines": [], "summary": {"covered_lines": 0, "num_statements": 0, "percent_covered": 100.0, "percent_covered_display": "100.00", "missing_lines": 0, "excluded_lines": 0, "percent_statements_covered": 100.0, "percent_statements_covered_display": "100.00"}, "missing_lines": [], "excluded_lines": [], "functions": {"": {"executed_lines": [], "summary": {"covered_lines": 0, "num_statements": 0, "percent_covered": 100.0, "percent_covered_display": "100.00", "missing_lines": 0, "excluded_lines": 0, "percent_statements_covered": 100.0, "percent_statements_covered_display": "100.00"}, "missing_lines": [], "excluded_lines": [], "start_line": 1}}, "classes": {"": {"executed_lines": [], "summary": {"covered_lines": 0, "num_statements": 0, "percent_covered": 100.0, "percent_covered_display": "100.00", "missing_lines": 0, "excluded_lines": 0, "percent_statements_covered": 100.0, "percent_statements_covered_display": "100.00"}, "missing_lines": [], "excluded_lines": [], "start_line": 1}}}, "packages/api/pilot_api.py": {"executed_lines": [21, 23, 24, 25, 27, 28, 29, 30, 31, 33, 35, 46, 55, 56, 58, 59, 61, 62, 63, 69, 70, 71, 72, 75, 78, 81, 82, 85, 86, 87, 90, 91, 92, 93, 94, 97, 98, 99, 100, 101, 102, 103, 104, 105, 106, 107, 110, 111, 112, 113, 114, 115, 116, 119, 120, 123, 124, 125, 126, 127, 130, 131, 132, 133, 136, 137, 138, 139, 142, 143, 144, 145, 146, 149, 150, 151, 152, 158, 159, 161, 164, 165, 167, 173, 179, 189, 192, 194, 202, 209, 214, 221, 237, 242, 252, 265, 271, 277, 279, 287, 297, 302, 312, 313, 318, 325, 335, 336, 337, 338, 348, 349, 370, 371, 376], "summary": {"covered_lines": 115, "num_statements": 120, "percent_covered": 95.83333333333333, "percent_covered_display": "95.83", "missing_lines": 5, "excluded_lines": 0, "percent_statements_covered": 95.83333333333333, "percent_statements_covered_display": "95.83"}, "missing_lines": [350, 351, 357, 373, 378], "excluded_lines": [], "functions": {"correlation_id_middleware": {"executed_lines": [58, 59, 61, 62, 63], "summary": {"covered_lines": 5, "num_statements": 5, "percent_covered": 100.0, "percent_covered_display": "100.00", "missing_lines": 0, "excluded_lines": 0, "percent_statements_covered": 100.0, "percent_statements_covered_display": "100.00"}, "missing_lines": [], "excluded_lines": [], "start_line": 56}, "health_check": {"executed_lines": [161], "summary": {"covered_lines": 1, "num_statements": 1, "percent_covered": 100.0, "percent_covered_display": "100.00", "missing_lines": 0, "excluded_lines": 0, "percent_statements_covered": 100.0, "percent_statements_covered_display": "100.00"}, "missing_lines": [], "excluded_lines": [], "start_line": 159}, "readiness_check": {"executed_lines": [167], "summary": {"covered_lines": 1, "num_statements": 1, "percent_covered": 100.0, "percent_covered_display": "100.00", "missing_lines": 0, "excluded_lines": 0, "percent_statements_covered": 100.0, "percent_statements_covered_display": "100.00"}, "missing_lines": [], "excluded_lines": [], "start_line": 165}, "submit_report": {"executed_lines": [189, 192, 194, 202], "summary": {"covered_lines": 4, "num_statements": 4, "percent_covered": 100.0, "percent_covered_display": "100.00", "missing_lines": 0, "excluded_lines": 0, "percent_statements_covered": 100.0, "percent_statements_covered_display": "100.00"}, "missing_lines": [], "excluded_lines": [], "start_line": 179}, "get_report": {"executed_lines": [221], "summary": {"covered_lines": 1, "num_statements": 1, "percent_covered": 100.0, "percent_covered_display": "100.00", "missing_lines": 0, "excluded_lines": 0, "percent_statements_covered": 100.0, "percent_statements_covered_display": "100.00"}, "missing_lines": [], "excluded_lines": [], "start_line": 214}, "triage_report": {"executed_lines": [252], "summary": {"covered_lines": 1, "num_statements": 1, "percent_covered": 100.0, "percent_covered_display": "100.00", "missing_lines": 0, "excluded_lines": 0, "percent_statements_covered": 100.0, "percent_statements_covered_display": "100.00"}, "missing_lines": [], "excluded_lines": [], "start_line": 242}, "create_alert": {"executed_lines": [277, 279, 287], "summary": {"covered_lines": 3, "num_statements": 3, "percent_covered": 100.0, "percent_covered_display": "100.00", "missing_lines": 0, "excluded_lines": 0, "percent_statements_covered": 100.0, "percent_statements_covered_display": "100.00"}, "missing_lines": [], "excluded_lines": [], "start_line": 271}, "police_query": {"executed_lines": [312, 313, 318, 325], "summary": {"covered_lines": 4, "num_statements": 4, "percent_covered": 100.0, "percent_covered_display": "100.00", "missing_lines": 0, "excluded_lines": 0, "percent_statements_covered": 100.0, "percent_statements_covered_display": "100.00"}, "missing_lines": [], "excluded_lines": [], "start_line": 302}, "http_exception_handler": {"executed_lines": [337, 338], "summary": {"covered_lines": 2, "num_statements": 2, "percent_covered": 100.0, "percent_covered_display": "100.00", "missing_lines": 0, "excluded_lines": 0, "percent_statements_covered": 100.0, "percent_statements_covered_display": "100.00"}, "missing_lines": [], "excluded_lines": [], "start_line": 336}, "general_exception_handler": {"executed_lines": [], "summary": {"covered_lines": 0, "num_statements": 3, "percent_covered": 0.0, "percent_covered_display": "0.00", "missing_lines": 3, "excluded_lines": 0, "percent_statements_covered": 0.0, "percent_statements_covered_display": "0.00"}, "missing_lines": [350, 351, 357], "excluded_lines": [], "start_line": 349}, "get_openapi": {"executed_lines": [], "summary": {"covered_lines": 0, "num_statements": 1, "percent_covered": 0.0, "percent_covered_display": "0.00", "missing_lines": 1, "excluded_lines": 0, "percent_statements_covered": 0.0, "percent_statements_covered_display": "0.00"}, "missing_lines": [373], "excluded_lines": [], "start_line": 371}, "get_app": {"executed_lines": [], "summary": {"covered_lines": 0, "num_statements": 1, "percent_covered": 0.0, "percent_covered_display": "0.00", "missing_lines": 1, "excluded_lines": 0, "percent_statements_covered": 0.0, "percent_statements_covered_display": "0.00"}, "missing_lines": [378], "excluded_lines": [], "start_line": 376}, "": {"executed_lines": [21, 23, 24, 25, 27, 28, 29, 30, 31, 33, 35, 46, 55, 56, 69, 70, 71, 72, 75, 78, 81, 82, 85, 86, 87, 90, 91, 92, 93, 94, 97, 98, 99, 100, 101, 102, 103, 104, 105, 106, 107, 110, 111, 112, 113, 114, 115, 116, 119, 120, 123, 124, 125, 126, 127, 130, 131, 132, 133, 136, 137, 138, 139, 142, 143, 144, 145, 146, 149, 150, 151, 152, 158, 159, 164, 165, 173, 179, 209, 214, 237, 242, 265, 271, 297, 302, 335, 336, 348, 349, 370, 371, 376], "summary": {"covered_lines": 93, "num_statements": 93, "percent_covered": 100.0, "percent_covered_display": "100.00", "missing_lines": 0, "excluded_lines": 0, "percent_statements_covered": 100.0, "percent_statements_covered_display": "100.00"}, "missing_lines": [], "excluded_lines": [], "start_line": 1}}, "classes": {"HealthResponse": {"executed_lines": [], "summary": {"covered_lines": 0, "num_statements": 0, "percent_covered": 100.0, "percent_covered_display": "100.00", "missing_lines": 0, "excluded_lines": 0, "percent_statements_covered": 100.0, "percent_statements_covered_display": "100.00"}, "missing_lines": [], "excluded_lines": [], "start_line": 69}, "CitizenReportRequest": {"executed_lines": [], "summary": {"covered_lines": 0, "num_statements": 0, "percent_covered": 100.0, "percent_covered_display": "100.00", "missing_lines": 0, "excluded_lines": 0, "percent_statements_covered": 100.0, "percent_statements_covered_display": "100.00"}, "missing_lines": [], "excluded_lines": [], "start_line": 75}, "ReportResponse": {"executed_lines": [], "summary": {"covered_lines": 0, "num_statements": 0, "percent_covered": 100.0, "percent_covered_display": "100.00", "missing_lines": 0, "excluded_lines": 0, "percent_statements_covered": 100.0, "percent_statements_covered_display": "100.00"}, "missing_lines": [], "excluded_lines": [], "start_line": 90}, "ReportDetailResponse": {"executed_lines": [], "summary": {"covered_lines": 0, "num_statements": 0, "percent_covered": 100.0, "percent_covered_display": "100.00", "missing_lines": 0, "excluded_lines": 0, "percent_statements_covered": 100.0, "percent_statements_covered_display": "100.00"}, "missing_lines": [], "excluded_lines": [], "start_line": 97}, "TriageResponse": {"executed_lines": [], "summary": {"covered_lines": 0, "num_statements": 0, "percent_covered": 100.0, "percent_covered_display": "100.00", "missing_lines": 0, "excluded_lines": 0, "percent_statements_covered": 100.0, "percent_statements_covered_display": "100.00"}, "missing_lines": [], "excluded_lines": [], "start_line": 110}, "AlertRequest": {"executed_lines": [], "summary": {"covered_lines": 0, "num_statements": 0, "percent_covered": 100.0, "percent_covered_display": "100.00", "missing_lines": 0, "excluded_lines": 0, "percent_statements_covered": 100.0, "percent_statements_covered_display": "100.00"}, "missing_lines": [], "excluded_lines": [], "start_line": 119}, "AlertResponse": {"executed_lines": [], "summary": {"covered_lines": 0, "num_statements": 0, "percent_covered": 100.0, "percent_covered_display": "100.00", "missing_lines": 0, "excluded_lines": 0, "percent_statements_covered": 100.0, "percent_statements_covered_display": "100.00"}, "missing_lines": [], "excluded_lines": [], "start_line": 130}, "PoliceQueryRequest": {"executed_lines": [], "summary": {"covered_lines": 0, "num_statements": 0, "percent_covered": 100.0, "percent_covered_display": "100.00", "missing_lines": 0, "excluded_lines": 0, "percent_statements_covered": 100.0, "percent_statements_covered_display": "100.00"}, "missing_lines": [], "excluded_lines": [], "start_line": 136}, "PoliceQueryResponse": {"executed_lines": [], "summary": {"covered_lines": 0, "num_statements": 0, "percent_covered": 100.0, "percent_covered_display": "100.00", "missing_lines": 0, "excluded_lines": 0, "percent_statements_covered": 100.0, "percent_statements_covered_display": "100.00"}, "missing_lines": [], "excluded_lines": [], "start_line": 142}, "ErrorResponse": {"executed_lines": [], "summary": {"covered_lines": 0, "num_statements": 0, "percent_covered": 100.0, "percent_covered_display": "100.00", "missing_lines": 0, "excluded_lines": 0, "percent_statements_covered": 100.0, "percent_statements_covered_display": "100.00"}, "missing_lines": [], "excluded_lines": [], "start_line": 149}, "": {"executed_lines": [21, 23, 24, 25, 27, 28, 29, 30, 31, 33, 35, 46, 55, 56, 58, 59, 61, 62, 63, 69, 70, 71, 72, 75, 78, 81, 82, 85, 86, 87, 90, 91, 92, 93, 94, 97, 98, 99, 100, 101, 102, 103, 104, 105, 106, 107, 110, 111, 112, 113, 114, 115, 116, 119, 120, 123, 124, 125, 126, 127, 130, 131, 132, 133, 136, 137, 138, 139, 142, 143, 144, 145, 146, 149, 150, 151, 152, 158, 159, 161, 164, 165, 167, 173, 179, 189, 192, 194, 202, 209, 214, 221, 237, 242, 252, 265, 271, 277, 279, 287, 297, 302, 312, 313, 318, 325, 335, 336, 337, 338, 348, 349, 370, 371, 376], "summary": {"covered_lines": 115, "num_statements": 120, "percent_covered": 95.83333333333333, "percent_covered_display": "95.83", "missing_lines": 5, "excluded_lines": 0, "percent_statements_covered": 95.83333333333333, "percent_statements_covered_display": "95.83"}, "missing_lines": [350, 351, 357, 373, 378], "excluded_lines": [], "start_line": 1}}}, "packages/auth/__init__.py": {"executed_lines": [3, 4, 12, 13, 21, 33], "summary": {"covered_lines": 6, "num_statements": 6, "percent_covered": 100.0, "percent_covered_display": "100.00", "missing_lines": 0, "excluded_lines": 0, "percent_statements_covered": 100.0, "percent_statements_covered_display": "100.00"}, "missing_lines": [], "excluded_lines": [], "functions": {"": {"executed_lines": [3, 4, 12, 13, 21, 33], "summary": {"covered_lines": 6, "num_statements": 6, "percent_covered": 100.0, "percent_covered_display": "100.00", "missing_lines": 0, "excluded_lines": 0, "percent_statements_covered": 100.0, "percent_statements_covered_display": "100.00"}, "missing_lines": [], "excluded_lines": [], "start_line": 1}}, "classes": {"": {"executed_lines": [3, 4, 12, 13, 21, 33], "summary": {"covered_lines": 6, "num_statements": 6, "percent_covered": 100.0, "percent_covered_display": "100.00", "missing_lines": 0, "excluded_lines": 0, "percent_statements_covered": 100.0, "percent_statements_covered_display": "100.00"}, "missing_lines": [], "excluded_lines": [], "start_line": 1}}}, "packages/auth/audit.py": {"executed_lines": [11, 13, 14, 15, 16, 17, 18, 20, 22, 25, 28, 29, 30, 31, 32, 33, 34, 35, 36, 37, 38, 39, 40, 41, 42, 43, 44, 45, 46, 47, 50, 51, 54, 55, 56, 57, 58, 59, 60, 61, 62, 63, 64, 65, 66, 67, 69, 71, 72, 87, 90, 97, 98, 99, 100, 102, 116, 118, 132, 133, 134, 136, 146, 149, 151, 160, 161, 162, 163, 164, 165, 167, 169, 171, 173, 174, 175, 176, 177, 178, 179, 181, 183, 185], "summary": {"covered_lines": 84, "num_statements": 93, "percent_covered": 90.3225806451613, "percent_covered_display": "90.32", "missing_lines": 9, "excluded_lines": 0, "percent_statements_covered": 90.3225806451613, "percent_statements_covered_display": "90.32"}, "missing_lines": [147, 166, 168, 187, 188, 189, 190, 208, 209], "excluded_lines": [], "functions": {"AuditEvent.compute_hash": {"executed_lines": [71, 72, 87], "summary": {"covered_lines": 3, "num_statements": 3, "percent_covered": 100.0, "percent_covered_display": "100.00", "missing_lines": 0, "excluded_lines": 0, "percent_statements_covered": 100.0, "percent_statements_covered_display": "100.00"}, "missing_lines": [], "excluded_lines": [], "start_line": 69}, "AuditLog.__init__": {"executed_lines": [98, 99, 100], "summary": {"covered_lines": 3, "num_statements": 3, "percent_covered": 100.0, "percent_covered_display": "100.00", "missing_lines": 0, "excluded_lines": 0, "percent_statements_covered": 100.0, "percent_statements_covered_display": "100.00"}, "missing_lines": [], "excluded_lines": [], "start_line": 97}, "AuditLog.log": {"executed_lines": [116, 118, 132, 133, 134, 136, 146, 149], "summary": {"covered_lines": 8, "num_statements": 9, "percent_covered": 88.88888888888889, "percent_covered_display": "88.89", "missing_lines": 1, "excluded_lines": 0, "percent_statements_covered": 88.88888888888889, "percent_statements_covered_display": "88.89"}, "missing_lines": [147], "excluded_lines": [], "start_line": 102}, "AuditLog.query": {"executed_lines": [160, 161, 162, 163, 164, 165, 167, 169], "summary": {"covered_lines": 8, "num_statements": 10, "percent_covered": 80.0, "percent_covered_display": "80.00", "missing_lines": 2, "excluded_lines": 0, "percent_statements_covered": 80.0, "percent_statements_covered_display": "80.00"}, "missing_lines": [166, 168], "excluded_lines": [], "start_line": 151}, "AuditLog.verify_chain": {"executed_lines": [173, 174, 175, 176, 177, 178, 179], "summary": {"covered_lines": 7, "num_statements": 7, "percent_covered": 100.0, "percent_covered_display": "100.00", "missing_lines": 0, "excluded_lines": 0, "percent_statements_covered": 100.0, "percent_statements_covered_display": "100.00"}, "missing_lines": [], "excluded_lines": [], "start_line": 171}, "AuditLog.count": {"executed_lines": [183], "summary": {"covered_lines": 1, "num_statements": 1, "percent_covered": 100.0, "percent_covered_display": "100.00", "missing_lines": 0, "excluded_lines": 0, "percent_statements_covered": 100.0, "percent_statements_covered_display": "100.00"}, "missing_lines": [], "excluded_lines": [], "start_line": 181}, "AuditLog._persist": {"executed_lines": [], "summary": {"covered_lines": 0, "num_statements": 6, "percent_covered": 0.0, "percent_covered_display": "0.00", "missing_lines": 6, "excluded_lines": 0, "percent_statements_covered": 0.0, "percent_statements_covered_display": "0.00"}, "missing_lines": [187, 188, 189, 190, 208, 209], "excluded_lines": [], "start_line": 185}, "": {"executed_lines": [11, 13, 14, 15, 16, 17, 18, 20, 22, 25, 28, 29, 30, 31, 32, 33, 34, 35, 36, 37, 38, 39, 40, 41, 42, 43, 44, 45, 46, 47, 50, 51, 54, 55, 56, 57, 58, 59, 60, 61, 62, 63, 64, 65, 66, 67, 69, 90, 97, 102, 151, 171, 181, 185], "summary": {"covered_lines": 54, "num_statements": 54, "percent_covered": 100.0, "percent_covered_display": "100.00", "missing_lines": 0, "excluded_lines": 0, "percent_statements_covered": 100.0, "percent_statements_covered_display": "100.00"}, "missing_lines": [], "excluded_lines": [], "start_line": 1}}, "classes": {"AuditEventType": {"executed_lines": [], "summary": {"covered_lines": 0, "num_statements": 0, "percent_covered": 100.0, "percent_covered_display": "100.00", "missing_lines": 0, "excluded_lines": 0, "percent_statements_covered": 100.0, "percent_statements_covered_display": "100.00"}, "missing_lines": [], "excluded_lines": [], "start_line": 25}, "AuditEvent": {"executed_lines": [71, 72, 87], "summary": {"covered_lines": 3, "num_statements": 3, "percent_covered": 100.0, "percent_covered_display": "100.00", "missing_lines": 0, "excluded_lines": 0, "percent_statements_covered": 100.0, "percent_statements_covered_display": "100.00"}, "missing_lines": [], "excluded_lines": [], "start_line": 51}, "AuditLog": {"executed_lines": [98, 99, 100, 116, 118, 132, 133, 134, 136, 146, 149, 160, 161, 162, 163, 164, 165, 167, 169, 173, 174, 175, 176, 177, 178, 179, 183], "summary": {"covered_lines": 27, "num_statements": 36, "percent_covered": 75.0, "percent_covered_display": "75.00", "missing_lines": 9, "excluded_lines": 0, "percent_statements_covered": 75.0, "percent_statements_covered_display": "75.00"}, "missing_lines": [147, 166, 168, 187, 188, 189, 190, 208, 209], "excluded_lines": [], "start_line": 90}, "": {"executed_lines": [11, 13, 14, 15, 16, 17, 18, 20, 22, 25, 28, 29, 30, 31, 32, 33, 34, 35, 36, 37, 38, 39, 40, 41, 42, 43, 44, 45, 46, 47, 50, 51, 54, 55, 56, 57, 58, 59, 60, 61, 62, 63, 64, 65, 66, 67, 69, 90, 97, 102, 151, 171, 181, 185], "summary": {"covered_lines": 54, "num_statements": 54, "percent_covered": 100.0, "percent_covered_display": "100.00", "missing_lines": 0, "excluded_lines": 0, "percent_statements_covered": 100.0, "percent_statements_covered_display": "100.00"}, "missing_lines": [], "excluded_lines": [], "start_line": 1}}}, "packages/auth/middleware.py": {"executed_lines": [3, 5, 6, 8, 9, 12, 14, 17, 22, 28, 47, 61, 74, 77], "summary": {"covered_lines": 14, "num_statements": 33, "percent_covered": 42.42424242424242, "percent_covered_display": "42.42", "missing_lines": 19, "excluded_lines": 0, "percent_statements_covered": 42.42424242424242, "percent_statements_covered_display": "42.42"}, "missing_lines": [19, 25, 32, 33, 37, 38, 39, 40, 44, 50, 51, 52, 56, 58, 66, 67, 71, 78, 79], "excluded_lines": [], "functions": {"get_identity_provider": {"executed_lines": [], "summary": {"covered_lines": 0, "num_statements": 1, "percent_covered": 0.0, "percent_covered_display": "0.00", "missing_lines": 1, "excluded_lines": 0, "percent_statements_covered": 0.0, "percent_statements_covered_display": "0.00"}, "missing_lines": [19], "excluded_lines": [], "start_line": 17}, "set_identity_provider": {"executed_lines": [], "summary": {"covered_lines": 0, "num_statements": 1, "percent_covered": 0.0, "percent_covered_display": "0.00", "missing_lines": 1, "excluded_lines": 0, "percent_statements_covered": 0.0, "percent_statements_covered_display": "0.00"}, "missing_lines": [25], "excluded_lines": [], "start_line": 22}, "get_auth_context": {"executed_lines": [], "summary": {"covered_lines": 0, "num_statements": 7, "percent_covered": 0.0, "percent_covered_display": "0.00", "missing_lines": 7, "excluded_lines": 0, "percent_statements_covered": 0.0, "percent_statements_covered_display": "0.00"}, "missing_lines": [32, 33, 37, 38, 39, 40, 44], "excluded_lines": [], "start_line": 28}, "require_role": {"executed_lines": [], "summary": {"covered_lines": 0, "num_statements": 2, "percent_covered": 0.0, "percent_covered_display": "0.00", "missing_lines": 2, "excluded_lines": 0, "percent_statements_covered": 0.0, "percent_statements_covered_display": "0.00"}, "missing_lines": [50, 58], "excluded_lines": [], "start_line": 47}, "require_role._check": {"executed_lines": [], "summary": {"covered_lines": 0, "num_statements": 3, "percent_covered": 0.0, "percent_covered_display": "0.00", "missing_lines": 3, "excluded_lines": 0, "percent_statements_covered": 0.0, "percent_statements_covered_display": "0.00"}, "missing_lines": [51, 52, 56], "excluded_lines": [], "start_line": 50}, "require_classification_access": {"executed_lines": [], "summary": {"covered_lines": 0, "num_statements": 3, "percent_covered": 0.0, "percent_covered_display": "0.00", "missing_lines": 3, "excluded_lines": 0, "percent_statements_covered": 0.0, "percent_statements_covered_display": "0.00"}, "missing_lines": [66, 67, 71], "excluded_lines": [], "start_line": 61}, "AuthMiddleware.__init__": {"executed_lines": [], "summary": {"covered_lines": 0, "num_statements": 2, "percent_covered": 0.0, "percent_covered_display": "0.00", "missing_lines": 2, "excluded_lines": 0, "percent_statements_covered": 0.0, "percent_statements_covered_display": "0.00"}, "missing_lines": [78, 79], "excluded_lines": [], "start_line": 77}, "": {"executed_lines": [3, 5, 6, 8, 9, 12, 14, 17, 22, 28, 47, 61, 74, 77], "summary": {"covered_lines": 14, "num_statements": 14, "percent_covered": 100.0, "percent_covered_display": "100.00", "missing_lines": 0, "excluded_lines": 0, "percent_statements_covered": 100.0, "percent_statements_covered_display": "100.00"}, "missing_lines": [], "excluded_lines": [], "start_line": 1}}, "classes": {"AuthMiddleware": {"executed_lines": [], "summary": {"covered_lines": 0, "num_statements": 2, "percent_covered": 0.0, "percent_covered_display": "0.00", "missing_lines": 2, "excluded_lines": 0, "percent_statements_covered": 0.0, "percent_statements_covered_display": "0.00"}, "missing_lines": [78, 79], "excluded_lines": [], "start_line": 74}, "": {"executed_lines": [3, 5, 6, 8, 9, 12, 14, 17, 22, 28, 47, 61, 74, 77], "summary": {"covered_lines": 14, "num_statements": 31, "percent_covered": 45.16129032258065, "percent_covered_display": "45.16", "missing_lines": 17, "excluded_lines": 0, "percent_statements_covered": 45.16129032258065, "percent_statements_covered_display": "45.16"}, "missing_lines": [19, 25, 32, 33, 37, 38, 39, 40, 44, 50, 51, 52, 56, 58, 66, 67, 71], "excluded_lines": [], "start_line": 1}}}, "packages/auth/rate_limit.py": {"executed_lines": [9, 11, 12, 14, 16, 18, 26, 27, 30, 31, 32, 33, 35, 37, 38, 39, 40, 41, 42, 43, 45, 47, 48, 49, 50, 53, 60, 64, 65, 67, 73, 74, 76, 78, 79, 85, 86, 88, 89, 96, 98, 100, 101, 102, 103, 104, 108, 109, 111, 113, 114, 115], "summary": {"covered_lines": 52, "num_statements": 54, "percent_covered": 96.29629629629629, "percent_covered_display": "96.30", "missing_lines": 2, "excluded_lines": 0, "percent_statements_covered": 96.29629629629629, "percent_statements_covered_display": "96.30"}, "missing_lines": [75, 105], "excluded_lines": [], "functions": {"RateLimitBucket.is_allowed": {"executed_lines": [37, 38, 39, 40, 41, 42, 43], "summary": {"covered_lines": 7, "num_statements": 7, "percent_covered": 100.0, "percent_covered_display": "100.00", "missing_lines": 0, "excluded_lines": 0, "percent_statements_covered": 100.0, "percent_statements_covered_display": "100.00"}, "missing_lines": [], "excluded_lines": [], "start_line": 35}, "RateLimitBucket.remaining": {"executed_lines": [47, 48, 49, 50], "summary": {"covered_lines": 4, "num_statements": 4, "percent_covered": 100.0, "percent_covered_display": "100.00", "missing_lines": 0, "excluded_lines": 0, "percent_statements_covered": 100.0, "percent_statements_covered_display": "100.00"}, "missing_lines": [], "excluded_lines": [], "start_line": 45}, "RateLimiter.__init__": {"executed_lines": [64, 65], "summary": {"covered_lines": 2, "num_statements": 2, "percent_covered": 100.0, "percent_covered_display": "100.00", "missing_lines": 0, "excluded_lines": 0, "percent_statements_covered": 100.0, "percent_statements_covered_display": "100.00"}, "missing_lines": [], "excluded_lines": [], "start_line": 60}, "RateLimiter.is_allowed": {"executed_lines": [73, 74, 76, 78, 79, 85, 86, 88, 89, 96], "summary": {"covered_lines": 10, "num_statements": 11, "percent_covered": 90.9090909090909, "percent_covered_display": "90.91", "missing_lines": 1, "excluded_lines": 0, "percent_statements_covered": 90.9090909090909, "percent_statements_covered_display": "90.91"}, "missing_lines": [75], "excluded_lines": [], "start_line": 67}, "RateLimiter.remaining": {"executed_lines": [100, 101, 102, 103, 104, 108, 109], "summary": {"covered_lines": 7, "num_statements": 8, "percent_covered": 87.5, "percent_covered_display": "87.50", "missing_lines": 1, "excluded_lines": 0, "percent_statements_covered": 87.5, "percent_statements_covered_display": "87.50"}, "missing_lines": [105], "excluded_lines": [], "start_line": 98}, "RateLimiter.reset": {"executed_lines": [113, 114, 115], "summary": {"covered_lines": 3, "num_statements": 3, "percent_covered": 100.0, "percent_covered_display": "100.00", "missing_lines": 0, "excluded_lines": 0, "percent_statements_covered": 100.0, "percent_statements_covered_display": "100.00"}, "missing_lines": [], "excluded_lines": [], "start_line": 111}, "": {"executed_lines": [9, 11, 12, 14, 16, 18, 26, 27, 30, 31, 32, 33, 35, 45, 53, 60, 67, 98, 111], "summary": {"covered_lines": 19, "num_statements": 19, "percent_covered": 100.0, "percent_covered_display": "100.00", "missing_lines": 0, "excluded_lines": 0, "percent_statements_covered": 100.0, "percent_statements_covered_display": "100.00"}, "missing_lines": [], "excluded_lines": [], "start_line": 1}}, "classes": {"RateLimitBucket": {"executed_lines": [37, 38, 39, 40, 41, 42, 43, 47, 48, 49, 50], "summary": {"covered_lines": 11, "num_statements": 11, "percent_covered": 100.0, "percent_covered_display": "100.00", "missing_lines": 0, "excluded_lines": 0, "percent_statements_covered": 100.0, "percent_statements_covered_display": "100.00"}, "missing_lines": [], "excluded_lines": [], "start_line": 27}, "RateLimiter": {"executed_lines": [64, 65, 73, 74, 76, 78, 79, 85, 86, 88, 89, 96, 100, 101, 102, 103, 104, 108, 109, 113, 114, 115], "summary": {"covered_lines": 22, "num_statements": 24, "percent_covered": 91.66666666666667, "percent_covered_display": "91.67", "missing_lines": 2, "excluded_lines": 0, "percent_statements_covered": 91.66666666666667, "percent_statements_covered_display": "91.67"}, "missing_lines": [75, 105], "excluded_lines": [], "start_line": 53}, "": {"executed_lines": [9, 11, 12, 14, 16, 18, 26, 27, 30, 31, 32, 33, 35, 45, 53, 60, 67, 98, 111], "summary": {"covered_lines": 19, "num_statements": 19, "percent_covered": 100.0, "percent_covered_display": "100.00", "missing_lines": 0, "excluded_lines": 0, "percent_statements_covered": 100.0, "percent_statements_covered_display": "100.00"}, "missing_lines": [], "excluded_lines": [], "start_line": 1}}}, "packages/auth/rbac.py": {"executed_lines": [12, 14, 15, 16, 17, 19, 22, 26, 27, 28, 29, 31, 32, 33, 35, 36, 37, 39, 40, 42, 43, 45, 46, 48, 49, 51, 52, 53, 56, 59, 60, 63, 64, 67, 68, 69, 70, 71, 72, 73, 74, 75, 76, 77, 78, 81, 82, 85, 86, 87, 88, 92, 137, 153, 154, 156, 159, 160, 161, 168, 169, 176, 177, 184, 185, 192, 198, 200, 207, 213, 214, 215, 217, 220, 224, 227, 231, 232, 235, 236, 239, 240, 242, 244, 247, 248, 251, 255, 257], "summary": {"covered_lines": 89, "num_statements": 92, "percent_covered": 96.73913043478261, "percent_covered_display": "96.74", "missing_lines": 3, "excluded_lines": 0, "percent_statements_covered": 96.73913043478261, "percent_statements_covered_display": "96.74"}, "missing_lines": [228, 252, 259], "excluded_lines": [], "functions": {"AuthorizationEngine.__init__": {"executed_lines": [154], "summary": {"covered_lines": 1, "num_statements": 1, "percent_covered": 100.0, "percent_covered_display": "100.00", "missing_lines": 0, "excluded_lines": 0, "percent_statements_covered": 100.0, "percent_statements_covered_display": "100.00"}, "missing_lines": [], "excluded_lines": [], "start_line": 153}, "AuthorizationEngine.evaluate": {"executed_lines": [159, 160, 161, 168, 169, 176, 177, 184, 185, 192], "summary": {"covered_lines": 10, "num_statements": 10, "percent_covered": 100.0, "percent_covered_display": "100.00", "missing_lines": 0, "excluded_lines": 0, "percent_statements_covered": 100.0, "percent_statements_covered_display": "100.00"}, "missing_lines": [], "excluded_lines": [], "start_line": 156}, "AuthorizationEngine._check_classification": {"executed_lines": [200, 207, 213, 214, 215], "summary": {"covered_lines": 5, "num_statements": 5, "percent_covered": 100.0, "percent_covered_display": "100.00", "missing_lines": 0, "excluded_lines": 0, "percent_statements_covered": 100.0, "percent_statements_covered_display": "100.00"}, "missing_lines": [], "excluded_lines": [], "start_line": 198}, "AuthorizationEngine._check_jurisdiction": {"executed_lines": [220, 224, 227, 231, 232, 235, 236, 239, 240, 242], "summary": {"covered_lines": 10, "num_statements": 11, "percent_covered": 90.9090909090909, "percent_covered_display": "90.91", "missing_lines": 1, "excluded_lines": 0, "percent_statements_covered": 90.9090909090909, "percent_statements_covered_display": "90.91"}, "missing_lines": [228], "excluded_lines": [], "start_line": 217}, "AuthorizationEngine._check_organization": {"executed_lines": [247, 248, 251, 255], "summary": {"covered_lines": 4, "num_statements": 5, "percent_covered": 80.0, "percent_covered_display": "80.00", "missing_lines": 1, "excluded_lines": 0, "percent_statements_covered": 80.0, "percent_statements_covered_display": "80.00"}, "missing_lines": [252], "excluded_lines": [], "start_line": 244}, "AuthorizationEngine.add_policy": {"executed_lines": [], "summary": {"covered_lines": 0, "num_statements": 1, "percent_covered": 0.0, "percent_covered_display": "0.00", "missing_lines": 1, "excluded_lines": 0, "percent_statements_covered": 0.0, "percent_statements_covered_display": "0.00"}, "missing_lines": [259], "excluded_lines": [], "start_line": 257}, "": {"executed_lines": [12, 14, 15, 16, 17, 19, 22, 26, 27, 28, 29, 31, 32, 33, 35, 36, 37, 39, 40, 42, 43, 45, 46, 48, 49, 51, 52, 53, 56, 59, 60, 63, 64, 67, 68, 69, 70, 71, 72, 73, 74, 75, 76, 77, 78, 81, 82, 85, 86, 87, 88, 92, 137, 153, 156, 198, 217, 244, 257], "summary": {"covered_lines": 59, "num_statements": 59, "percent_covered": 100.0, "percent_covered_display": "100.00", "missing_lines": 0, "excluded_lines": 0, "percent_statements_covered": 100.0, "percent_statements_covered_display": "100.00"}, "missing_lines": [], "excluded_lines": [], "start_line": 1}}, "classes": {"Permission": {"executed_lines": [], "summary": {"covered_lines": 0, "num_statements": 0, "percent_covered": 100.0, "percent_covered_display": "100.00", "missing_lines": 0, "excluded_lines": 0, "percent_statements_covered": 100.0, "percent_statements_covered_display": "100.00"}, "missing_lines": [], "excluded_lines": [], "start_line": 22}, "Decision": {"executed_lines": [], "summary": {"covered_lines": 0, "num_statements": 0, "percent_covered": 100.0, "percent_covered_display": "100.00", "missing_lines": 0, "excluded_lines": 0, "percent_statements_covered": 100.0, "percent_statements_covered_display": "100.00"}, "missing_lines": [], "excluded_lines": [], "start_line": 56}, "AccessRequest": {"executed_lines": [], "summary": {"covered_lines": 0, "num_statements": 0, "percent_covered": 100.0, "percent_covered_display": "100.00", "missing_lines": 0, "excluded_lines": 0, "percent_statements_covered": 100.0, "percent_statements_covered_display": "100.00"}, "missing_lines": [], "excluded_lines": [], "start_line": 64}, "AccessDecision": {"executed_lines": [], "summary": {"covered_lines": 0, "num_statements": 0, "percent_covered": 100.0, "percent_covered_display": "100.00", "missing_lines": 0, "excluded_lines": 0, "percent_statements_covered": 100.0, "percent_statements_covered_display": "100.00"}, "missing_lines": [], "excluded_lines": [], "start_line": 82}, "AuthorizationEngine": {"executed_lines": [154, 159, 160, 161, 168, 169, 176, 177, 184, 185, 192, 200, 207, 213, 214, 215, 220, 224, 227, 231, 232, 235, 236, 239, 240, 242, 247, 248, 251, 255], "summary": {"covered_lines": 30, "num_statements": 33, "percent_covered": 90.9090909090909, "percent_covered_display": "90.91", "missing_lines": 3, "excluded_lines": 0, "percent_statements_covered": 90.9090909090909, "percent_statements_covered_display": "90.91"}, "missing_lines": [228, 252, 259], "excluded_lines": [], "start_line": 137}, "": {"executed_lines": [12, 14, 15, 16, 17, 19, 22, 26, 27, 28, 29, 31, 32, 33, 35, 36, 37, 39, 40, 42, 43, 45, 46, 48, 49, 51, 52, 53, 56, 59, 60, 63, 64, 67, 68, 69, 70, 71, 72, 73, 74, 75, 76, 77, 78, 81, 82, 85, 86, 87, 88, 92, 137, 153, 156, 198, 217, 244, 257], "summary": {"covered_lines": 59, "num_statements": 59, "percent_covered": 100.0, "percent_covered_display": "100.00", "missing_lines": 0, "excluded_lines": 0, "percent_statements_covered": 100.0, "percent_statements_covered_display": "100.00"}, "missing_lines": [], "excluded_lines": [], "start_line": 1}}}, "packages/auth/validation.py": {"executed_lines": [11, 13, 14, 15, 17, 19, 22, 23, 24, 25, 26, 27, 30, 38, 42, 50, 51, 52, 55, 58, 59, 60, 61, 62, 65, 68, 71, 72, 73, 76, 80, 83, 84, 87, 88, 89, 90, 93, 94, 95, 96, 99, 101, 104, 106, 109, 110, 113, 114, 117, 118, 121, 123, 126, 130, 131, 134, 135, 138, 141, 143, 146, 150, 151, 154, 155, 156, 159, 160, 163, 166, 168, 171, 175, 179, 181, 184, 190, 191, 192, 193, 194, 195, 199, 202, 207, 208], "summary": {"covered_lines": 87, "num_statements": 97, "percent_covered": 89.69072164948453, "percent_covered_display": "89.69", "missing_lines": 10, "excluded_lines": 0, "percent_statements_covered": 89.69072164948453, "percent_statements_covered_display": "89.69"}, "missing_lines": [81, 107, 124, 127, 136, 144, 147, 161, 169, 172], "excluded_lines": [], "functions": {"ValidationError.__init__": {"executed_lines": [59, 60, 61, 62], "summary": {"covered_lines": 4, "num_statements": 4, "percent_covered": 100.0, "percent_covered_display": "100.00", "missing_lines": 0, "excluded_lines": 0, "percent_statements_covered": 100.0, "percent_statements_covered_display": "100.00"}, "missing_lines": [], "excluded_lines": [], "start_line": 58}, "ValidationResult.__init__": {"executed_lines": [71, 72, 73], "summary": {"covered_lines": 3, "num_statements": 3, "percent_covered": 100.0, "percent_covered_display": "100.00", "missing_lines": 0, "excluded_lines": 0, "percent_statements_covered": 100.0, "percent_statements_covered_display": "100.00"}, "missing_lines": [], "excluded_lines": [], "start_line": 68}, "validate_string": {"executed_lines": [80, 83, 84, 87, 88, 89, 90, 93, 94, 95, 96, 99, 101], "summary": {"covered_lines": 13, "num_statements": 14, "percent_covered": 92.85714285714286, "percent_covered_display": "92.86", "missing_lines": 1, "excluded_lines": 0, "percent_statements_covered": 92.85714285714286, "percent_statements_covered_display": "92.86"}, "missing_lines": [81], "excluded_lines": [], "start_line": 76}, "validate_phone": {"executed_lines": [106, 109, 110, 113, 114, 117, 118], "summary": {"covered_lines": 7, "num_statements": 8, "percent_covered": 87.5, "percent_covered_display": "87.50", "missing_lines": 1, "excluded_lines": 0, "percent_statements_covered": 87.5, "percent_statements_covered_display": "87.50"}, "missing_lines": [107], "excluded_lines": [], "start_line": 104}, "validate_email": {"executed_lines": [123, 126, 130, 131, 134, 135, 138], "summary": {"covered_lines": 7, "num_statements": 10, "percent_covered": 70.0, "percent_covered_display": "70.00", "missing_lines": 3, "excluded_lines": 0, "percent_statements_covered": 70.0, "percent_statements_covered_display": "70.00"}, "missing_lines": [124, 127, 136], "excluded_lines": [], "start_line": 121}, "validate_url": {"executed_lines": [143, 146, 150, 151, 154, 155, 156, 159, 160, 163], "summary": {"covered_lines": 10, "num_statements": 13, "percent_covered": 76.92307692307692, "percent_covered_display": "76.92", "missing_lines": 3, "excluded_lines": 0, "percent_statements_covered": 76.92307692307692, "percent_statements_covered_display": "76.92"}, "missing_lines": [144, 147, 161], "excluded_lines": [], "start_line": 141}, "validate_domain": {"executed_lines": [168, 171, 175, 179, 181], "summary": {"covered_lines": 5, "num_statements": 7, "percent_covered": 71.42857142857143, "percent_covered_display": "71.43", "missing_lines": 2, "excluded_lines": 0, "percent_statements_covered": 71.42857142857143, "percent_statements_covered_display": "71.43"}, "missing_lines": [169, 172], "excluded_lines": [], "start_line": 166}, "detect_prompt_injection": {"executed_lines": [190, 191, 192, 193, 194, 195, 199], "summary": {"covered_lines": 7, "num_statements": 7, "percent_covered": 100.0, "percent_covered_display": "100.00", "missing_lines": 0, "excluded_lines": 0, "percent_statements_covered": 100.0, "percent_statements_covered_display": "100.00"}, "missing_lines": [], "excluded_lines": [], "start_line": 184}, "sanitize_for_ai": {"executed_lines": [207, 208], "summary": {"covered_lines": 2, "num_statements": 2, "percent_covered": 100.0, "percent_covered_display": "100.00", "missing_lines": 0, "excluded_lines": 0, "percent_statements_covered": 100.0, "percent_statements_covered_display": "100.00"}, "missing_lines": [], "excluded_lines": [], "start_line": 202}, "": {"executed_lines": [11, 13, 14, 15, 17, 19, 22, 23, 24, 25, 26, 27, 30, 38, 42, 50, 51, 52, 55, 58, 65, 68, 76, 104, 121, 141, 166, 184, 202], "summary": {"covered_lines": 29, "num_statements": 29, "percent_covered": 100.0, "percent_covered_display": "100.00", "missing_lines": 0, "excluded_lines": 0, "percent_statements_covered": 100.0, "percent_statements_covered_display": "100.00"}, "missing_lines": [], "excluded_lines": [], "start_line": 1}}, "classes": {"ValidationError": {"executed_lines": [59, 60, 61, 62], "summary": {"covered_lines": 4, "num_statements": 4, "percent_covered": 100.0, "percent_covered_display": "100.00", "missing_lines": 0, "excluded_lines": 0, "percent_statements_covered": 100.0, "percent_statements_covered_display": "100.00"}, "missing_lines": [], "excluded_lines": [], "start_line": 55}, "ValidationResult": {"executed_lines": [71, 72, 73], "summary": {"covered_lines": 3, "num_statements": 3, "percent_covered": 100.0, "percent_covered_display": "100.00", "missing_lines": 0, "excluded_lines": 0, "percent_statements_covered": 100.0, "percent_statements_covered_display": "100.00"}, "missing_lines": [], "excluded_lines": [], "start_line": 65}, "": {"executed_lines": [11, 13, 14, 15, 17, 19, 22, 23, 24, 25, 26, 27, 30, 38, 42, 50, 51, 52, 55, 58, 65, 68, 76, 80, 83, 84, 87, 88, 89, 90, 93, 94, 95, 96, 99, 101, 104, 106, 109, 110, 113, 114, 117, 118, 121, 123, 126, 130, 131, 134, 135, 138, 141, 143, 146, 150, 151, 154, 155, 156, 159, 160, 163, 166, 168, 171, 175, 179, 181, 184, 190, 191, 192, 193, 194, 195, 199, 202, 207, 208], "summary": {"covered_lines": 80, "num_statements": 90, "percent_covered": 88.88888888888889, "percent_covered_display": "88.89", "missing_lines": 10, "excluded_lines": 0, "percent_statements_covered": 88.88888888888889, "percent_statements_covered_display": "88.89"}, "missing_lines": [81, 107, 124, 127, 136, 144, 147, 161, 169, 172], "excluded_lines": [], "start_line": 1}}}, "packages/common/__init__.py": {"executed_lines": [3, 4, 5, 6, 7, 8, 9, 10, 11, 13], "summary": {"covered_lines": 10, "num_statements": 10, "percent_covered": 100.0, "percent_covered_display": "100.00", "missing_lines": 0, "excluded_lines": 0, "percent_statements_covered": 100.0, "percent_statements_covered_display": "100.00"}, "missing_lines": [], "excluded_lines": [], "functions": {"": {"executed_lines": [3, 4, 5, 6, 7, 8, 9, 10, 11, 13], "summary": {"covered_lines": 10, "num_statements": 10, "percent_covered": 100.0, "percent_covered_display": "100.00", "missing_lines": 0, "excluded_lines": 0, "percent_statements_covered": 100.0, "percent_statements_covered_display": "100.00"}, "missing_lines": [], "excluded_lines": [], "start_line": 1}}, "classes": {"": {"executed_lines": [3, 4, 5, 6, 7, 8, 9, 10, 11, 13], "summary": {"covered_lines": 10, "num_statements": 10, "percent_covered": 100.0, "percent_covered_display": "100.00", "missing_lines": 0, "excluded_lines": 0, "percent_statements_covered": 100.0, "percent_statements_covered_display": "100.00"}, "missing_lines": [], "excluded_lines": [], "start_line": 1}}}, "packages/common/cache.py": {"executed_lines": [6, 8, 9, 10, 13, 20, 21, 25, 26, 30, 31, 35, 36, 40, 41, 46, 55, 56, 58, 59, 60, 61, 62, 63, 64, 65, 66, 68, 69, 70, 71, 72, 74, 75, 76, 77, 78, 80, 81, 82, 83, 84, 85, 88, 90, 91], "summary": {"covered_lines": 46, "num_statements": 48, "percent_covered": 95.83333333333333, "percent_covered_display": "95.83", "missing_lines": 2, "excluded_lines": 11, "percent_statements_covered": 95.83333333333333, "percent_statements_covered_display": "95.83"}, "missing_lines": [86, 87], "excluded_lines": [23, 24, 28, 29, 33, 34, 38, 39, 43, 44, 45], "functions": {"CacheService.get": {"executed_lines": [], "summary": {"covered_lines": 0, "num_statements": 0, "percent_covered": 100.0, "percent_covered_display": "100.00", "missing_lines": 0, "excluded_lines": 1, "percent_statements_covered": 100.0, "percent_statements_covered_display": "100.00"}, "missing_lines": [], "excluded_lines": [23], "start_line": 21}, "CacheService.set": {"executed_lines": [], "summary": {"covered_lines": 0, "num_statements": 0, "percent_covered": 100.0, "percent_covered_display": "100.00", "missing_lines": 0, "excluded_lines": 1, "percent_statements_covered": 100.0, "percent_statements_covered_display": "100.00"}, "missing_lines": [], "excluded_lines": [28], "start_line": 26}, "CacheService.delete": {"executed_lines": [], "summary": {"covered_lines": 0, "num_statements": 0, "percent_covered": 100.0, "percent_covered_display": "100.00", "missing_lines": 0, "excluded_lines": 1, "percent_statements_covered": 100.0, "percent_statements_covered_display": "100.00"}, "missing_lines": [], "excluded_lines": [33], "start_line": 31}, "CacheService.exists": {"executed_lines": [], "summary": {"covered_lines": 0, "num_statements": 0, "percent_covered": 100.0, "percent_covered_display": "100.00", "missing_lines": 0, "excluded_lines": 1, "percent_statements_covered": 100.0, "percent_statements_covered_display": "100.00"}, "missing_lines": [], "excluded_lines": [38], "start_line": 36}, "CacheService.clear": {"executed_lines": [], "summary": {"covered_lines": 0, "num_statements": 0, "percent_covered": 100.0, "percent_covered_display": "100.00", "missing_lines": 0, "excluded_lines": 1, "percent_statements_covered": 100.0, "percent_statements_covered_display": "100.00"}, "missing_lines": [], "excluded_lines": [43], "start_line": 41}, "MemoryCache.__init__": {"executed_lines": [56], "summary": {"covered_lines": 1, "num_statements": 1, "percent_covered": 100.0, "percent_covered_display": "100.00", "missing_lines": 0, "excluded_lines": 0, "percent_statements_covered": 100.0, "percent_statements_covered_display": "100.00"}, "missing_lines": [], "excluded_lines": [], "start_line": 55}, "MemoryCache.get": {"executed_lines": [59, 60, 61, 62, 63, 64, 65, 66], "summary": {"covered_lines": 8, "num_statements": 8, "percent_covered": 100.0, "percent_covered_display": "100.00", "missing_lines": 0, "excluded_lines": 0, "percent_statements_covered": 100.0, "percent_statements_covered_display": "100.00"}, "missing_lines": [], "excluded_lines": [], "start_line": 58}, "MemoryCache.set": {"executed_lines": [69, 70, 71, 72], "summary": {"covered_lines": 4, "num_statements": 4, "percent_covered": 100.0, "percent_covered_display": "100.00", "missing_lines": 0, "excluded_lines": 0, "percent_statements_covered": 100.0, "percent_statements_covered_display": "100.00"}, "missing_lines": [], "excluded_lines": [], "start_line": 68}, "MemoryCache.delete": {"executed_lines": [75, 76, 77, 78], "summary": {"covered_lines": 4, "num_statements": 4, "percent_covered": 100.0, "percent_covered_display": "100.00", "missing_lines": 0, "excluded_lines": 0, "percent_statements_covered": 100.0, "percent_statements_covered_display": "100.00"}, "missing_lines": [], "excluded_lines": [], "start_line": 74}, "MemoryCache.exists": {"executed_lines": [81, 82, 83, 84, 85, 88], "summary": {"covered_lines": 6, "num_statements": 8, "percent_covered": 75.0, "percent_covered_display": "75.00", "missing_lines": 2, "excluded_lines": 0, "percent_statements_covered": 75.0, "percent_statements_covered_display": "75.00"}, "missing_lines": [86, 87], "excluded_lines": [], "start_line": 80}, "MemoryCache.clear": {"executed_lines": [91], "summary": {"covered_lines": 1, "num_statements": 1, "percent_covered": 100.0, "percent_covered_display": "100.00", "missing_lines": 0, "excluded_lines": 0, "percent_statements_covered": 100.0, "percent_statements_covered_display": "100.00"}, "missing_lines": [], "excluded_lines": [], "start_line": 90}, "": {"executed_lines": [6, 8, 9, 10, 13, 20, 21, 25, 26, 30, 31, 35, 36, 40, 41, 46, 55, 58, 68, 74, 80, 90], "summary": {"covered_lines": 22, "num_statements": 22, "percent_covered": 100.0, "percent_covered_display": "100.00", "missing_lines": 0, "excluded_lines": 6, "percent_statements_covered": 100.0, "percent_statements_covered_display": "100.00"}, "missing_lines": [], "excluded_lines": [24, 29, 34, 39, 44, 45], "start_line": 1}}, "classes": {"CacheService": {"executed_lines": [], "summary": {"covered_lines": 0, "num_statements": 0, "percent_covered": 100.0, "percent_covered_display": "100.00", "missing_lines": 0, "excluded_lines": 5, "percent_statements_covered": 100.0, "percent_statements_covered_display": "100.00"}, "missing_lines": [], "excluded_lines": [23, 28, 33, 38, 43], "start_line": 13}, "MemoryCache": {"executed_lines": [56, 59, 60, 61, 62, 63, 64, 65, 66, 69, 70, 71, 72, 75, 76, 77, 78, 81, 82, 83, 84, 85, 88, 91], "summary": {"covered_lines": 24, "num_statements": 26, "percent_covered": 92.3076923076923, "percent_covered_display": "92.31", "missing_lines": 2, "excluded_lines": 0, "percent_statements_covered": 92.3076923076923, "percent_statements_covered_display": "92.31"}, "missing_lines": [86, 87], "excluded_lines": [], "start_line": 46}, "": {"executed_lines": [6, 8, 9, 10, 13, 20, 21, 25, 26, 30, 31, 35, 36, 40, 41, 46, 55, 58, 68, 74, 80, 90], "summary": {"covered_lines": 22, "num_statements": 22, "percent_covered": 100.0, "percent_covered_display": "100.00", "missing_lines": 0, "excluded_lines": 6, "percent_statements_covered": 100.0, "percent_statements_covered_display": "100.00"}, "missing_lines": [], "excluded_lines": [24, 29, 34, 39, 44, 45], "start_line": 1}}}, "packages/common/database.py": {"executed_lines": [9, 11, 12, 14, 16, 19, 26, 27, 31, 32, 36, 37, 41, 42, 46, 47, 56, 57, 61, 62, 67, 74, 75, 76, 78, 79, 80, 81, 83, 84, 86, 87, 88, 89, 90, 91, 92, 94, 95, 96, 97, 98, 99, 101, 107, 108, 109, 112, 114, 115, 116, 117, 118, 120, 121, 122], "summary": {"covered_lines": 56, "num_statements": 57, "percent_covered": 98.24561403508773, "percent_covered_display": "98.25", "missing_lines": 1, "excluded_lines": 15, "percent_statements_covered": 98.24561403508773, "percent_statements_covered_display": "98.25"}, "missing_lines": [123], "excluded_lines": [29, 30, 34, 35, 39, 40, 44, 45, 54, 55, 59, 60, 64, 65, 66], "functions": {"EntityRepository.create": {"executed_lines": [], "summary": {"covered_lines": 0, "num_statements": 0, "percent_covered": 100.0, "percent_covered_display": "100.00", "missing_lines": 0, "excluded_lines": 1, "percent_statements_covered": 100.0, "percent_statements_covered_display": "100.00"}, "missing_lines": [], "excluded_lines": [29], "start_line": 27}, "EntityRepository.get": {"executed_lines": [], "summary": {"covered_lines": 0, "num_statements": 0, "percent_covered": 100.0, "percent_covered_display": "100.00", "missing_lines": 0, "excluded_lines": 1, "percent_statements_covered": 100.0, "percent_statements_covered_display": "100.00"}, "missing_lines": [], "excluded_lines": [34], "start_line": 32}, "EntityRepository.update": {"executed_lines": [], "summary": {"covered_lines": 0, "num_statements": 0, "percent_covered": 100.0, "percent_covered_display": "100.00", "missing_lines": 0, "excluded_lines": 1, "percent_statements_covered": 100.0, "percent_statements_covered_display": "100.00"}, "missing_lines": [], "excluded_lines": [39], "start_line": 37}, "EntityRepository.delete": {"executed_lines": [], "summary": {"covered_lines": 0, "num_statements": 0, "percent_covered": 100.0, "percent_covered_display": "100.00", "missing_lines": 0, "excluded_lines": 1, "percent_statements_covered": 100.0, "percent_statements_covered_display": "100.00"}, "missing_lines": [], "excluded_lines": [44], "start_line": 42}, "EntityRepository.list": {"executed_lines": [], "summary": {"covered_lines": 0, "num_statements": 0, "percent_covered": 100.0, "percent_covered_display": "100.00", "missing_lines": 0, "excluded_lines": 1, "percent_statements_covered": 100.0, "percent_statements_covered_display": "100.00"}, "missing_lines": [], "excluded_lines": [54], "start_line": 47}, "EntityRepository.find_by_normalized_value": {"executed_lines": [], "summary": {"covered_lines": 0, "num_statements": 0, "percent_covered": 100.0, "percent_covered_display": "100.00", "missing_lines": 0, "excluded_lines": 1, "percent_statements_covered": 100.0, "percent_statements_covered_display": "100.00"}, "missing_lines": [], "excluded_lines": [59], "start_line": 57}, "EntityRepository.count": {"executed_lines": [], "summary": {"covered_lines": 0, "num_statements": 0, "percent_covered": 100.0, "percent_covered_display": "100.00", "missing_lines": 0, "excluded_lines": 1, "percent_statements_covered": 100.0, "percent_statements_covered_display": "100.00"}, "missing_lines": [], "excluded_lines": [64], "start_line": 62}, "InMemoryEntityRepository.__init__": {"executed_lines": [75, 76], "summary": {"covered_lines": 2, "num_statements": 2, "percent_covered": 100.0, "percent_covered_display": "100.00", "missing_lines": 0, "excluded_lines": 0, "percent_statements_covered": 100.0, "percent_statements_covered_display": "100.00"}, "missing_lines": [], "excluded_lines": [], "start_line": 74}, "InMemoryEntityRepository.create": {"executed_lines": [79, 80, 81], "summary": {"covered_lines": 3, "num_statements": 3, "percent_covered": 100.0, "percent_covered_display": "100.00", "missing_lines": 0, "excluded_lines": 0, "percent_statements_covered": 100.0, "percent_statements_covered_display": "100.00"}, "missing_lines": [], "excluded_lines": [], "start_line": 78}, "InMemoryEntityRepository.get": {"executed_lines": [84], "summary": {"covered_lines": 1, "num_statements": 1, "percent_covered": 100.0, "percent_covered_display": "100.00", "missing_lines": 0, "excluded_lines": 0, "percent_statements_covered": 100.0, "percent_statements_covered_display": "100.00"}, "missing_lines": [], "excluded_lines": [], "start_line": 83}, "InMemoryEntityRepository.update": {"executed_lines": [87, 88, 89, 90, 91, 92], "summary": {"covered_lines": 6, "num_statements": 6, "percent_covered": 100.0, "percent_covered_display": "100.00", "missing_lines": 0, "excluded_lines": 0, "percent_statements_covered": 100.0, "percent_statements_covered_display": "100.00"}, "missing_lines": [], "excluded_lines": [], "start_line": 86}, "InMemoryEntityRepository.delete": {"executed_lines": [95, 96, 97, 98, 99], "summary": {"covered_lines": 5, "num_statements": 5, "percent_covered": 100.0, "percent_covered_display": "100.00", "missing_lines": 0, "excluded_lines": 0, "percent_statements_covered": 100.0, "percent_statements_covered_display": "100.00"}, "missing_lines": [], "excluded_lines": [], "start_line": 94}, "InMemoryEntityRepository.list": {"executed_lines": [107, 108, 109, 112], "summary": {"covered_lines": 4, "num_statements": 4, "percent_covered": 100.0, "percent_covered_display": "100.00", "missing_lines": 0, "excluded_lines": 0, "percent_statements_covered": 100.0, "percent_statements_covered_display": "100.00"}, "missing_lines": [], "excluded_lines": [], "start_line": 101}, "InMemoryEntityRepository.find_by_normalized_value": {"executed_lines": [115, 116, 117, 118], "summary": {"covered_lines": 4, "num_statements": 4, "percent_covered": 100.0, "percent_covered_display": "100.00", "missing_lines": 0, "excluded_lines": 0, "percent_statements_covered": 100.0, "percent_statements_covered_display": "100.00"}, "missing_lines": [], "excluded_lines": [], "start_line": 114}, "InMemoryEntityRepository.count": {"executed_lines": [121, 122], "summary": {"covered_lines": 2, "num_statements": 3, "percent_covered": 66.66666666666667, "percent_covered_display": "66.67", "missing_lines": 1, "excluded_lines": 0, "percent_statements_covered": 66.66666666666667, "percent_statements_covered_display": "66.67"}, "missing_lines": [123], "excluded_lines": [], "start_line": 120}, "": {"executed_lines": [9, 11, 12, 14, 16, 19, 26, 27, 31, 32, 36, 37, 41, 42, 46, 47, 56, 57, 61, 62, 67, 74, 78, 83, 86, 94, 101, 114, 120], "summary": {"covered_lines": 29, "num_statements": 29, "percent_covered": 100.0, "percent_covered_display": "100.00", "missing_lines": 0, "excluded_lines": 8, "percent_statements_covered": 100.0, "percent_statements_covered_display": "100.00"}, "missing_lines": [], "excluded_lines": [30, 35, 40, 45, 55, 60, 65, 66], "start_line": 1}}, "classes": {"EntityRepository": {"executed_lines": [], "summary": {"covered_lines": 0, "num_statements": 0, "percent_covered": 100.0, "percent_covered_display": "100.00", "missing_lines": 0, "excluded_lines": 7, "percent_statements_covered": 100.0, "percent_statements_covered_display": "100.00"}, "missing_lines": [], "excluded_lines": [29, 34, 39, 44, 54, 59, 64], "start_line": 19}, "InMemoryEntityRepository": {"executed_lines": [75, 76, 79, 80, 81, 84, 87, 88, 89, 90, 91, 92, 95, 96, 97, 98, 99, 107, 108, 109, 112, 115, 116, 117, 118, 121, 122], "summary": {"covered_lines": 27, "num_statements": 28, "percent_covered": 96.42857142857143, "percent_covered_display": "96.43", "missing_lines": 1, "excluded_lines": 0, "percent_statements_covered": 96.42857142857143, "percent_statements_covered_display": "96.43"}, "missing_lines": [123], "excluded_lines": [], "start_line": 67}, "": {"executed_lines": [9, 11, 12, 14, 16, 19, 26, 27, 31, 32, 36, 37, 41, 42, 46, 47, 56, 57, 61, 62, 67, 74, 78, 83, 86, 94, 101, 114, 120], "summary": {"covered_lines": 29, "num_statements": 29, "percent_covered": 100.0, "percent_covered_display": "100.00", "missing_lines": 0, "excluded_lines": 8, "percent_statements_covered": 100.0, "percent_statements_covered_display": "100.00"}, "missing_lines": [], "excluded_lines": [30, 35, 40, 45, 55, 60, 65, 66], "start_line": 1}}}, "packages/common/event_bus.py": {"executed_lines": [22, 24, 25, 26, 27, 28, 29, 30, 31, 32, 34, 36, 43, 49, 50, 51, 52, 53, 54, 55, 56, 59, 189, 191, 192, 193, 196, 198, 206, 209, 210, 211, 212, 215, 230, 231, 232, 233, 234, 235, 236, 237, 238, 240, 242, 244, 262, 265, 266, 267, 268, 272, 275, 279, 287, 288, 289, 290, 294, 295, 296, 297, 298, 299, 300, 301, 302, 303, 306, 311, 313, 315, 316, 317, 318, 320, 328, 331, 332, 333, 334, 335, 336, 337, 338, 339, 341, 349, 352, 353, 354, 355, 357, 359, 360, 368, 371, 378, 379, 383, 384, 388, 389, 393, 394, 398, 399, 403, 404, 414, 429, 432, 433, 434, 435, 436, 437, 440, 448, 456, 457, 458, 459, 462, 463, 466, 467, 468, 471, 472, 474, 480, 481, 482, 484, 485, 486, 487, 488, 490, 491, 492, 493, 494, 495, 497, 498, 501, 502, 512, 513, 515, 517, 519, 520, 521, 522, 523, 525, 527, 528, 529, 530, 531, 533, 535, 536, 537, 539, 545, 546, 547, 548, 549, 551, 552, 555, 556, 557, 558, 559, 560, 561, 566, 568, 569, 570, 571, 573, 575, 577, 579, 581, 589, 596, 597, 598, 600, 613, 621, 622, 630, 637, 638, 639, 641, 643, 644, 645, 647, 649, 650, 652, 654, 656, 657, 665, 672, 673, 674, 675, 681], "summary": {"covered_lines": 222, "num_statements": 226, "percent_covered": 98.23008849557522, "percent_covered_display": "98.23", "missing_lines": 4, "excluded_lines": 14, "percent_statements_covered": 98.23008849557522, "percent_statements_covered_display": "98.23"}, "missing_lines": [562, 563, 564, 651], "excluded_lines": [381, 382, 386, 387, 391, 392, 396, 397, 401, 402, 406, 407, 408, 409], "functions": {"get_topic_definition": {"executed_lines": [191, 192, 193], "summary": {"covered_lines": 3, "num_statements": 3, "percent_covered": 100.0, "percent_covered_display": "100.00", "missing_lines": 0, "excluded_lines": 0, "percent_statements_covered": 100.0, "percent_statements_covered_display": "100.00"}, "missing_lines": [], "excluded_lines": [], "start_line": 189}, "list_topics": {"executed_lines": [198], "summary": {"covered_lines": 1, "num_statements": 1, "percent_covered": 100.0, "percent_covered_display": "100.00", "missing_lines": 0, "excluded_lines": 0, "percent_statements_covered": 100.0, "percent_statements_covered_display": "100.00"}, "missing_lines": [], "excluded_lines": [], "start_line": 196}, "Event.to_dict": {"executed_lines": [244], "summary": {"covered_lines": 1, "num_statements": 1, "percent_covered": 100.0, "percent_covered_display": "100.00", "missing_lines": 0, "excluded_lines": 0, "percent_statements_covered": 100.0, "percent_statements_covered_display": "100.00"}, "missing_lines": [], "excluded_lines": [], "start_line": 242}, "register_schema": {"executed_lines": [279], "summary": {"covered_lines": 1, "num_statements": 1, "percent_covered": 100.0, "percent_covered_display": "100.00", "missing_lines": 0, "excluded_lines": 0, "percent_statements_covered": 100.0, "percent_statements_covered_display": "100.00"}, "missing_lines": [], "excluded_lines": [], "start_line": 275}, "validate_event": {"executed_lines": [311, 313, 315, 316, 317, 318, 320], "summary": {"covered_lines": 7, "num_statements": 7, "percent_covered": 100.0, "percent_covered_display": "100.00", "missing_lines": 0, "excluded_lines": 0, "percent_statements_covered": 100.0, "percent_statements_covered_display": "100.00"}, "missing_lines": [], "excluded_lines": [], "start_line": 306}, "RetryPolicy.get_delay_ms": {"executed_lines": [359, 360], "summary": {"covered_lines": 2, "num_statements": 2, "percent_covered": 100.0, "percent_covered_display": "100.00", "missing_lines": 0, "excluded_lines": 0, "percent_statements_covered": 100.0, "percent_statements_covered_display": "100.00"}, "missing_lines": [], "excluded_lines": [], "start_line": 357}, "EventBus.publish": {"executed_lines": [], "summary": {"covered_lines": 0, "num_statements": 0, "percent_covered": 100.0, "percent_covered_display": "100.00", "missing_lines": 0, "excluded_lines": 1, "percent_statements_covered": 100.0, "percent_statements_covered_display": "100.00"}, "missing_lines": [], "excluded_lines": [381], "start_line": 379}, "EventBus.subscribe": {"executed_lines": [], "summary": {"covered_lines": 0, "num_statements": 0, "percent_covered": 100.0, "percent_covered_display": "100.00", "missing_lines": 0, "excluded_lines": 1, "percent_statements_covered": 100.0, "percent_statements_covered_display": "100.00"}, "missing_lines": [], "excluded_lines": [386], "start_line": 384}, "EventBus.unsubscribe": {"executed_lines": [], "summary": {"covered_lines": 0, "num_statements": 0, "percent_covered": 100.0, "percent_covered_display": "100.00", "missing_lines": 0, "excluded_lines": 1, "percent_statements_covered": 100.0, "percent_statements_covered_display": "100.00"}, "missing_lines": [], "excluded_lines": [391], "start_line": 389}, "EventBus.get_dlq_entries": {"executed_lines": [], "summary": {"covered_lines": 0, "num_statements": 0, "percent_covered": 100.0, "percent_covered_display": "100.00", "missing_lines": 0, "excluded_lines": 1, "percent_statements_covered": 100.0, "percent_statements_covered_display": "100.00"}, "missing_lines": [], "excluded_lines": [396], "start_line": 394}, "EventBus.replay_dlq_entry": {"executed_lines": [], "summary": {"covered_lines": 0, "num_statements": 0, "percent_covered": 100.0, "percent_covered_display": "100.00", "missing_lines": 0, "excluded_lines": 1, "percent_statements_covered": 100.0, "percent_statements_covered_display": "100.00"}, "missing_lines": [], "excluded_lines": [401], "start_line": 399}, "EventBus.get_metrics": {"executed_lines": [], "summary": {"covered_lines": 0, "num_statements": 0, "percent_covered": 100.0, "percent_covered_display": "100.00", "missing_lines": 0, "excluded_lines": 1, "percent_statements_covered": 100.0, "percent_statements_covered_display": "100.00"}, "missing_lines": [], "excluded_lines": [406], "start_line": 404}, "InMemoryEventBus.__init__": {"executed_lines": [432, 433, 434, 435, 436, 437, 440], "summary": {"covered_lines": 7, "num_statements": 7, "percent_covered": 100.0, "percent_covered_display": "100.00", "missing_lines": 0, "excluded_lines": 0, "percent_statements_covered": 100.0, "percent_statements_covered_display": "100.00"}, "missing_lines": [], "excluded_lines": [], "start_line": 429}, "InMemoryEventBus.publish": {"executed_lines": [456, 457, 458, 459, 462, 463, 466, 467, 468, 471, 472], "summary": {"covered_lines": 11, "num_statements": 11, "percent_covered": 100.0, "percent_covered_display": "100.00", "missing_lines": 0, "excluded_lines": 0, "percent_statements_covered": 100.0, "percent_statements_covered_display": "100.00"}, "missing_lines": [], "excluded_lines": [], "start_line": 448}, "InMemoryEventBus._dispatch_with_retry": {"executed_lines": [480, 481, 482, 484, 485, 486, 487, 488, 490, 491, 492, 493, 494, 495, 497, 498, 501, 502, 512, 513], "summary": {"covered_lines": 20, "num_statements": 20, "percent_covered": 100.0, "percent_covered_display": "100.00", "missing_lines": 0, "excluded_lines": 0, "percent_statements_covered": 100.0, "percent_statements_covered_display": "100.00"}, "missing_lines": [], "excluded_lines": [], "start_line": 474}, "InMemoryEventBus.subscribe": {"executed_lines": [517, 519, 520, 521, 522, 523], "summary": {"covered_lines": 6, "num_statements": 6, "percent_covered": 100.0, "percent_covered_display": "100.00", "missing_lines": 0, "excluded_lines": 0, "percent_statements_covered": 100.0, "percent_statements_covered_display": "100.00"}, "missing_lines": [], "excluded_lines": [], "start_line": 515}, "InMemoryEventBus.unsubscribe": {"executed_lines": [527, 528, 529, 530, 531], "summary": {"covered_lines": 5, "num_statements": 5, "percent_covered": 100.0, "percent_covered_display": "100.00", "missing_lines": 0, "excluded_lines": 0, "percent_statements_covered": 100.0, "percent_statements_covered_display": "100.00"}, "missing_lines": [], "excluded_lines": [], "start_line": 525}, "InMemoryEventBus.get_dlq_entries": {"executed_lines": [535, 536, 537], "summary": {"covered_lines": 3, "num_statements": 3, "percent_covered": 100.0, "percent_covered_display": "100.00", "missing_lines": 0, "excluded_lines": 0, "percent_statements_covered": 100.0, "percent_statements_covered_display": "100.00"}, "missing_lines": [], "excluded_lines": [], "start_line": 533}, "InMemoryEventBus.replay_dlq_entry": {"executed_lines": [545, 546, 547, 548, 549, 551, 552, 555, 556, 557, 558, 559, 560, 561, 566, 568, 569, 570, 571, 573], "summary": {"covered_lines": 20, "num_statements": 23, "percent_covered": 86.95652173913044, "percent_covered_display": "86.96", "missing_lines": 3, "excluded_lines": 0, "percent_statements_covered": 86.95652173913044, "percent_statements_covered_display": "86.96"}, "missing_lines": [562, 563, 564], "excluded_lines": [], "start_line": 539}, "InMemoryEventBus.get_metrics": {"executed_lines": [577], "summary": {"covered_lines": 1, "num_statements": 1, "percent_covered": 100.0, "percent_covered_display": "100.00", "missing_lines": 0, "excluded_lines": 0, "percent_statements_covered": 100.0, "percent_statements_covered_display": "100.00"}, "missing_lines": [], "excluded_lines": [], "start_line": 575}, "InMemoryEventBus.get_event_history": {"executed_lines": [581], "summary": {"covered_lines": 1, "num_statements": 1, "percent_covered": 100.0, "percent_covered_display": "100.00", "missing_lines": 0, "excluded_lines": 0, "percent_statements_covered": 100.0, "percent_statements_covered_display": "100.00"}, "missing_lines": [], "excluded_lines": [], "start_line": 579}, "EventProducer.__init__": {"executed_lines": [597, 598], "summary": {"covered_lines": 2, "num_statements": 2, "percent_covered": 100.0, "percent_covered_display": "100.00", "missing_lines": 0, "excluded_lines": 0, "percent_statements_covered": 100.0, "percent_statements_covered_display": "100.00"}, "missing_lines": [], "excluded_lines": [], "start_line": 596}, "EventProducer.publish": {"executed_lines": [613, 621, 622], "summary": {"covered_lines": 3, "num_statements": 3, "percent_covered": 100.0, "percent_covered_display": "100.00", "missing_lines": 0, "excluded_lines": 0, "percent_statements_covered": 100.0, "percent_statements_covered_display": "100.00"}, "missing_lines": [], "excluded_lines": [], "start_line": 600}, "EventConsumer.__init__": {"executed_lines": [638, 639], "summary": {"covered_lines": 2, "num_statements": 2, "percent_covered": 100.0, "percent_covered_display": "100.00", "missing_lines": 0, "excluded_lines": 0, "percent_statements_covered": 100.0, "percent_statements_covered_display": "100.00"}, "missing_lines": [], "excluded_lines": [], "start_line": 637}, "EventConsumer.subscribe": {"executed_lines": [643, 644, 645], "summary": {"covered_lines": 3, "num_statements": 3, "percent_covered": 100.0, "percent_covered_display": "100.00", "missing_lines": 0, "excluded_lines": 0, "percent_statements_covered": 100.0, "percent_statements_covered_display": "100.00"}, "missing_lines": [], "excluded_lines": [], "start_line": 641}, "EventConsumer.unsubscribe": {"executed_lines": [649, 650, 652], "summary": {"covered_lines": 3, "num_statements": 4, "percent_covered": 75.0, "percent_covered_display": "75.00", "missing_lines": 1, "excluded_lines": 0, "percent_statements_covered": 75.0, "percent_statements_covered_display": "75.00"}, "missing_lines": [651], "excluded_lines": [], "start_line": 647}, "EventConsumer.unsubscribe_all": {"executed_lines": [656, 657], "summary": {"covered_lines": 2, "num_statements": 2, "percent_covered": 100.0, "percent_covered_display": "100.00", "missing_lines": 0, "excluded_lines": 0, "percent_statements_covered": 100.0, "percent_statements_covered_display": "100.00"}, "missing_lines": [], "excluded_lines": [], "start_line": 654}, "create_event_bus": {"executed_lines": [672, 673, 674, 675, 681], "summary": {"covered_lines": 5, "num_statements": 5, "percent_covered": 100.0, "percent_covered_display": "100.00", "missing_lines": 0, "excluded_lines": 0, "percent_statements_covered": 100.0, "percent_statements_covered_display": "100.00"}, "missing_lines": [], "excluded_lines": [], "start_line": 665}, "": {"executed_lines": [22, 24, 25, 26, 27, 28, 29, 30, 31, 32, 34, 36, 43, 49, 50, 51, 52, 53, 54, 55, 56, 59, 189, 196, 206, 209, 210, 211, 212, 215, 230, 231, 232, 233, 234, 235, 236, 237, 238, 240, 242, 262, 265, 266, 267, 268, 272, 275, 287, 288, 289, 290, 294, 295, 296, 297, 298, 299, 300, 301, 302, 303, 306, 328, 331, 332, 333, 334, 335, 336, 337, 338, 339, 341, 349, 352, 353, 354, 355, 357, 368, 371, 378, 379, 383, 384, 388, 389, 393, 394, 398, 399, 403, 404, 414, 429, 448, 474, 515, 525, 533, 539, 575, 579, 589, 596, 600, 630, 637, 641, 647, 654, 665], "summary": {"covered_lines": 113, "num_statements": 113, "percent_covered": 100.0, "percent_covered_display": "100.00", "missing_lines": 0, "excluded_lines": 8, "percent_statements_covered": 100.0, "percent_statements_covered_display": "100.00"}, "missing_lines": [], "excluded_lines": [382, 387, 392, 397, 402, 407, 408, 409], "start_line": 1}}, "classes": {"TopicDefinition": {"executed_lines": [], "summary": {"covered_lines": 0, "num_statements": 0, "percent_covered": 100.0, "percent_covered_display": "100.00", "missing_lines": 0, "excluded_lines": 0, "percent_statements_covered": 100.0, "percent_statements_covered_display": "100.00"}, "missing_lines": [], "excluded_lines": [], "start_line": 43}, "ClassificationLevel": {"executed_lines": [], "summary": {"covered_lines": 0, "num_statements": 0, "percent_covered": 100.0, "percent_covered_display": "100.00", "missing_lines": 0, "excluded_lines": 0, "percent_statements_covered": 100.0, "percent_statements_covered_display": "100.00"}, "missing_lines": [], "excluded_lines": [], "start_line": 206}, "Event": {"executed_lines": [244], "summary": {"covered_lines": 1, "num_statements": 1, "percent_covered": 100.0, "percent_covered_display": "100.00", "missing_lines": 0, "excluded_lines": 0, "percent_statements_covered": 100.0, "percent_statements_covered_display": "100.00"}, "missing_lines": [], "excluded_lines": [], "start_line": 215}, "EventSchema": {"executed_lines": [], "summary": {"covered_lines": 0, "num_statements": 0, "percent_covered": 100.0, "percent_covered_display": "100.00", "missing_lines": 0, "excluded_lines": 0, "percent_statements_covered": 100.0, "percent_statements_covered_display": "100.00"}, "missing_lines": [], "excluded_lines": [], "start_line": 262}, "DLQEntry": {"executed_lines": [], "summary": {"covered_lines": 0, "num_statements": 0, "percent_covered": 100.0, "percent_covered_display": "100.00", "missing_lines": 0, "excluded_lines": 0, "percent_statements_covered": 100.0, "percent_statements_covered_display": "100.00"}, "missing_lines": [], "excluded_lines": [], "start_line": 328}, "RetryPolicy": {"executed_lines": [359, 360], "summary": {"covered_lines": 2, "num_statements": 2, "percent_covered": 100.0, "percent_covered_display": "100.00", "missing_lines": 0, "excluded_lines": 0, "percent_statements_covered": 100.0, "percent_statements_covered_display": "100.00"}, "missing_lines": [], "excluded_lines": [], "start_line": 349}, "EventBus": {"executed_lines": [], "summary": {"covered_lines": 0, "num_statements": 0, "percent_covered": 100.0, "percent_covered_display": "100.00", "missing_lines": 0, "excluded_lines": 6, "percent_statements_covered": 100.0, "percent_statements_covered_display": "100.00"}, "missing_lines": [], "excluded_lines": [381, 386, 391, 396, 401, 406], "start_line": 371}, "InMemoryEventBus": {"executed_lines": [432, 433, 434, 435, 436, 437, 440, 456, 457, 458, 459, 462, 463, 466, 467, 468, 471, 472, 480, 481, 482, 484, 485, 486, 487, 488, 490, 491, 492, 493, 494, 495, 497, 498, 501, 502, 512, 513, 517, 519, 520, 521, 522, 523, 527, 528, 529, 530, 531, 535, 536, 537, 545, 546, 547, 548, 549, 551, 552, 555, 556, 557, 558, 559, 560, 561, 566, 568, 569, 570, 571, 573, 577, 581], "summary": {"covered_lines": 74, "num_statements": 77, "percent_covered": 96.1038961038961, "percent_covered_display": "96.10", "missing_lines": 3, "excluded_lines": 0, "percent_statements_covered": 96.1038961038961, "percent_statements_covered_display": "96.10"}, "missing_lines": [562, 563, 564], "excluded_lines": [], "start_line": 414}, "EventProducer": {"executed_lines": [597, 598, 613, 621, 622], "summary": {"covered_lines": 5, "num_statements": 5, "percent_covered": 100.0, "percent_covered_display": "100.00", "missing_lines": 0, "excluded_lines": 0, "percent_statements_covered": 100.0, "percent_statements_covered_display": "100.00"}, "missing_lines": [], "excluded_lines": [], "start_line": 589}, "EventConsumer": {"executed_lines": [638, 639, 643, 644, 645, 649, 650, 652, 656, 657], "summary": {"covered_lines": 10, "num_statements": 11, "percent_covered": 90.9090909090909, "percent_covered_display": "90.91", "missing_lines": 1, "excluded_lines": 0, "percent_statements_covered": 90.9090909090909, "percent_statements_covered_display": "90.91"}, "missing_lines": [651], "excluded_lines": [], "start_line": 630}, "": {"executed_lines": [22, 24, 25, 26, 27, 28, 29, 30, 31, 32, 34, 36, 43, 49, 50, 51, 52, 53, 54, 55, 56, 59, 189, 191, 192, 193, 196, 198, 206, 209, 210, 211, 212, 215, 230, 231, 232, 233, 234, 235, 236, 237, 238, 240, 242, 262, 265, 266, 267, 268, 272, 275, 279, 287, 288, 289, 290, 294, 295, 296, 297, 298, 299, 300, 301, 302, 303, 306, 311, 313, 315, 316, 317, 318, 320, 328, 331, 332, 333, 334, 335, 336, 337, 338, 339, 341, 349, 352, 353, 354, 355, 357, 368, 371, 378, 379, 383, 384, 388, 389, 393, 394, 398, 399, 403, 404, 414, 429, 448, 474, 515, 525, 533, 539, 575, 579, 589, 596, 600, 630, 637, 641, 647, 654, 665, 672, 673, 674, 675, 681], "summary": {"covered_lines": 130, "num_statements": 130, "percent_covered": 100.0, "percent_covered_display": "100.00", "missing_lines": 0, "excluded_lines": 8, "percent_statements_covered": 100.0, "percent_statements_covered_display": "100.00"}, "missing_lines": [], "excluded_lines": [382, 387, 392, 397, 402, 407, 408, 409], "start_line": 1}}}, "packages/common/graph.py": {"executed_lines": [10, 12, 13, 15, 18, 21, 22, 23, 24, 27, 30, 31, 32, 33, 34, 35, 36, 37, 40, 43, 44, 45, 48, 55, 56, 60, 61, 65, 66, 70, 71, 77, 78, 84, 85, 89, 90, 95, 106, 107, 108, 109, 111, 112, 113, 114, 116, 117, 118, 119, 121, 122, 123, 125, 126, 128, 131, 132, 133, 134, 136, 137, 138, 139, 141, 142, 143, 144, 145, 146, 147, 149, 150, 153, 154, 155, 156, 157, 158, 160, 162, 165, 172, 174, 177, 179, 180, 181, 184, 185, 186, 187, 188, 190, 193, 195, 196, 197, 198, 199, 200, 201, 202, 204, 206, 207, 209, 211, 216, 218, 219, 221, 222, 224, 225], "summary": {"covered_lines": 115, "num_statements": 127, "percent_covered": 90.55118110236221, "percent_covered_display": "90.55", "missing_lines": 12, "excluded_lines": 15, "percent_statements_covered": 90.55118110236221, "percent_statements_covered_display": "90.55"}, "missing_lines": [120, 140, 148, 166, 167, 168, 169, 182, 189, 208, 217, 223], "excluded_lines": [58, 59, 63, 64, 68, 69, 75, 76, 82, 83, 87, 88, 92, 93, 94], "functions": {"GraphStore.add_node": {"executed_lines": [], "summary": {"covered_lines": 0, "num_statements": 0, "percent_covered": 100.0, "percent_covered_display": "100.00", "missing_lines": 0, "excluded_lines": 1, "percent_statements_covered": 100.0, "percent_statements_covered_display": "100.00"}, "missing_lines": [], "excluded_lines": [58], "start_line": 56}, "GraphStore.add_edge": {"executed_lines": [], "summary": {"covered_lines": 0, "num_statements": 0, "percent_covered": 100.0, "percent_covered_display": "100.00", "missing_lines": 0, "excluded_lines": 1, "percent_statements_covered": 100.0, "percent_statements_covered_display": "100.00"}, "missing_lines": [], "excluded_lines": [63], "start_line": 61}, "GraphStore.get_node": {"executed_lines": [], "summary": {"covered_lines": 0, "num_statements": 0, "percent_covered": 100.0, "percent_covered_display": "100.00", "missing_lines": 0, "excluded_lines": 1, "percent_statements_covered": 100.0, "percent_statements_covered_display": "100.00"}, "missing_lines": [], "excluded_lines": [68], "start_line": 66}, "GraphStore.get_neighbors": {"executed_lines": [], "summary": {"covered_lines": 0, "num_statements": 0, "percent_covered": 100.0, "percent_covered_display": "100.00", "missing_lines": 0, "excluded_lines": 1, "percent_statements_covered": 100.0, "percent_statements_covered_display": "100.00"}, "missing_lines": [], "excluded_lines": [75], "start_line": 71}, "GraphStore.find_path": {"executed_lines": [], "summary": {"covered_lines": 0, "num_statements": 0, "percent_covered": 100.0, "percent_covered_display": "100.00", "missing_lines": 0, "excluded_lines": 1, "percent_statements_covered": 100.0, "percent_statements_covered_display": "100.00"}, "missing_lines": [], "excluded_lines": [82], "start_line": 78}, "GraphStore.remove_node": {"executed_lines": [], "summary": {"covered_lines": 0, "num_statements": 0, "percent_covered": 100.0, "percent_covered_display": "100.00", "missing_lines": 0, "excluded_lines": 1, "percent_statements_covered": 100.0, "percent_statements_covered_display": "100.00"}, "missing_lines": [], "excluded_lines": [87], "start_line": 85}, "GraphStore.remove_edge": {"executed_lines": [], "summary": {"covered_lines": 0, "num_statements": 0, "percent_covered": 100.0, "percent_covered_display": "100.00", "missing_lines": 0, "excluded_lines": 1, "percent_statements_covered": 100.0, "percent_statements_covered_display": "100.00"}, "missing_lines": [], "excluded_lines": [92], "start_line": 90}, "AdjacencyListGraph.__init__": {"executed_lines": [107, 108, 109], "summary": {"covered_lines": 3, "num_statements": 3, "percent_covered": 100.0, "percent_covered_display": "100.00", "missing_lines": 0, "excluded_lines": 0, "percent_statements_covered": 100.0, "percent_statements_covered_display": "100.00"}, "missing_lines": [], "excluded_lines": [], "start_line": 106}, "AdjacencyListGraph.add_node": {"executed_lines": [112, 113, 114], "summary": {"covered_lines": 3, "num_statements": 3, "percent_covered": 100.0, "percent_covered_display": "100.00", "missing_lines": 0, "excluded_lines": 0, "percent_statements_covered": 100.0, "percent_statements_covered_display": "100.00"}, "missing_lines": [], "excluded_lines": [], "start_line": 111}, "AdjacencyListGraph.add_edge": {"executed_lines": [117, 118, 119, 121, 122, 123], "summary": {"covered_lines": 6, "num_statements": 7, "percent_covered": 85.71428571428571, "percent_covered_display": "85.71", "missing_lines": 1, "excluded_lines": 0, "percent_statements_covered": 85.71428571428571, "percent_statements_covered_display": "85.71"}, "missing_lines": [120], "excluded_lines": [], "start_line": 116}, "AdjacencyListGraph.get_node": {"executed_lines": [126], "summary": {"covered_lines": 1, "num_statements": 1, "percent_covered": 100.0, "percent_covered_display": "100.00", "missing_lines": 0, "excluded_lines": 0, "percent_statements_covered": 100.0, "percent_statements_covered_display": "100.00"}, "missing_lines": [], "excluded_lines": [], "start_line": 125}, "AdjacencyListGraph.get_neighbors": {"executed_lines": [131, 132, 133, 134, 136, 137, 138, 139, 141, 142, 143, 144, 145, 146, 147, 149, 150, 153, 154, 155, 156, 157, 158, 160], "summary": {"covered_lines": 24, "num_statements": 26, "percent_covered": 92.3076923076923, "percent_covered_display": "92.31", "missing_lines": 2, "excluded_lines": 0, "percent_statements_covered": 92.3076923076923, "percent_statements_covered_display": "92.31"}, "missing_lines": [140, 148], "excluded_lines": [], "start_line": 128}, "AdjacencyListGraph.find_path": {"executed_lines": [165, 172, 174, 177, 179, 180, 181, 184, 185, 186, 187, 188, 190, 193, 195, 196, 197, 198, 199, 200, 201, 202, 204], "summary": {"covered_lines": 23, "num_statements": 29, "percent_covered": 79.3103448275862, "percent_covered_display": "79.31", "missing_lines": 6, "excluded_lines": 0, 
[...]
 120, 121, 123, 131, 134, 135, 136, 137, 138, 139, 140, 141, 143, 146, 153, 154, 155, 157, 161, 170, 179, 184, 186, 187, 190, 199, 200, 201, 209, 212, 213, 214, 215, 216, 218, 221, 229, 230, 231, 232, 234, 236, 239, 242, 245, 248, 249, 250, 253, 254, 255, 256, 257, 258, 263, 265, 266, 268, 269, 271, 272, 274, 276, 277, 278, 281, 282, 287, 288, 290, 304, 307, 308, 310, 313, 320, 321, 322, 324, 325, 327, 329, 331, 333, 334, 335, 336, 338, 340, 341, 344, 345, 348, 349, 350, 352, 353, 356, 357, 362, 363, 364, 367, 368, 371, 372, 376, 378, 382, 384, 385, 390, 391, 395, 403, 410, 411, 413, 418, 419, 421, 422, 424, 426, 428, 436, 455, 463, 464, 465, 466, 467, 468, 469, 470, 473, 474, 475, 478, 479, 482, 483, 484, 485, 486, 487, 489, 491, 493, 494, 496, 498, 510, 513, 514, 523, 524, 525, 527, 535, 536, 537, 539, 541, 543, 551, 557, 558, 559, 561, 562, 564, 565, 567, 569, 570, 571, 572, 573, 574, 576, 577, 580, 583, 584, 586, 588, 589, 590, 591, 592, 593, 594, 596, 598, 599, 601, 603, 604, 607, 608, 611, 612, 613, 614, 615, 616, 617, 620, 622, 623, 624, 625, 626, 629, 630, 633, 640, 641, 643, 644, 645, 646, 647, 648, 649, 651, 652, 655, 657, 658, 659, 662, 683, 684, 687, 688, 689, 691, 699, 700, 703, 708, 709, 710, 712, 713, 714, 723, 724, 725, 728, 729, 730, 732, 734, 735, 736, 737, 739, 740, 741, 742, 744, 745, 746, 748, 749, 751, 752, 754, 755], "summary": {"covered_lines": 333, "num_statements": 344, "percent_covered": 96.80232558139535, "percent_covered_display": "96.80", "missing_lines": 11, "excluded_lines": 0, "percent_statements_covered": 96.80232558139535, "percent_statements_covered_display": "96.80"}, "missing_lines": [159, 260, 495, 563, 566, 634, 635, 636, 637, 704, 705], "excluded_lines": [], "functions": {"MockFetcher.__init__": {"executed_lines": [154, 155], "summary": {"covered_lines": 2, "num_statements": 2, "percent_covered": 100.0, "percent_covered_display": "100.00", "missing_lines": 0, "excluded_lines": 0, "percent_statements_covered": 100.0, "percent_statements_covered_display": "100.00"}, "missing_lines": [], "excluded_lines": [], "start_line": 153}, "MockFetcher.register_fixture": {"executed_lines": [], "summary": {"covered_lines": 0, "num_statements": 1, "percent_covered": 0.0, "percent_covered_display": "0.00", "missing_lines": 1, "excluded_lines": 0, "percent_statements_covered": 0.0, "percent_statements_covered_display": "0.00"}, "missing_lines": [159], "excluded_lines": [], "start_line": 157}, "MockFetcher.register_page": {"executed_lines": [170], "summary": {"covered_lines": 1, "num_statements": 1, "percent_covered": 100.0, "percent_covered_display": "100.00", "missing_lines": 0, "excluded_lines": 0, "percent_statements_covered": 100.0, "percent_statements_covered_display": "100.00"}, "missing_lines": [], "excluded_lines": [], "start_line": 161}, "MockFetcher.fetch": {"executed_lines": [184, 186, 187, 190], "summary": {"covered_lines": 4, "num_statements": 4, "percent_covered": 100.0, "percent_covered_display": "100.00", "missing_lines": 0, "excluded_lines": 0, "percent_statements_covered": 100.0, "percent_statements_covered_display": "100.00"}, "missing_lines": [], "excluded_lines": [], "start_line": 179}, "MockFetcher.fetch_count": {"executed_lines": [201], "summary": {"covered_lines": 1, "num_statements": 1, "percent_covered": 100.0, "percent_covered_display": "100.00", "missing_lines": 0, "excluded_lines": 0, "percent_statements_covered": 100.0, "percent_statements_covered_display": "100.00"}, "missing_lines": [], "excluded_lines": [], "start_line": 200}, "ContentExtractor.extract": {"executed_lines": [236, 239, 242, 245, 248, 249, 250, 253, 254, 255, 256, 257, 258, 263, 265, 266, 268, 269, 271, 272, 274, 276, 277, 278, 281, 282, 287, 288, 290], "summary": {"covered_lines": 29, "num_statements": 30, "percent_covered": 96.66666666666667, "percent_covered_display": "96.67", "missing_lines": 1, "excluded_lines": 0, "percent_statements_covered": 96.66666666666667, "percent_statements_covered_display": "96.67"}, "missing_lines": [260], "excluded_lines": [], "start_line": 234}, "CrawlPolicyChecker.__init__": {"executed_lines": [321, 322], "summary": {"covered_lines": 2, "num_statements": 2, "percent_covered": 100.0, "percent_covered_display": "100.00", "missing_lines": 0, "excluded_lines": 0, "percent_statements_covered": 100.0, "percent_statements_covered_display": "100.00"}, "missing_lines": [], "excluded_lines": [], "start_line": 320}, "CrawlPolicyChecker.register_policy": {"executed_lines": [325], "summary": {"covered_lines": 1, "num_statements": 1, "percent_covered": 100.0, "percent_covered_display": "100.00", "missing_lines": 0, "excluded_lines": 0, "percent_statements_covered": 100.0, "percent_statements_covered_display": "100.00"}, "missing_lines": [], "excluded_lines": [], "start_line": 324}, "CrawlPolicyChecker.set_robots_allowed": {"executed_lines": [329], "summary": {"covered_lines": 1, "num_statements": 1, "percent_covered": 100.0, "percent_covered_display": "100.00", "missing_lines": 0, "excluded_lines": 0, "percent_statements_covered": 100.0, "percent_statements_covered_display": "100.00"}, "missing_lines": [], "excluded_lines": [], "start_line": 327}, "CrawlPolicyChecker.set_tos_blocked": {"executed_lines": [333, 334, 335, 336], "summary": {"covered_lines": 4, "num_statements": 4, "percent_covered": 100.0, "percent_covered_display": "100.00", "missing_lines": 0, "excluded_lines": 0, "percent_statements_covered": 100.0, "percent_statements_covered_display": "100.00"}, "missing_lines": [], "excluded_lines": [], "start_line": 331}, "CrawlPolicyChecker.check": {"executed_lines": [340, 341, 344, 345, 348, 349, 350, 352, 353, 356, 357, 362, 363, 364, 367, 368, 371, 372, 376], "summary": {"covered_lines": 19, "num_statements": 19, "percent_covered": 100.0, "percent_covered_display": "100.00", "missing_lines": 0, "excluded_lines": 0, "percent_statements_covered": 100.0, "percent_statements_covered_display": "100.00"}, "missing_lines": [], "excluded_lines": [], "start_line": 338}, "CrawlPolicyChecker.check_content": {"executed_lines": [382, 384, 385, 390, 391, 395], "summary": {"covered_lines": 6, "num_statements": 6, "percent_covered": 100.0, "percent_covered_display": "100.00", "missing_lines": 0, "excluded_lines": 0, "percent_statements_covered": 100.0, "percent_statements_covered_display": "100.00"}, "missing_lines": [], "excluded_lines": [], "start_line": 378}, "RateLimiter.__init__": {"executed_lines": [411], "summary": {"covered_lines": 1, "num_statements": 1, "percent_covered": 100.0, "percent_covered_display": "100.00", "missing_lines": 0, "excluded_lines": 0, "percent_statements_covered": 100.0, "percent_statements_covered_display": "100.00"}, "missing_lines": [], "excluded_lines": [], "start_line": 410}, "RateLimiter.check": {"executed_lines": [418, 419, 421, 422, 424], "summary": {"covered_lines": 5, "num_statements": 5, "percent_covered": 100.0, "percent_covered_display": "100.00", "missing_lines": 0, "excluded_lines": 0, "percent_statements_covered": 100.0, "percent_statements_covered_display": "100.00"}, "missing_lines": [], "excluded_lines": [], "start_line": 413}, "RateLimiter.record": {"executed_lines": [428], "summary": {"covered_lines": 1, "num_statements": 1, "percent_covered": 100.0, "percent_covered_display": "100.00", "missing_lines": 0, "excluded_lines": 0, "percent_statements_covered": 100.0, "percent_statements_covered_display": "100.00"}, "missing_lines": [], "excluded_lines": [], "start_line": 426}, "WebDiscoveryEngine.__init__": {"executed_lines": [463, 464, 465, 466, 467, 468, 469, 470, 473, 474, 475, 478, 479, 482, 483, 484, 485, 486, 487], "summary": {"covered_lines": 19, "num_statements": 19, "percent_covered": 100.0, "percent_covered_display": "100.00", "missing_lines": 0, "excluded_lines": 0, "percent_statements_covered": 100.0, "percent_statements_covered_display": "100.00"}, "missing_lines": [], "excluded_lines": [], "start_line": 455}, "WebDiscoveryEngine.normalize_url": {"executed_lines": [491, 493, 494, 496], "summary": {"covered_lines": 4, "num_statements": 5, "percent_covered": 80.0, "percent_covered_display": "80.00", "missing_lines": 1, "excluded_lines": 0, "percent_statements_covered": 80.0, "percent_statements_covered_display": "80.00"}, "missing_lines": [495], "excluded_lines": [], "start_line": 489}, "WebDiscoveryEngine.submit_seed": {"executed_lines": [510, 513, 514, 523, 524, 525, 527, 535, 536, 537], "summary": {"covered_lines": 10, "num_statements": 10, "percent_covered": 100.0, "percent_covered_display": "100.00", "missing_lines": 0, "excluded_lines": 0, "percent_statements_covered": 100.0, "percent_statements_covered_display": "100.00"}, "missing_lines": [], "excluded_lines": [], "start_line": 498}, "WebDiscoveryEngine._enqueue": {"executed_lines": [541, 543], "summary": {"covered_lines": 2, "num_statements": 2, "percent_covered": 100.0, "percent_covered_display": "100.00", "missing_lines": 0, "excluded_lines": 0, "percent_statements_covered": 100.0, "percent_statements_covered_display": "100.00"}, "missing_lines": [], "excluded_lines": [], "start_line": 539}, "WebDiscoveryEngine.process_one": {"executed_lines": [557, 558, 559, 561, 562, 564, 565, 567, 569, 570, 571, 572, 573, 574, 576, 577, 580, 583, 584], "summary": {"covered_lines": 19, "num_statements": 21, "percent_covered": 90.47619047619048, "percent_covered_display": "90.48", "missing_lines": 2, "excluded_lines": 0, "percent_statements_covered": 90.47619047619048, "percent_statements_covered_display": "90.48"}, "missing_lines": [563, 566], "excluded_lines": [], "start_line": 551}, "WebDiscoveryEngine.process_all": {"executed_lines": [588, 589, 590, 591, 592, 593, 594], "summary": {"covered_lines": 7, "num_statements": 7, "percent_covered": 100.0, "percent_covered_display": "100.00", "missing_lines": 0, "excluded_lines": 0, "percent_statements_covered": 100.0, "percent_statements_covered_display": "100.00"}, "missing_lines": [], "excluded_lines": [], "start_line": 586}, "WebDiscoveryEngine._get_policy_delay": {"executed_lines": [598, 599], "summary": {"covered_lines": 2, "num_statements": 2, "percent_covered": 100.0, "percent_covered_display": "100.00", "missing_lines": 0, "excluded_lines": 0, "percent_statements_covered": 100.0, "percent_statements_covered_display": "100.00"}, "missing_lines": [], "excluded_lines": [], "start_line": 596}, "WebDiscoveryEngine._process_job": {"executed_lines": [603, 604, 607, 608, 611, 612, 613, 614, 615, 616, 617, 620, 622, 623, 624, 625, 626, 629, 630, 633, 640, 641, 643, 644, 645, 646, 647, 648, 649, 651, 652, 655, 657, 658, 659, 662, 683, 684, 687, 688, 689, 691, 699, 700, 703, 708, 709, 710, 712, 713, 714, 723, 724, 725, 728, 729, 730], "summary": {"covered_lines": 57, "num_statements": 63, "percent_covered": 90.47619047619048, "percent_covered_display": "90.48", "missing_lines": 6, "excluded_lines": 0, "percent_statements_covered": 90.47619047619048, "percent_statements_covered_display": "90.48"}, "missing_lines": [634, 635, 636, 637, 704, 705], "excluded_lines": [], "start_line": 601}, "WebDiscoveryEngine._handle_failure": {"executed_lines": [734, 735, 736, 737, 739, 740, 741, 742, 744, 745, 746], "summary": {"covered_lines": 11, "num_statements": 11, "percent_covered": 100.0, "percent_covered_display": "100.00", "missing_lines": 0, "excluded_lines": 0, "percent_statements_covered": 100.0, "percent_statements_covered_display": "100.00"}, "missing_lines": [], "excluded_lines": [], "start_line": 732}, "WebDiscoveryEngine.get_job": {"executed_lines": [749], "summary": {"covered_lines": 1, "num_statements": 1, "percent_covered": 100.0, "percent_covered_display": "100.00", "missing_lines": 0, "excluded_lines": 0, "percent_statements_covered": 100.0, "percent_statements_covered_display": "100.00"}, "missing_lines": [], "excluded_lines": [], "start_line": 748}, "WebDiscoveryEngine.get_dead_letter_queue": {"executed_lines": [752], "summary": {"covered_lines": 1, "num_statements": 1, "percent_covered": 100.0, "percent_covered_display": "100.00", "missing_lines": 0, "excluded_lines": 0, "percent_statements_covered": 100.0, "percent_statements_covered_display": "100.00"}, "missing_lines": [], "excluded_lines": [], "start_line": 751}, "WebDiscoveryEngine.get_metrics": {"executed_lines": [755], "summary": {"covered_lines": 1, "num_statements": 1, "percent_covered": 100.0, "percent_covered_display": "100.00", "missing_lines": 0, "excluded_lines": 0, "percent_statements_covered": 100.0, "percent_statements_covered_display": "100.00"}, "missing_lines": [], "excluded_lines": [], "start_line": 754}, "": {"executed_lines": [19, 21, 22, 23, 24, 25, 26, 27, 29, 31, 38, 41, 42, 43, 44, 45, 46, 49, 52, 53, 54, 55, 58, 65, 66, 67, 68, 69, 70, 71, 72, 73, 74, 75, 76, 77, 78, 79, 80, 81, 82, 83, 84, 85, 86, 87, 89, 92, 99, 100, 101, 102, 103, 104, 105, 113, 114, 115, 116, 117, 119, 120, 121, 123, 131, 134, 135, 136, 137, 138, 139, 140, 141, 143, 146, 153, 157, 161, 179, 199, 200, 209, 212, 213, 214, 215, 216, 218, 221, 229, 230, 231, 232, 234, 304, 307, 308, 310, 313, 320, 324, 327, 331, 338, 378, 403, 410, 413, 426, 436, 455, 489, 498, 539, 551, 586, 596, 601, 732, 748, 751, 754], "summary": {"covered_lines": 122, "num_statements": 122, "percent_covered": 100.0, "percent_covered_display": "100.00", "missing_lines": 0, "excluded_lines": 0, "percent_statements_covered": 100.0, "percent_statements_covered_display": "100.00"}, "missing_lines": [], "excluded_lines": [], "start_line": 1}}, "classes": {"CrawlStatus": {"executed_lines": [], "summary": {"covered_lines": 0, "num_statements": 0, "percent_covered": 100.0, "percent_covered_display": "100.00", "missing_lines": 0, "excluded_lines": 0, "percent_statements_covered": 100.0, "percent_statements_covered_display": "100.00"}, "missing_lines": [], "excluded_lines": [], "start_line": 38}, "CrawlPriority": {"executed_lines": [], "summary": {"covered_lines": 0, "num_statements": 0, "percent_covered": 100.0, "percent_covered_display": "100.00", "missing_lines": 0, "excluded_lines": 0, "percent_statements_covered": 100.0, "percent_statements_covered_display": "100.00"}, "missing_lines": [], "excluded_lines": [], "start_line": 49}, "CrawlJob": {"executed_lines": [], "summary": {"covered_lines": 0, "num_statements": 0, "percent_covered": 100.0, "percent_covered_display": "100.00", "missing_lines": 0, "excluded_lines": 0, "percent_statements_covered": 100.0, "percent_statements_covered_display": "100.00"}, "missing_lines": [], "excluded_lines": [], "start_line": 58}, "CrawlPolicy": {"executed_lines": [], "summary": {"covered_lines": 0, "num_statements": 0, "percent_covered": 100.0, "percent_covered_display": "100.00", "missing_lines": 0, "excluded_lines": 0, "percent_statements_covered": 100.0, "percent_statements_covered_display": "100.00"}, "missing_lines": [], "excluded_lines": [], "start_line": 92}, "FetchResult": {"executed_lines": [], "summary": {"covered_lines": 0, "num_statements": 0, "percent_covered": 100.0, "percent_covered_display": "100.00", "missing_lines": 0, "excluded_lines": 0, "percent_statements_covered": 100.0, "percent_statements_covered_display": "100.00"}, "missing_lines": [], "excluded_lines": [], "start_line": 131}, "MockFetcher": {"executed_lines": [154, 155, 170, 184, 186, 187, 190, 201], "summary": {"covered_lines": 8, "num_statements": 9, "percent_covered": 88.88888888888889, "percent_covered_display": "88.89", "missing_lines": 1, "excluded_lines": 0, "percent_statements_covered": 88.88888888888889, "percent_statements_covered_display": "88.89"}, "missing_lines": [159], "excluded_lines": [], "start_line": 146}, "ExtractedContent": {"executed_lines": [], "summary": {"covered_lines": 0, "num_statements": 0, "percent_covered": 100.0, "percent_covered_display": "100.00", "missing_lines": 0, "excluded_lines": 0, "percent_statements_covered": 100.0, "percent_statements_covered_display": "100.00"}, "missing_lines": [], "excluded_lines": [], "start_line": 209}, "ContentExtractor": {"executed_lines": [236, 239, 242, 245, 248, 249, 250, 253, 254, 255, 256, 257, 258, 263, 265, 266, 268, 269, 271, 272, 274, 276, 277, 278, 281, 282, 287, 288, 290], "summary": {"covered_lines": 29, "num_statements": 30, "percent_covered": 96.66666666666667, "percent_covered_display": "96.67", "missing_lines": 1, "excluded_lines": 0, "percent_statements_covered": 96.66666666666667, "percent_statements_covered_display": "96.67"}, "missing_lines": [260], "excluded_lines": [], "start_line": 221}, "PolicyCheckResult": {"executed_lines": [], "summary": {"covered_lines": 0, "num_statements": 0, "percent_covered": 100.0, "percent_covered_display": "100.00", "missing_lines": 0, "excluded_lines": 0, "percent_statements_covered": 100.0, "percent_statements_covered_display": "100.00"}, "missing_lines": [], "excluded_lines": [], "start_line": 304}, "CrawlPolicyChecker": {"executed_lines": [321, 322, 325, 329, 333, 334, 335, 336, 340, 341, 344, 345, 348, 349, 350, 352, 353, 356, 357, 362, 363, 364, 367, 368, 371, 372, 376, 382, 384, 385, 390, 391, 395], "summary": {"covered_lines": 33, "num_statements": 33, "percent_covered": 100.0, "percent_covered_display": "100.00", "missing_lines": 0, "excluded_lines": 0, "percent_statements_covered": 100.0, "percent_statements_covered_display": "100.00"}, "missing_lines": [], "excluded_lines": [], "start_line": 313}, "RateLimiter": {"executed_lines": [411, 418, 419, 421, 422, 424, 428], "summary": {"covered_lines": 7, "num_statements": 7, "percent_covered": 100.0, "percent_covered_display": "100.00", "missing_lines": 0, "excluded_lines": 0, "percent_statements_covered": 100.0, "percent_statements_covered_display": "100.00"}, "missing_lines": [], "excluded_lines": [], "start_line": 403}, "WebDiscoveryEngine": {"executed_lines": [463, 464, 465, 466, 467, 468, 469, 470, 473, 474, 475, 478, 479, 482, 483, 484, 485, 486, 487, 491, 493, 494, 496, 510, 513, 514, 523, 524, 525, 527, 535, 536, 537, 541, 543, 557, 558, 559, 561, 562, 564, 565, 567, 569, 570, 571, 572, 573, 574, 576, 577, 580, 583, 584, 588, 589, 590, 591, 592, 593, 594, 598, 599, 603, 604, 607, 608, 611, 612, 613, 614, 615, 616, 617, 620, 622, 623, 624, 625, 626, 629, 630, 633, 640, 641, 643, 644, 645, 646, 647, 648, 649, 651, 652, 655, 657, 658, 659, 662, 683, 684, 687, 688, 689, 691, 699, 700, 703, 708, 709, 710, 712, 713, 714, 723, 724, 725, 728, 729, 730, 734, 735, 736, 737, 739, 740, 741, 742, 744, 745, 746, 749, 752, 755], "summary": {"covered_lines": 134, "num_statements": 143, "percent_covered": 93.7062937062937, "percent_covered_display": "93.71", "missing_lines": 9, "excluded_lines": 0, "percent_statements_covered": 93.7062937062937, "percent_statements_covered_display": "93.71"}, "missing_lines": [495, 563, 566, 634, 635, 636, 637, 704, 705], "excluded_lines": [], "start_line": 436}, "": {"executed_lines": [19, 21, 22, 23, 24, 25, 26, 27, 29, 31, 38, 41, 42, 43, 44, 45, 46, 49, 52, 53, 54, 55, 58, 65, 66, 67, 68, 69, 70, 71, 72, 73, 74, 75, 76, 77, 78, 79, 80, 81, 82, 83, 84, 85, 86, 87, 89, 92, 99, 100, 101, 102, 103, 104, 105, 113, 114, 115, 116, 117, 119, 120, 121, 123, 131, 134, 135, 136, 137, 138, 139, 140, 141, 143, 146, 153, 157, 161, 179, 199, 200, 209, 212, 213, 214, 215, 216, 218, 221, 229, 230, 231, 232, 234, 304, 307, 308, 310, 313, 320, 324, 327, 331, 338, 378, 403, 410, 413, 426, 436, 455, 489, 498, 539, 551, 586, 596, 601, 732, 748, 751, 754], "summary": {"covered_lines": 122, "num_statements": 122, "percent_covered": 100.0, "percent_covered_display": "100.00", "missing_lines": 0, "excluded_lines": 0, "percent_statements_covered": 100.0, "percent_statements_covered_display": "100.00"}, "missing_lines": [], "excluded_lines": [], "start_line": 1}}}}, "totals": {"covered_lines": 10215, "num_statements": 10914, "percent_covered": 93.59538207806487, "percent_covered_display": "93.60", "missing_lines": 699, "excluded_lines": 111, "percent_statements_covered": 93.59538207806487, "percent_statements_covered_display": "93.60"}}