<?xml version="1.0" encoding="utf-8"?><testsuites name="pytest tests"><testsuite name="pytest" errors="0" failures="0" skipped="0" tests="2466" time="21.817" timestamp="2026-08-26T12:28:31.977260+00:00" hostname="ubuntu-4cpu-8gb-uk-lon1"><testcase classname="tests.ai_evaluation.test_accuracy" name="test_classification_fraud_types_returns_expected_categories" time="0.002" /><testcase classname="tests.ai_evaluation.test_accuracy" name="test_entity_extraction_returns_correct_entities" time="0.001" /><testcase classname="tests.ai_evaluation.test_accuracy" name="test_risk_scoring_produces_reasonable_scores" time="0.000" /><testcase classname="tests.ai_evaluation.test_accuracy" name="test_sentiment_analysis_returns_correct_polarity" time="0.000" /><testcase classname="tests.ai_evaluation.test_accuracy" name="test_accuracy_with_custom_gateway_subclass" time="0.000" /><testcase classname="tests.ai_evaluation.test_auditability" name="test_every_model_request_has_correlation_id" time="0.000" /><testcase classname="tests.ai_evaluation.test_auditability" name="test_model_response_includes_required_audit_fields" time="0.000" /><testcase classname="tests.ai_evaluation.test_auditability" name="test_gateway_tracks_total_requests_errors_and_tokens" time="0.001" /><testcase classname="tests.ai_evaluation.test_auditability" name="test_error_responses_include_error_type_and_correlation_id" time="0.000" /><testcase classname="tests.ai_evaluation.test_auditability" name="test_all_ai_operations_are_logged" time="0.000" /><testcase classname="tests.ai_evaluation.test_authorization_boundaries" name="test_highly_restricted_classification_routes_to_local" time="0.000" /><testcase classname="tests.ai_evaluation.test_authorization_boundaries" name="test_law_enforcement_classification_routes_to_local" time="0.000" /><testcase classname="tests.ai_evaluation.test_authorization_boundaries" name="test_public_classification_routes_to_primary_openai" time="0.000" /><testcase classname="tests.ai_evaluation.test_authorization_boundaries" name="test_requesting_user_and_requesting_org_tracked_in_requests" time="0.000" /><testcase classname="tests.ai_evaluation.test_authorization_boundaries" name="test_classification_filter_enforced_on_every_request" time="0.000" /><testcase classname="tests.ai_evaluation.test_authorization_boundaries" name="test_unauthorized_task_types_rejected" time="0.001" /><testcase classname="tests.ai_evaluation.test_hallucination_resistance" name="test_gateway_rejects_empty_prompts" time="0.000" /><testcase classname="tests.ai_evaluation.test_hallucination_resistance" name="test_gateway_handles_ambiguous_input_without_fabricating_data" time="0.000" /><testcase classname="tests.ai_evaluation.test_hallucination_resistance" name="test_gateway_marks_unverified_information_appropriately" time="0.001" /><testcase classname="tests.ai_evaluation.test_hallucination_resistance" name="test_structured_output_schema_enforcement" time="0.000" /><testcase classname="tests.ai_evaluation.test_hallucination_resistance" name="test_gateway_returns_error_for_unsupported_task_types" time="0.001" /><testcase classname="tests.ai_evaluation.test_hallucination_resistance" name="test_gateway_retry_and_fallback_when_provider_returns_empty" time="0.000" /><testcase classname="tests.ai_evaluation.test_prompt_abuse" name="test_prompt_injection_attempt_handled_gracefully" time="0.000" /><testcase classname="tests.ai_evaluation.test_prompt_abuse" name="test_excessively_long_prompt_handled_gracefully" time="0.001" /><testcase classname="tests.ai_evaluation.test_prompt_abuse" name="test_special_characters_and_encoding_handled_gracefully" time="0.000" /><testcase classname="tests.ai_evaluation.test_prompt_abuse" name="test_embedded_sql_and_code_injection_handled_gracefully" time="0.000" /><testcase classname="tests.ai_evaluation.test_prompt_abuse" name="test_prompt_attempting_to_bypass_classification" time="0.000" /><testcase classname="tests.benchmark.test_benchmarks.TestEntityBenchmarks" name="test_entity_create_benchmark" time="0.008" /><testcase classname="tests.benchmark.test_benchmarks.TestEntityBenchmarks" name="test_entity_read_benchmark" time="0.006" /><testcase classname="tests.benchmark.test_benchmarks.TestEntityBenchmarks" name="test_entity_bulk_create_capacity" time="0.212" /><testcase classname="tests.benchmark.test_benchmarks.TestGraphBenchmarks" name="test_graph_one_hop_benchmark" time="0.141" /><testcase classname="tests.benchmark.test_benchmarks.TestGraphBenchmarks" name="test_graph_large_capacity" time="0.224" /><testcase classname="tests.benchmark.test_benchmarks.TestEventBusBenchmarks" name="test_event_publish_benchmark" time="0.471" /><testcase classname="tests.benchmark.test_benchmarks.TestEventBusBenchmarks" name="test_event_bus_throughput_capacity" time="5.064" /><testcase classname="tests.benchmark.test_benchmarks.TestCacheBenchmarks" name="test_cache_get_benchmark" time="0.503" /><testcase classname="tests.benchmark.test_benchmarks.TestEvidenceBenchmarks" name="test_evidence_create_benchmark" time="0.015" /><testcase classname="tests.benchmark.test_benchmarks.TestEvidenceBenchmarks" name="test_evidence_bulk_capacity" time="0.229" /><testcase classname="tests.benchmark.test_benchmarks.TestSearchBenchmarks" name="test_search_benchmark" time="0.385" /><testcase classname="tests.benchmark.test_benchmarks.TestSearchBenchmarks" name="test_search_bulk_index_capacity" time="0.239" /><testcase classname="tests.benchmark.test_benchmarks.TestAuditLogBenchmarks" name="test_audit_append_benchmark" time="0.234" /><testcase classname="tests.benchmark.test_benchmarks.TestAuditLogBenchmarks" name="test_audit_query_capacity" time="0.214" /><testcase classname="tests.contract.test_api_contracts.TestSTIXAdapterContracts" name="test_stix_adapter_exists" time="0.000" /><testcase classname="tests.contract.test_api_contracts.TestSTIXAdapterContracts" name="test_entity_to_stix" time="0.000" /><testcase classname="tests.contract.test_api_contracts.TestSTIXAdapterContracts" name="test_stix_has_required_fields" time="0.000" /><testcase classname="tests.contract.test_api_contracts.TestSTIXAdapterContracts" name="test_stix_from_valid_input" time="0.000" /><testcase classname="tests.contract.test_api_contracts.TestSTIXAdapterContracts" name="test_stix_from_invalid_input" time="0.000" /><testcase classname="tests.contract.test_api_contracts.TestSTIXAdapterContracts" name="test_round_trip_conversion" time="0.000" /><testcase classname="tests.contract.test_api_contracts.TestAPIRequestSchemaContracts" name="test_api_request_schema_v1_exists" time="0.000" /><testcase classname="tests.contract.test_api_contracts.TestAPIRequestSchemaContracts" name="test_api_request_optional_fields" time="0.000" /><testcase classname="tests.contract.test_api_contracts.TestAPIRequestSchemaContracts" name="test_api_request_method_field" time="0.000" /><testcase classname="tests.contract.test_api_contracts.TestSearchQuerySchemaContracts" name="test_search_query_schema_v1_exists" time="0.000" /><testcase classname="tests.contract.test_api_contracts.TestSearchQuerySchemaContracts" name="test_search_query_optional_fields" time="0.000" /><testcase classname="tests.contract.test_api_contracts.TestEvidenceSchemaContracts" name="test_evidence_schema_v1_exists" time="0.000" /><testcase classname="tests.contract.test_api_contracts.TestEvidenceSchemaContracts" name="test_evidence_optional_fields" time="0.000" /><testcase classname="tests.contract.test_event_contracts.TestEventSchemaContracts" name="test_event_schema_v1_exists" time="0.000" /><testcase classname="tests.contract.test_event_contracts.TestEventSchemaContracts" name="test_event_required_fields" time="0.000" /><testcase classname="tests.contract.test_event_contracts.TestEventSchemaContracts" name="test_event_optional_fields" time="0.000" /><testcase classname="tests.contract.test_event_contracts.TestEventPublishingContracts" name="test_valid_event_published_and_consumed" time="0.000" /><testcase classname="tests.contract.test_event_contracts.TestEventPublishingContracts" name="test_event_metrics_increment_on_publish" time="0.000" /><testcase classname="tests.contract.test_event_contracts.TestMalformedEventContracts" name="test_event_missing_required_field_raises" time="0.000" /><testcase classname="tests.contract.test_event_contracts.TestMalformedEventContracts" name="test_event_with_empty_event_id" time="0.000" /><testcase classname="tests.contract.test_event_contracts.TestDuplicateEventContracts" name="test_duplicate_event_id_published_twice" time="0.000" /><testcase classname="tests.contract.test_event_contracts.TestDuplicateEventContracts" name="test_duplicate_event_delivered_to_subscriber" time="0.051" /><testcase classname="tests.contract.test_event_contracts.TestOutOfOrderEventContracts" name="test_events_published_out_of_order" time="0.001" /><testcase classname="tests.contract.test_event_contracts.TestOutOfOrderEventContracts" name="test_late_event_does_not_crash" time="0.000" /><testcase classname="tests.contract.test_event_contracts.TestSchemaVersionCompatibility" name="test_entity_v1_to_v1_1_compatible" time="0.000" /><testcase classname="tests.contract.test_event_contracts.TestSchemaVersionCompatibility" name="test_unknown_schema_returns_false" time="0.000" /><testcase classname="tests.contract.test_event_contracts.TestSchemaVersionCompatibility" name="test_latest_version_exists" time="0.000" /><testcase classname="tests.contract.test_event_contracts.TestEventBusUnsubscribeContract" name="test_unsubscribe_stops_delivery" time="0.101" /><testcase classname="tests.contract.test_graph_contracts.TestGraphNodeContracts" name="test_graph_node_schema_v1_exists" time="0.000" /><testcase classname="tests.contract.test_graph_contracts.TestGraphNodeContracts" name="test_graph_node_requires_label" time="0.000" /><testcase classname="tests.contract.test_graph_contracts.TestGraphNodeContracts" name="test_graph_node_creates_with_all_fields" time="0.000" /><testcase classname="tests.contract.test_graph_contracts.TestGraphNodeContracts" name="test_graph_node_properties_optional" time="0.000" /><testcase classname="tests.contract.test_graph_contracts.TestGraphEdgeContracts" name="test_graph_edge_schema_v1_exists" time="0.000" /><testcase classname="tests.contract.test_graph_contracts.TestGraphEdgeContracts" name="test_graph_edge_requires_relationship_id" time="0.000" /><testcase classname="tests.contract.test_graph_contracts.TestGraphEdgeContracts" name="test_graph_edge_creates_with_all_fields" time="0.000" /><testcase classname="tests.contract.test_graph_contracts.TestGraphEdgeContracts" name="test_graph_edge_confidence_optional" time="0.000" /><testcase classname="tests.contract.test_graph_contracts.TestGraphOperationContracts" name="test_add_and_get_node" time="0.000" /><testcase classname="tests.contract.test_graph_contracts.TestGraphOperationContracts" name="test_get_nonexistent_node_returns_none" time="0.000" /><testcase classname="tests.contract.test_graph_contracts.TestGraphOperationContracts" name="test_add_edge_and_get_neighbors" time="0.000" /><testcase classname="tests.contract.test_graph_contracts.TestGraphOperationContracts" name="test_get_neighbors_returns_tuple" time="0.000" /><testcase classname="tests.contract.test_graph_contracts.TestGraphOperationContracts" name="test_find_path_returns_graphpath" time="0.000" /><testcase classname="tests.contract.test_graph_contracts.TestGraphOperationContracts" name="test_find_path_respects_max_depth" time="0.000" /><testcase classname="tests.contract.test_graph_contracts.TestGraphOperationContracts" name="test_remove_node" time="0.000" /><testcase classname="tests.contract.test_graph_contracts.TestGraphOperationContracts" name="test_remove_nonexistent_node" time="0.000" /><testcase classname="tests.contract.test_storage_contracts.TestStorageCRUDContracts" name="test_create_and_read_entity" time="0.000" /><testcase classname="tests.contract.test_storage_contracts.TestStorageCRUDContracts" name="test_update_entity" time="0.000" /><testcase classname="tests.contract.test_storage_contracts.TestStorageCRUDContracts" name="test_delete_entity" time="0.000" /><testcase classname="tests.contract.test_storage_contracts.TestStorageCRUDContracts" name="test_list_with_pagination" time="0.001" /><testcase classname="tests.contract.test_storage_contracts.TestStorageCRUDContracts" name="test_count_all_entities" time="0.001" /><testcase classname="tests.contract.test_storage_contracts.TestStorageEntityTypes" name="test_create_different_entity_types[EMAIL-kwargs0]" time="0.000" /><testcase classname="tests.contract.test_storage_contracts.TestStorageEntityTypes" name="test_create_different_entity_types[PHONE-kwargs1]" time="0.000" /><testcase classname="tests.contract.test_storage_contracts.TestStorageEntityTypes" name="test_create_different_entity_types[DOMAIN-kwargs2]" time="0.000" /><testcase classname="tests.contract.test_storage_contracts.TestSchemaMigrationContracts" name="test_entity_schema_v1_exists" time="0.000" /><testcase classname="tests.contract.test_storage_contracts.TestSchemaMigrationContracts" name="test_entity_schema_v1_1_exists" time="0.000" /><testcase classname="tests.contract.test_storage_contracts.TestSchemaMigrationContracts" name="test_v1_to_v1_1_backward_compatible" time="0.000" /><testcase classname="tests.contract.test_storage_contracts.TestSchemaMigrationContracts" name="test_migration_adds_new_optional_fields" time="0.000" /><testcase classname="tests.contract.test_storage_contracts.TestSchemaMigrationContracts" name="test_migration_preserves_existing_fields" time="0.000" /><testcase classname="tests.contract.test_storage_contracts.TestSchemaMigrationContracts" name="test_migration_fails_on_missing_required" time="0.000" /><testcase classname="tests.contract.test_storage_contracts.TestSchemaMigrationContracts" name="test_migration_with_unknown_version" time="0.000" /><testcase classname="tests.e2e.test_data_flows.TestCitizenFlow" name="test_citizen_checks_entity" time="0.001" /><testcase classname="tests.e2e.test_data_flows.TestCitizenFlow" name="test_citizen_cannot_see_restricted" time="0.001" /><testcase classname="tests.e2e.test_data_flows.TestCitizenFlow" name="test_citizen_submits_report" time="0.001" /><testcase classname="tests.e2e.test_data_flows.TestCitizenFlow" name="test_citizen_report_is_allegation" time="0.001" /><testcase classname="tests.e2e.test_data_flows.TestCitizenFlow" name="test_anonymous_report_accepted" time="0.001" /><testcase classname="tests.e2e.test_data_flows.TestPoliceFlow" name="test_police_authenticate" time="0.000" /><testcase classname="tests.e2e.test_data_flows.TestPoliceFlow" name="test_police_rejects_invalid_key" time="0.000" /><testcase classname="tests.e2e.test_data_flows.TestPoliceFlow" name="test_police_api_full_access" time="0.000" /><testcase classname="tests.e2e.test_data_flows.TestDiscoveryFlow" name="test_seed_generates_tasks" time="0.000" /><testcase classname="tests.e2e.test_data_flows.TestDiscoveryFlow" name="test_discovery_executes" time="0.000" /><testcase classname="tests.e2e.test_data_flows.TestDiscoveryFlow" name="test_resource_controller_allows" time="0.000" /><testcase classname="tests.e2e.test_data_flows.TestDiscoveryFlow" name="test_depth_limit_blocks" time="0.000" /><testcase classname="tests.e2e.test_data_flows.TestDiscoveryFlow" name="test_source_failure_handled" time="0.000" /><testcase classname="tests.e2e.test_data_flows.TestCrossBorderFlow" name="test_cross_border_create_and_validate" time="0.000" /><testcase classname="tests.e2e.test_data_flows.TestCrossBorderFlow" name="test_cross_border_audit_trail" time="0.000" /><testcase classname="tests.e2e.test_data_flows.TestFraudReportingPipeline" name="test_triage_and_scoring" time="0.001" /><testcase classname="tests.e2e.test_data_flows.TestAutonomousIntelligenceLoop" name="test_signal_to_discovery" time="0.000" /><testcase classname="tests.e2e.test_data_flows.TestEvidenceFlow" name="test_evidence_creation_and_retrieval" time="0.000" /><testcase classname="tests.e2e.test_data_flows.TestEvidenceFlow" name="test_evidence_custody_chain" time="0.000" /><testcase classname="tests.fault_injection.test_fault_injection.TestServiceTimeoutHandling" name="test_slow_handler_does_not_block_indefinitely" time="0.502" /><testcase classname="tests.fault_injection.test_fault_injection.TestServiceTimeoutHandling" name="test_repository_operation_timeout_protection" time="0.002" /><testcase classname="tests.fault_injection.test_fault_injection.TestRetryExhaustion" name="test_handler_fails_then_succeeds" time="0.302" /><testcase classname="tests.fault_injection.test_fault_injection.TestRetryExhaustion" name="test_handler_always_fails_goes_to_dlq" time="0.101" /><testcase classname="tests.fault_injection.test_fault_injection.TestPartialWriteRecovery" name="test_partial_entity_creation" time="0.001" /><testcase classname="tests.fault_injection.test_fault_injection.TestPartialWriteRecovery" name="test_partial_evidence_creation" time="0.000" /><testcase classname="tests.fault_injection.test_fault_injection.TestCorruptedMessageHandling" name="test_event_with_invalid_payload_type" time="0.000" /><testcase classname="tests.fault_injection.test_fault_injection.TestCorruptedMessageHandling" name="test_event_with_large_payload" time="0.000" /><testcase classname="tests.fault_injection.test_fault_injection.TestReplayAttackDetection" name="test_same_event_processed_twice" time="0.051" /><testcase classname="tests.fault_injection.test_fault_injection.TestReplayAttackDetection" name="test_event_with_different_payload_same_id" time="0.001" /><testcase classname="tests.fault_injection.test_fault_injection.TestUnavailableDependency" name="test_cache_available_after_clear" time="0.000" /><testcase classname="tests.fault_injection.test_fault_injection.TestUnavailableDependency" name="test_graph_after_failed_operation" time="0.000" /><testcase classname="tests.fault_injection.test_idempotency.TestEventBusIdempotency" name="test_same_event_id_published_twice_both_recorded" time="0.000" /><testcase classname="tests.fault_injection.test_idempotency.TestEventBusIdempotency" name="test_subscriber_receives_both_duplicates" time="0.051" /><testcase classname="tests.fault_injection.test_idempotency.TestEntityDedup" name="test_same_normalized_value_different_ids" time="0.001" /><testcase classname="tests.fault_injection.test_idempotency.TestEntityDedup" name="test_find_by_normalized_value" time="0.000" /><testcase classname="tests.fault_injection.test_idempotency.TestCacheDedup" name="test_cache_set_same_key_twice_overwrites" time="0.000" /><testcase classname="tests.fault_injection.test_idempotency.TestCacheDedup" name="test_cache_exists_after_overwrite" time="0.000" /><testcase classname="tests.fault_injection.test_idempotency.TestDLQReplay" name="test_dlq_entry_exists_after_failure" time="0.001" /><testcase classname="tests.fault_injection.test_idempotency.TestDLQReplay" name="test_dlq_replay_with_fixed_handler" time="0.000" /><testcase classname="tests.fault_injection.test_idempotency.TestBackpressure" name="test_1000_events_rapid_publish_no_crash" time="0.005" /><testcase classname="tests.fault_injection.test_idempotency.TestBackpressure" name="test_rapid_publish_to_slow_handler" time="0.110" /><testcase classname="tests.fault_injection.test_idempotency.TestBackpressure" name="test_rapid_entity_creation_backpressure" time="0.041" /><testcase classname="tests.fault_injection.test_parsers_redaction.TestPIIRedaction" name="test_redact_email" time="0.000" /><testcase classname="tests.fault_injection.test_parsers_redaction.TestPIIRedaction" name="test_redact_phone" time="0.000" /><testcase classname="tests.fault_injection.test_parsers_redaction.TestPIIRedaction" name="test_redact_ssn" time="0.000" /><testcase classname="tests.fault_injection.test_parsers_redaction.TestPIIRedaction" name="test_redact_credit_card" time="0.000" /><testcase classname="tests.fault_injection.test_parsers_redaction.TestPIIRedaction" name="test_redact_multiple_pii" time="0.000" /><testcase classname="tests.fault_injection.test_parsers_redaction.TestPIIRedaction" name="test_no_pii_unchanged" time="0.000" /><testcase classname="tests.fault_injection.test_parsers_redaction.TestInputSanitization" name="test_sanitize_xss" time="0.000" /><testcase classname="tests.fault_injection.test_parsers_redaction.TestInputSanitization" name="test_sanitize_path_traversal" time="0.000" /><testcase classname="tests.fault_injection.test_parsers_redaction.TestInputSanitization" name="test_sanitize_null_bytes" time="0.000" /><testcase classname="tests.fault_injection.test_parsers_redaction.TestInputSanitization" name="test_sanitize_clean_text_unchanged" time="0.000" /><testcase classname="tests.fault_injection.test_parsers_redaction.TestInjectionDetection" name="test_detect_sql_injection" time="0.000" /><testcase classname="tests.fault_injection.test_parsers_redaction.TestInjectionDetection" name="test_detect_xss" time="0.000" /><testcase classname="tests.fault_injection.test_parsers_redaction.TestInjectionDetection" name="test_detect_path_traversal" time="0.000" /><testcase classname="tests.fault_injection.test_parsers_redaction.TestInjectionDetection" name="test_detect_null_byte" time="0.000" /><testcase classname="tests.fault_injection.test_parsers_redaction.TestInjectionDetection" name="test_no_threats_in_clean_text" time="0.000" /><testcase classname="tests.fault_injection.test_parsers_redaction.TestFormatValidation" name="test_valid_email" time="0.000" /><testcase classname="tests.fault_injection.test_parsers_redaction.TestFormatValidation" name="test_invalid_email" time="0.000" /><testcase classname="tests.fault_injection.test_parsers_redaction.TestFormatValidation" name="test_valid_phone" time="0.000" /><testcase classname="tests.fault_injection.test_parsers_redaction.TestFormatValidation" name="test_invalid_phone" time="0.000" /><testcase classname="tests.fault_injection.test_parsers_redaction.TestFormatValidation" name="test_valid_domain" time="0.000" /><testcase classname="tests.fault_injection.test_parsers_redaction.TestFormatValidation" name="test_invalid_domain" time="0.000" /><testcase classname="tests.fault_injection.test_parsers_redaction.TestFormatValidation" name="test_valid_url" time="0.000" /><testcase classname="tests.fault_injection.test_parsers_redaction.TestFormatValidation" name="test_invalid_url" time="0.000" /><testcase classname="tests.fault_injection.test_parsers_redaction.TestFormatValidation" name="test_valid_bitcoin_address" time="0.000" /><testcase classname="tests.fault_injection.test_parsers_redaction.TestFormatValidation" name="test_valid_ethereum_address" time="0.000" /><testcase classname="tests.fault_injection.test_parsers_redaction.TestFormatValidation" name="test_invalid_crypto_address" time="0.000" /><testcase classname="tests.fault_injection.test_parsers_redaction.TestEncodingEdgeCases" name="test_utf8_text" time="0.000" /><testcase classname="tests.fault_injection.test_parsers_redaction.TestEncodingEdgeCases" name="test_emoji_text" time="0.000" /><testcase classname="tests.fault_injection.test_parsers_redaction.TestEncodingEdgeCases" name="test_empty_string" time="0.000" /><testcase classname="tests.fault_injection.test_parsers_redaction.TestEncodingEdgeCases" name="test_very_long_string" time="0.002" /><testcase classname="tests.fault_injection.test_parsers_redaction.TestEncodingEdgeCases" name="test_null_bytes_in_redaction" time="0.000" /><testcase classname="tests.fault_injection.test_property_based.TestEntityNormalizationProperty" name="test_phone_normalization_produces_valid_entity[+34612345678]" time="0.000" /><testcase classname="tests.fault_injection.test_property_based.TestEntityNormalizationProperty" name="test_phone_normalization_produces_valid_entity[0034 612 345 678]" time="0.130" /><testcase classname="tests.fault_injection.test_property_based.TestEntityNormalizationProperty" name="test_phone_normalization_produces_valid_entity[+44 7123 456789]" time="0.000" /><testcase classname="tests.fault_injection.test_property_based.TestEntityNormalizationProperty" name="test_phone_normalization_produces_valid_entity[+1 555 123 4567]" time="0.000" /><testcase classname="tests.fault_injection.test_property_based.TestEntityNormalizationProperty" name="test_phone_normalization_produces_valid_entity[(555) 123-4567]" time="0.000" /><testcase classname="tests.fault_injection.test_property_based.TestEntityNormalizationProperty" name="test_phone_format_validation_property" time="0.000" /><testcase classname="tests.fault_injection.test_property_based.TestEntityNormalizationProperty" name="test_invalid_phone_rejected" time="0.000" /><testcase classname="tests.fault_injection.test_property_based.TestRiskScoringProperty" name="test_score_always_in_range" time="0.000" /><testcase classname="tests.fault_injection.test_property_based.TestRiskScoringProperty" name="test_empty_risk_factors_safe" time="0.000" /><testcase classname="tests.fault_injection.test_property_based.TestEvidenceHashProperty" name="test_same_content_same_hash" time="0.000" /><testcase classname="tests.fault_injection.test_property_based.TestEvidenceHashProperty" name="test_different_content_different_hash" time="0.000" /><testcase classname="tests.fault_injection.test_property_based.TestEvidenceHashProperty" name="test_hash_is_64_chars_hex" time="0.000" /><testcase classname="tests.fault_injection.test_property_based.TestEvidenceHashProperty" name="test_hash_consistency[]" time="0.000" /><testcase classname="tests.fault_injection.test_property_based.TestEvidenceHashProperty" name="test_hash_consistency[a]" time="0.000" /><testcase classname="tests.fault_injection.test_property_based.TestEvidenceHashProperty" name="test_hash_consistency[test]" time="0.000" /><testcase classname="tests.fault_injection.test_property_based.TestEvidenceHashProperty" name="test_hash_consistency[\x00\x01\x02]" time="0.000" /><testcase classname="tests.fault_injection.test_property_based.TestEvidenceHashProperty" name="test_hash_consistency[\xff\xfe]" time="0.000" /><testcase classname="tests.fault_injection.test_property_based.TestGraphPathProperty" name="test_transitive_path_exists" time="0.000" /><testcase classname="tests.fault_injection.test_property_based.TestGraphPathProperty" name="test_disconnected_nodes_no_path" time="0.000" /><testcase classname="tests.fault_injection.test_property_based.TestSearchQueryProperty" name="test_empty_query_does_not_crash" time="0.000" /><testcase classname="tests.fault_injection.test_property_based.TestSearchQueryProperty" name="test_very_long_query_does_not_crash" time="0.000" /><testcase classname="tests.fault_injection.test_property_based.TestSearchQueryProperty" name="test_special_chars_query_does_not_crash" time="0.000" /><testcase classname="tests.fault_injection.test_property_based.TestRandomInputProperty" name="test_random_email_validation" time="0.000" /><testcase classname="tests.fault_injection.test_property_based.TestRandomInputProperty" name="test_random_phone_validation" time="0.000" /><testcase classname="tests.fault_injection.test_property_based.TestRandomInputProperty" name="test_random_domain_validation" time="0.000" /><testcase classname="tests.fault_injection.test_property_based.TestRandomInputProperty" name="test_random_redaction" time="0.001" /><testcase classname="tests.integration.test_pilot_api.TestHealth" name="test_health_check" time="0.003" /><testcase classname="tests.integration.test_pilot_api.TestHealth" name="test_readiness_check" time="0.001" /><testcase classname="tests.integration.test_pilot_api.TestCitizenReport" name="test_submit_report" time="0.002" /><testcase classname="tests.integration.test_pilot_api.TestCitizenReport" name="test_submit_report_minimal" time="0.001" /><testcase classname="tests.integration.test_pilot_api.TestCitizenReport" name="test_submit_report_anonymous" time="0.001" /><testcase classname="tests.integration.test_pilot_api.TestCitizenReport" name="test_submit_report_validation_short_description" time="0.001" /><testcase classname="tests.integration.test_pilot_api.TestCitizenReport" name="test_submit_report_validation_missing_type" time="0.001" /><testcase classname="tests.integration.test_pilot_api.TestCitizenReport" name="test_get_report" time="0.001" /><testcase classname="tests.integration.test_pilot_api.TestTriage" name="test_triage_report" time="0.001" /><testcase classname="tests.integration.test_pilot_api.TestAlerts" name="test_create_alert" time="0.001" /><testcase classname="tests.integration.test_pilot_api.TestAlerts" name="test_create_alert_minimal" time="0.001" /><testcase classname="tests.integration.test_pilot_api.TestAlerts" name="test_create_alert_validation_missing_field" time="0.001" /><testcase classname="tests.integration.test_pilot_api.TestPoliceAPI" name="test_police_query_unauthorized" time="0.001" /><testcase classname="tests.integration.test_pilot_api.TestPoliceAPI" name="test_police_query_authorized" time="0.001" /><testcase classname="tests.integration.test_pilot_api.TestPoliceAPI" name="test_police_query_entity" time="0.001" /><testcase classname="tests.integration.test_pilot_api.TestPoliceAPI" name="test_police_query_campaign" time="0.001" /><testcase classname="tests.integration.test_pilot_api.TestCorrelationID" name="test_correlation_id_generated" time="0.001" /><testcase classname="tests.integration.test_pilot_api.TestCorrelationID" name="test_correlation_id_preserved" time="0.001" /><testcase classname="tests.integration.test_pilot_api.TestCorrelationID" name="test_correlation_id_on_error" time="0.001" /><testcase classname="tests.integration.test_pilot_api.TestOpenAPI" name="test_openapi_json" time="0.016" /><testcase classname="tests.integration.test_pilot_api.TestOpenAPI" name="test_docs_available" time="0.001" /><testcase classname="tests.integration.test_pilot_golden_path.TestGoldenPath" name="test_citizen_submits_report" time="0.000" /><testcase classname="tests.integration.test_pilot_golden_path.TestGoldenPath" name="test_citizen_check_entity" time="0.000" /><testcase classname="tests.integration.test_pilot_golden_path.TestGoldenPath" name="test_report_triage" time="0.000" /><testcase classname="tests.integration.test_pilot_golden_path.TestGoldenPath" name="test_report_scoring" time="0.000" /><testcase classname="tests.integration.test_pilot_golden_path.TestGoldenPath" name="test_fraud_detection_signals" time="0.000" /><testcase classname="tests.integration.test_pilot_golden_path.TestGoldenPath" name="test_campaign_detection" time="0.000" /><testcase classname="tests.integration.test_pilot_golden_path.TestGoldenPath" name="test_campaign_engine_create" time="0.000" /><testcase classname="tests.integration.test_pilot_golden_path.TestGoldenPath" name="test_alert_escalation" time="0.000" /><testcase classname="tests.integration.test_pilot_golden_path.TestGoldenPath" name="test_police_query" time="0.000" /><testcase classname="tests.integration.test_pilot_golden_path.TestGoldenPath" name="test_global_matching" time="0.000" /><testcase classname="tests.integration.test_pilot_golden_path.TestGoldenPath" name="test_full_golden_path" time="0.000" /><testcase classname="tests.integration.test_pilot_golden_path.TestFailurePaths" name="test_report_without_description_rejected" time="0.000" /><testcase classname="tests.integration.test_pilot_golden_path.TestFailurePaths" name="test_report_invalid_entity_type" time="0.000" /><testcase classname="tests.integration.test_pilot_golden_path.TestFailurePaths" name="test_citizen_check_public_only" time="0.000" /><testcase classname="tests.integration.test_pilot_golden_path.TestFailurePaths" name="test_cross_tenant_isolation" time="0.000" /><testcase classname="tests.integration.test_pilot_golden_path.TestAuditTrail" name="test_report_has_id_and_status" time="0.000" /><testcase classname="tests.integration.test_pilot_golden_path.TestAuditTrail" name="test_alert_has_tracking" time="0.000" /><testcase classname="tests.load.test_capacity.TestEntityRepositoryCapacity" name="test_create_10000_entities" time="0.246" /><testcase classname="tests.load.test_capacity.TestEntityRepositoryCapacity" name="test_10000_entities_under_5_seconds" time="0.227" /><testcase classname="tests.load.test_capacity.TestEntityRepositoryCapacity" name="test_paginated_read_large_dataset" time="0.009" /><testcase classname="tests.load.test_capacity.TestGraphEngineCapacity" name="test_graph_handles_1000_nodes" time="0.002" /><testcase classname="tests.load.test_capacity.TestGraphEngineCapacity" name="test_graph_handles_5000_edges" time="0.011" /><testcase classname="tests.load.test_capacity.TestGraphEngineCapacity" name="test_graph_build_under_5_seconds" time="0.157" /><testcase classname="tests.load.test_capacity.TestGraphEngineCapacity" name="test_graph_path_finding_on_large_graph" time="0.002" /><testcase classname="tests.load.test_capacity.TestEventBusCapacity" name="test_event_bus_handles_10000_events" time="0.034" /><testcase classname="tests.load.test_capacity.TestEventBusCapacity" name="test_event_bus_10000_events_under_5_seconds" time="0.188" /><testcase classname="tests.load.test_capacity.TestEventBusCapacity" name="test_event_bus_with_subscriber_throughput" time="0.105" /><testcase classname="tests.load.test_capacity.TestSearchCapacity" name="test_search_index_10000_entities" time="0.226" /><testcase classname="tests.load.test_capacity.TestSearchCapacity" name="test_search_query_on_large_index" time="0.008" /><testcase classname="tests.load.test_capacity.TestSearchCapacity" name="test_search_build_under_5_seconds" time="0.218" /><testcase classname="tests.load.test_capacity.TestEvidenceVaultCapacity" name="test_evidence_vault_handles_1000_items" time="0.151" /><testcase classname="tests.load.test_capacity.TestEvidenceVaultCapacity" name="test_evidence_vault_1000_under_5_seconds" time="0.015" /><testcase classname="tests.load.test_capacity.TestCacheCapacity" name="test_cache_handles_10000_entries" time="0.002" /><testcase classname="tests.load.test_capacity.TestCacheCapacity" name="test_cache_10000_entries_under_5_seconds" time="0.002" /><testcase classname="tests.load.test_capacity.TestCacheCapacity" name="test_cache_delete_works" time="0.000" /><testcase classname="tests.load.test_failure_modes.TestEventBusFailureModes" name="test_subscriber_error_does_not_crash_bus" time="0.302" /><testcase classname="tests.load.test_failure_modes.TestEventBusFailureModes" name="test_bus_with_no_subscribers" time="0.000" /><testcase classname="tests.load.test_failure_modes.TestEventBusFailureModes" name="test_bus_dlq_entries_on_subscriber_failure" time="0.302" /><testcase classname="tests.load.test_failure_modes.TestDatabaseFailureModes" name="test_empty_repository_returns_empty_list" time="0.000" /><testcase classname="tests.load.test_failure_modes.TestDatabaseFailureModes" name="test_get_nonexistent_returns_none" time="0.000" /><testcase classname="tests.load.test_failure_modes.TestDatabaseFailureModes" name="test_delete_nonexistent_returns_false" time="0.000" /><testcase classname="tests.load.test_failure_modes.TestDatabaseFailureModes" name="test_count_on_empty_repository" time="0.000" /><testcase classname="tests.load.test_failure_modes.TestCacheFailureModes" name="test_cache_miss_returns_none" time="0.000" /><testcase classname="tests.load.test_failure_modes.TestCacheFailureModes" name="test_cache_delete_nonexistent" time="0.000" /><testcase classname="tests.load.test_failure_modes.TestCacheFailureModes" name="test_cache_exists_nonexistent" time="0.000" /><testcase classname="tests.load.test_failure_modes.TestGraphFailureModes" name="test_graph_handles_missing_nodes" time="0.000" /><testcase classname="tests.load.test_failure_modes.TestGraphFailureModes" name="test_graph_handles_missing_neighbors" time="0.000" /><testcase classname="tests.load.test_failure_modes.TestGraphFailureModes" name="test_graph_handles_path_not_found" time="0.000" /><testcase classname="tests.load.test_failure_modes.TestEvidenceVaultFailureModes" name="test_vault_get_nonexistent_returns_none" time="0.000" /><testcase classname="tests.load.test_failure_modes.TestEvidenceVaultFailureModes" name="test_vault_list_on_empty" time="0.000" /><testcase classname="tests.load.test_failure_modes.TestSearchFailureModes" name="test_search_empty_index" time="0.000" /><testcase classname="tests.load.test_failure_modes.TestSearchFailureModes" name="test_search_empty_query" time="0.000" /><testcase classname="tests.load.test_failure_modes.TestSearchFailureModes" name="test_search_long_query" time="0.000" /><testcase classname="tests.load.test_failure_modes.TestRetryPattern" name="test_retry_attempts_on_transient_failure" time="0.000" /><testcase classname="tests.load.test_slo_definitions.TestSLODefinitions" name="test_entity_resolution_latency_is_reasonable" time="0.000" /><testcase classname="tests.load.test_slo_definitions.TestSLODefinitions" name="test_graph_query_latency_is_reasonable" time="0.000" /><testcase classname="tests.load.test_slo_definitions.TestSLODefinitions" name="test_search_latency_is_reasonable" time="0.000" /><testcase classname="tests.load.test_slo_definitions.TestSLODefinitions" name="test_evidence_vault_create_latency_is_reasonable" time="0.000" /><testcase classname="tests.load.test_slo_definitions.TestSLODefinitions" name="test_api_gateway_latency_is_reasonable" time="0.000" /><testcase classname="tests.load.test_slo_definitions.TestSLODefinitions" name="test_ai_gateway_latency_is_reasonable" time="0.000" /><testcase classname="tests.load.test_slo_definitions.TestSLODefinitions" name="test_entity_create_throughput_is_adequate" time="0.000" /><testcase classname="tests.load.test_slo_definitions.TestSLODefinitions" name="test_event_bus_throughput_is_adequate" time="0.000" /><testcase classname="tests.load.test_slo_definitions.TestSLODefinitions" name="test_search_throughput_is_adequate" time="0.000" /><testcase classname="tests.load.test_slo_definitions.TestSLODefinitions" name="test_availability_target_is_high" time="0.000" /><testcase classname="tests.load.test_slo_definitions.TestSLODefinitions" name="test_rto_is_within_5_minutes" time="0.000" /><testcase classname="tests.load.test_slo_definitions.TestSLODefinitions" name="test_rpo_is_within_1_minute" time="0.000" /><testcase classname="tests.load.test_slo_definitions.TestSLODefinitions" name="test_capacity_targets_are_scalable" time="0.000" /><testcase classname="tests.load.test_slo_definitions.TestSLODefinitions" name="test_latency_ordering_is_consistent" time="0.000" /><testcase classname="tests.production.test_deployment_acceptance" name="test_k8s_cluster_health" time="0.061" /><testcase classname="tests.production.test_deployment_acceptance" name="test_vault_connectivity" time="0.002" /><testcase classname="tests.production.test_deployment_acceptance" name="test_kafka_topics_created" time="0.000" /><testcase classname="tests.production.test_deployment_acceptance" name="test_postgresql_connectivity" time="0.000" /><testcase classname="tests.production.test_deployment_acceptance" name="test_neo4j_connectivity" time="0.004" /><testcase classname="tests.production.test_deployment_acceptance" name="test_opensearch_connectivity" time="0.003" /><testcase classname="tests.production.test_deployment_acceptance" name="test_redis_connectivity" time="0.000" /><testcase classname="tests.production.test_deployment_acceptance" name="test_s3_connectivity" time="0.001" /><testcase classname="tests.production.test_deployment_acceptance" name="test_tls_certificates_valid" time="0.004" /><testcase classname="tests.production.test_deployment_acceptance" name="test_network_policies_enforced" time="0.131" /><testcase classname="tests.production.test_deployment_acceptance" name="test_rbac_configured" time="0.087" /><testcase classname="tests.production.test_deployment_acceptance" name="test_monitoring_stack" time="0.002" /><testcase classname="tests.production.test_go_no_go_gates" name="test_gate_definitions_exist" time="0.000" /><testcase classname="tests.production.test_go_no_go_gates" name="test_gate_attributes" time="0.000" /><testcase classname="tests.production.test_go_no_go_gates" name="test_evaluate_all_returns_blocked" time="0.000" /><testcase classname="tests.production.test_go_no_go_gates" name="test_individual_gate_evaluation_returns_not_ready" time="0.000" /><testcase classname="tests.production.test_go_no_go_gates" name="test_gate_json_serialization" time="0.000" /><testcase classname="tests.production.test_go_no_go_gates" name="test_custom_evaluator" time="0.000" /><testcase classname="tests.production.test_terraform_iac" name="test_terraform_files_exist[main.tf]" time="0.000" /><testcase classname="tests.production.test_terraform_iac" name="test_terraform_files_exist[variables.tf]" time="0.000" /><testcase classname="tests.production.test_terraform_iac" name="test_terraform_files_exist[aws-stateful.tf]" time="0.000" /><testcase classname="tests.production.test_terraform_iac" name="test_terraform_files_exist[hetzner.tf]" time="0.000" /><testcase classname="tests.production.test_terraform_iac" name="test_terraform_files_exist[security.tf]" time="0.000" /><testcase classname="tests.production.test_terraform_iac" name="test_terraform_files_exist[outputs.tf]" time="0.000" /><testcase classname="tests.production.test_terraform_iac" name="test_k3s_scripts_exist" time="0.000" /><testcase classname="tests.production.test_terraform_iac" name="test_terraform_required_version" time="0.000" /><testcase classname="tests.production.test_terraform_iac" name="test_aws_provider_configured" time="0.000" /><testcase classname="tests.production.test_terraform_iac" name="test_hetzner_provider_configured" time="0.000" /><testcase classname="tests.production.test_terraform_iac" name="test_s3_backend_configured" time="0.000" /><testcase classname="tests.production.test_terraform_iac" name="test_rds_postgres_defined" time="0.000" /><testcase classname="tests.production.test_terraform_iac" name="test_msk_kafka_defined" time="0.000" /><testcase classname="tests.production.test_terraform_iac" name="test_opensearch_defined" time="0.000" /><testcase classname="tests.production.test_terraform_iac" name="test_elasticache_redis_defined" time="0.000" /><testcase classname="tests.production.test_terraform_iac" name="test_s3_evidence_worm_compliance" time="0.000" /><testcase classname="tests.production.test_terraform_iac" name="test_kms_key_defined" time="0.000" /><testcase classname="tests.production.test_terraform_iac" name="test_hetzner_master_node" time="0.000" /><testcase classname="tests.production.test_terraform_iac" name="test_hetzner_worker_nodes" time="0.000" /><testcase classname="tests.production.test_terraform_iac" name="test_hetzner_private_network" time="0.000" /><testcase classname="tests.production.test_terraform_iac" name="test_hetzner_firewall_rules" time="0.000" /><testcase classname="tests.production.test_terraform_iac" name="test_security_groups_restrict_access" time="0.000" /><testcase classname="tests.production.test_terraform_iac" name="test_no_hardcoded_secrets" time="0.000" /><testcase classname="tests.production.test_terraform_iac" name="test_sensitive_variables_marked" time="0.000" /><testcase classname="tests.production.test_terraform_iac" name="test_outputs_defined" time="0.000" /><testcase classname="tests.production.test_terraform_iac" name="test_sensitive_outputs_marked" time="0.000" /><testcase classname="tests.security.test_access_control_matrix.TestAccessControlMatrix" name="test_all_roles_defined" time="0.000" /><testcase classname="tests.security.test_access_control_matrix.TestAccessControlMatrix" name="test_all_resources_defined" time="0.000" /><testcase classname="tests.security.test_access_control_matrix.TestAccessControlMatrix" name="test_all_actions_defined" time="0.000" /><testcase classname="tests.security.test_access_control_matrix.TestAccessControlMatrix" name="test_citizen_can_read_entity" time="0.000" /><testcase classname="tests.security.test_access_control_matrix.TestAccessControlMatrix" name="test_citizen_cannot_delete_entity" time="0.000" /><testcase classname="tests.security.test_access_control_matrix.TestAccessControlMatrix" name="test_citizen_cannot_access_user_management" time="0.000" /><testcase classname="tests.security.test_access_control_matrix.TestAccessControlMatrix" name="test_analyst_can_create_entity" time="0.000" /><testcase classname="tests.security.test_access_control_matrix.TestAccessControlMatrix" name="test_analyst_cannot_approve_report" time="0.000" /><testcase classname="tests.security.test_access_control_matrix.TestAccessControlMatrix" name="test_analyst_cannot_access_federation" time="0.000" /><testcase classname="tests.security.test_access_control_matrix.TestAccessControlMatrix" name="test_supervisor_can_approve" time="0.000" /><testcase classname="tests.security.test_access_control_matrix.TestAccessControlMatrix" name="test_admin_has_all_entity_actions" time="0.000" /><testcase classname="tests.security.test_access_control_matrix.TestAccessControlMatrix" name="test_admin_can_manage_users" time="0.000" /><testcase classname="tests.security.test_access_control_matrix.TestAccessControlMatrix" name="test_federation_partner_read_only" time="0.000" /><testcase classname="tests.security.test_access_control_matrix.TestAccessControlMatrix" name="test_federation_partner_can_share_reports" time="0.000" /><testcase classname="tests.security.test_access_control_matrix.TestAccessControlMatrix" name="test_system_has_full_access" time="0.000" /><testcase classname="tests.security.test_access_control_matrix.TestAccessControlMatrix" name="test_get_permissions_returns_dict" time="0.000" /><testcase classname="tests.security.test_access_control_matrix.TestAccessControlMatrix" name="test_export_json" time="0.000" /><testcase classname="tests.security.test_access_control_matrix.TestAccessControlMatrix" name="test_get_denied_actions" time="0.000" /><testcase classname="tests.security.test_access_control_matrix.TestAccessControlMatrix" name="test_unknown_role_denied" time="0.000" /><testcase classname="tests.security.test_access_control_matrix.TestAccessControlMatrix" name="test_unknown_resource_denied" time="0.000" /><testcase classname="tests.security.test_adversarial.TestAuthenticationBypass" name="test_police_rejects_unknown_org" time="0.000" /><testcase classname="tests.security.test_adversarial.TestAuthenticationBypass" name="test_police_rejects_unregistered_org" time="0.000" /><testcase classname="tests.security.test_adversarial.TestAuthorizationBypass" name="test_rbac_denies_unauthorized" time="0.000" /><testcase classname="tests.security.test_adversarial.TestAuthorizationBypass" name="test_rbac_allows_authorized" time="0.000" /><testcase classname="tests.security.test_adversarial.TestAuthorizationBypass" name="test_citizen_no_restricted_data" time="0.001" /><testcase classname="tests.security.test_adversarial.TestAuthorizationBypass" name="test_classification_enforced" time="0.000" /><testcase classname="tests.security.test_adversarial.TestTenantIsolation" name="test_cross_border_isolation" time="0.000" /><testcase classname="tests.security.test_adversarial.TestPromptInjectionDefense" name="test_basic_injection_detected" time="0.000" /><testcase classname="tests.security.test_adversarial.TestPromptInjectionDefense" name="test_ignore_instructions_detected" time="0.000" /><testcase classname="tests.security.test_adversarial.TestPromptInjectionDefense" name="test_system_override_detected" time="0.000" /><testcase classname="tests.security.test_adversarial.TestPromptInjectionDefense" name="test_sanitization_wraps_content" time="0.000" /><testcase classname="tests.security.test_adversarial.TestPromptInjectionDefense" name="test_legitimate_content_not_flagged" time="0.000" /><testcase classname="tests.security.test_adversarial.TestPromptInjectionDefense" name="test_embedded_injection_in_report" time="0.000" /><testcase classname="tests.security.test_adversarial.TestAdversarialIntelligenceInputs" name="test_malicious_html_detected" time="0.000" /><testcase classname="tests.security.test_adversarial.TestAdversarialIntelligenceInputs" name="test_malformed_stix_handled" time="0.000" /><testcase classname="tests.security.test_adversarial.TestAdversarialIntelligenceInputs" name="test_false_report_is_allegation" time="0.001" /><testcase classname="tests.security.test_adversarial.TestAdversarialIntelligenceInputs" name="test_conflicting_sources_accepted" time="0.002" /><testcase classname="tests.security.test_adversarial.TestAdversarialIntelligenceInputs" name="test_duplicate_flooding_handled" time="0.004" /><testcase classname="tests.security.test_adversarial.TestRateLimitBypass" name="test_rate_limiter_enforced" time="0.001" /><testcase classname="tests.security.test_adversarial.TestRateLimitBypass" name="test_rate_limiter_allows_under_limit" time="0.000" /><testcase classname="tests.security.test_adversarial.TestClassificationBypass" name="test_compliance_enforces_classification" time="0.000" /><testcase classname="tests.security.test_adversarial.TestClassificationBypass" name="test_classification_in_entity" time="0.000" /><testcase classname="tests.security.test_adversarial.TestJurisdictionBypass" name="test_cross_border_jurisdiction" time="0.000" /><testcase classname="tests.security.test_adversarial.TestSecretExposure" name="test_no_hardcoded_secrets" time="0.028" /><testcase classname="tests.security.test_adversarial.TestGraphExplosionPrevention" name="test_graph_handles_many_nodes" time="0.001" /><testcase classname="tests.security.test_adversarial.TestGraphExplosionPrevention" name="test_graph_handles_many_edges" time="0.001" /><testcase classname="tests.security.test_adversarial.TestDataLeakagePrevention" name="test_citizen_response_no_restricted_fields" time="0.001" /><testcase classname="tests.security.test_adversarial.TestDataLeakagePrevention" name="test_error_no_info_leak" time="0.000" /><testcase classname="tests.security.test_audit_verification.TestAuditLogGeneration" name="test_log_creates_entry" time="0.000" /><testcase classname="tests.security.test_audit_verification.TestAuditLogGeneration" name="test_log_contains_required_fields" time="0.000" /><testcase classname="tests.security.test_audit_verification.TestAuditLogGeneration" name="test_audit_log_correlation_id" time="0.000" /><testcase classname="tests.security.test_audit_verification.TestAuditLogFiltering" name="test_filter_by_user" time="0.000" /><testcase classname="tests.security.test_audit_verification.TestAuditLogFiltering" name="test_filter_by_event_type" time="0.000" /><testcase classname="tests.security.test_audit_verification.TestAuditLogImmutability" name="test_audit_event_fields_immutable" time="0.000" /><testcase classname="tests.security.test_audit_verification.TestAuditLogImmutability" name="test_audit_log_grows_monotonically" time="0.001" /><testcase classname="tests.security.test_resilience.TestDatabaseResilience" name="test_entity_repo_not_found_returns_none" time="0.000" /><testcase classname="tests.security.test_resilience.TestDatabaseResilience" name="test_entity_repo_count_returns_zero" time="0.000" /><testcase classname="tests.security.test_resilience.TestGraphResilience" name="test_graph_handles_missing_nodes" time="0.000" /><testcase classname="tests.security.test_resilience.TestGraphResilience" name="test_graph_handles_missing_neighbors" time="0.000" /><testcase classname="tests.security.test_resilience.TestGraphResilience" name="test_graph_handles_path_not_found" time="0.000" /><testcase classname="tests.security.test_resilience.TestEventBusResilience" name="test_event_bus_handles_no_subscribers" time="0.000" /><testcase classname="tests.security.test_resilience.TestEventBusResilience" name="test_event_bus_handles_subscriber_errors" time="0.302" /><testcase classname="tests.security.test_resilience.TestCacheResilience" name="test_cache_miss_returns_none" time="0.001" /><testcase classname="tests.security.test_resilience.TestCacheResilience" name="test_cache_set_and_get" time="0.000" /><testcase classname="tests.security.test_resilience.TestCacheResilience" name="test_cache_delete" time="0.000" /><testcase classname="tests.security.test_resilience.TestSearchResilience" name="test_search_empty_index" time="0.000" /><testcase classname="tests.security.test_resilience.TestSearchResilience" name="test_search_long_query" time="0.001" /><testcase classname="tests.security.test_resilience.TestSearchResilience" name="test_search_empty_query" time="0.000" /><testcase classname="tests.security.test_resilience.TestStorageResilience" name="test_storage_get_nonexistent" time="0.000" /><testcase classname="tests.security.test_resilience.TestStorageResilience" name="test_storage_delete_nonexistent" time="0.000" /><testcase classname="tests.security.test_resilience.TestAIProviderResilience" name="test_model_gateway_handles_no_provider" time="0.001" /><testcase classname="tests.security.test_resilience.TestAIProviderResilience" name="test_local_ai_gateway_exists" time="0.000" /><testcase classname="tests.security.test_resilience.TestExternalSourceResilience" name="test_web_discovery_engine_exists" time="0.000" /><testcase classname="tests.security.test_resilience.TestExternalSourceResilience" name="test_discovery_router_handles_failure_mode" time="0.000" /><testcase classname="tests.security.test_retention_deletion.TestEvidenceRetention" name="test_evidence_stored_with_timestamp" time="0.000" /><testcase classname="tests.security.test_retention_deletion.TestEvidenceRetention" name="test_evidence_list_returns_all" time="0.000" /><testcase classname="tests.security.test_retention_deletion.TestEvidenceRetention" name="test_compliance_check_retention" time="0.000" /><testcase classname="tests.security.test_retention_deletion.TestEntityDeletionCascade" name="test_delete_entity_removes_from_repo" time="0.000" /><testcase classname="tests.security.test_retention_deletion.TestEntityDeletionCascade" name="test_delete_node_removes_from_graph" time="0.000" /><testcase classname="tests.security.test_retention_deletion.TestEntityDeletionCascade" name="test_cascade_deletion_removes_edges" time="0.000" /><testcase classname="tests.security.test_retention_deletion.TestSoftDeletePreservesAudit" name="test_entity_has_soft_delete_field" time="0.000" /><testcase classname="tests.security.test_retention_deletion.TestSoftDeletePreservesAudit" name="test_compliance_check_access" time="0.000" /><testcase classname="tests.security.test_retention_deletion.TestSoftDeletePreservesAudit" name="test_classification_enforcement" time="0.000" /><testcase classname="tests.security.test_retention_deletion.TestHardDeletePII" name="test_hard_delete_removes_entity" time="0.000" /><testcase classname="tests.security.test_retention_deletion.TestDSAR" name="test_can_export_all_entities_for_user" time="0.000" /><testcase classname="tests.security.test_retention_deletion.TestDSAR" name="test_can_export_all_evidence" time="0.000" /><testcase classname="tests.security.test_retention_deletion.TestRightToErasure" name="test_can_delete_all_entities" time="0.000" /><testcase classname="tests.security.test_retention_deletion.TestRightToErasure" name="test_can_delete_all_evidence" time="0.000" /><testcase classname="tests.security.test_sast_scan.TestSASTScanner" name="test_detect_hardcoded_password" time="0.000" /><testcase classname="tests.security.test_sast_scan.TestSASTScanner" name="test_detect_hardcoded_api_key" time="0.000" /><testcase classname="tests.security.test_sast_scan.TestSASTScanner" name="test_detect_command_injection" time="0.000" /><testcase classname="tests.security.test_sast_scan.TestSASTScanner" name="test_detect_pickle_loads" time="0.000" /><testcase classname="tests.security.test_sast_scan.TestSASTScanner" name="test_detect_weak_crypto" time="0.000" /><testcase classname="tests.security.test_sast_scan.TestSASTScanner" name="test_detect_debug_mode" time="0.000" /><testcase classname="tests.security.test_sast_scan.TestSASTScanner" name="test_clean_code_no_findings" time="0.000" /><testcase classname="tests.security.test_sast_scan.TestSASTScanner" name="test_scan_nonexistent_file" time="0.000" /><testcase classname="tests.security.test_sast_scan.TestSASTScanner" name="test_finding_to_dict" time="0.000" /><testcase classname="tests.security.test_sast_scan.TestSecretScanner" name="test_detect_aws_key" time="0.000" /><testcase classname="tests.security.test_sast_scan.TestSecretScanner" name="test_detect_github_token" time="0.000" /><testcase classname="tests.security.test_sast_scan.TestSecretScanner" name="test_detect_private_key" time="0.000" /><testcase classname="tests.security.test_sast_scan.TestSecretScanner" name="test_clean_code_no_secret_findings" time="0.000" /><testcase classname="tests.security.test_sast_scan.TestDependencyScanner" name="test_scan_nonexistent_requirements" time="0.000" /><testcase classname="tests.security.test_sast_scan.TestDependencyScanner" name="test_scan_vulnerable_package" time="0.000" /><testcase classname="tests.security.test_sast_scan.TestDependencyScanner" name="test_scan_safe_package" time="0.000" /><testcase classname="tests.security.test_sast_scan.TestDependencyScanner" name="test_scan_multiple_packages" time="0.000" /><testcase classname="tests.security.test_sast_scan.TestDependencyScanner" name="test_scan_ignores_comments" time="0.000" /><testcase classname="tests.security.test_threat_model.TestT1UnauthorizedDataAccess" name="test_rls_isolation_between_users" time="0.000" /><testcase classname="tests.security.test_threat_model.TestT1UnauthorizedDataAccess" name="test_access_control_denies_unauthorized_read" time="0.000" /><testcase classname="tests.security.test_threat_model.TestT2DataExfiltration" name="test_rate_limiter_prevents_flood" time="0.000" /><testcase classname="tests.security.test_threat_model.TestT3SupplyChainCompromise" name="test_dependency_scanner_catches_vulnerable_package" time="0.002" /><testcase classname="tests.security.test_threat_model.TestT4InsiderThreat" name="test_audit_log_captures_admin_action" time="0.000" /><testcase classname="tests.security.test_threat_model.TestT5PrivilegeEscalation" name="test_citizen_cannot_grant_admin" time="0.000" /><testcase classname="tests.security.test_threat_model.TestT5PrivilegeEscalation" name="test_analyst_cannot_change_system_config" time="0.000" /><testcase classname="tests.security.test_threat_model.TestT6InjectionAttacks" name="test_sql_injection_detected" time="0.000" /><testcase classname="tests.security.test_threat_model.TestT6InjectionAttacks" name="test_xss_detected" time="0.000" /><testcase classname="tests.security.test_threat_model.TestT6InjectionAttacks" name="test_path_traversal_detected" time="0.000" /><testcase classname="tests.security.test_threat_model.TestT6InjectionAttacks" name="test_prompt_injection_detected" time="0.000" /><testcase classname="tests.security.test_threat_model.TestT6InjectionAttacks" name="test_input_sanitization_removes_danger" time="0.000" /><testcase classname="tests.security.test_threat_model.TestT7DoSDDoS" name="test_rate_limit_blocks_after_threshold" time="0.000" /><testcase classname="tests.security.test_threat_model.TestT7DoSDDoS" name="test_rate_limit_different_users_independent" time="0.000" /><testcase classname="tests.security.test_threat_model.TestT8Misconfiguration" name="test_sast_detects_debug_mode" time="0.000" /><testcase classname="tests.security.test_threat_model.TestT8Misconfiguration" name="test_secret_scanner_detects_exposed_key" time="0.000" /><testcase classname="tests.security.test_threat_model.TestT9SessionHijacking" name="test_audit_log_tracks_token_creation" time="0.000" /><testcase classname="tests.security.test_threat_model.TestT9SessionHijacking" name="test_audit_log_tracks_token_revocation" time="0.000" /><testcase classname="tests.security.test_threat_model.TestT10DataPoisoning" name="test_evidence_hash_verifies_integrity" time="0.000" /><testcase classname="tests.security.test_threat_model.TestT10DataPoisoning" name="test_tampered_evidence_detected" time="0.000" /><testcase classname="tests.security.test_threat_model.TestT10DataPoisoning" name="test_evidence_create_and_verify" time="0.000" /><testcase classname="tests.unit.test_ai_evaluation.TestEvalMetric" name="test_check_pass_meets_target" time="0.000" /><testcase classname="tests.unit.test_ai_evaluation.TestEvalMetric" name="test_check_pass_below_target" time="0.000" /><testcase classname="tests.unit.test_ai_evaluation.TestEvalMetric" name="test_no_target" time="0.000" /><testcase classname="tests.unit.test_ai_evaluation.TestEvalResult" name="test_add_metric" time="0.000" /><testcase classname="tests.unit.test_ai_evaluation.TestEvalResult" name="test_all_passed_true" time="0.000" /><testcase classname="tests.unit.test_ai_evaluation.TestEvalResult" name="test_all_passed_false" time="0.000" /><testcase classname="tests.unit.test_ai_evaluation.TestEvalResult" name="test_all_passed_empty" time="0.000" /><testcase classname="tests.unit.test_ai_evaluation.TestEvalResult" name="test_start_and_complete" time="0.000" /><testcase classname="tests.unit.test_ai_evaluation.TestAIEvaluationService" name="test_create_evaluation" time="0.000" /><testcase classname="tests.unit.test_ai_evaluation.TestAIEvaluationService" name="test_run_evaluation" time="0.000" /><testcase classname="tests.unit.test_ai_evaluation.TestAIEvaluationService" name="test_run_evaluation_failed" time="0.000" /><testcase classname="tests.unit.test_ai_evaluation.TestAIEvaluationService" name="test_get_result" time="0.000" /><testcase classname="tests.unit.test_ai_evaluation.TestAIEvaluationService" name="test_list_results" time="0.000" /><testcase classname="tests.unit.test_ai_evaluation.TestAIEvaluationService" name="test_list_results_by_status" time="0.000" /><testcase classname="tests.unit.test_ai_evaluation.TestModelComparison" name="test_compare_models" time="0.000" /><testcase classname="tests.unit.test_ai_evaluation.TestModelComparison" name="test_compare_models_tie" time="0.000" /><testcase classname="tests.unit.test_ai_evaluation.TestModelComparison" name="test_compare_models_b_wins" time="0.000" /><testcase classname="tests.unit.test_ai_evaluation.TestModelComparison" name="test_get_comparison" time="0.000" /><testcase classname="tests.unit.test_ai_evaluation.TestModelComparison" name="test_list_comparisons" time="0.000" /><testcase classname="tests.unit.test_ai_evaluation.TestEvaluationSummary" name="test_summary" time="0.000" /><testcase classname="tests.unit.test_ai_evaluation.TestEvaluationSummary" name="test_summary_empty" time="0.000" /><testcase classname="tests.unit.test_alert_engine.TestAlertRouter" name="test_route_urgent" time="0.000" /><testcase classname="tests.unit.test_alert_engine.TestAlertRouter" name="test_route_high" time="0.000" /><testcase classname="tests.unit.test_alert_engine.TestAlertRouter" name="test_route_medium" time="0.000" /><testcase classname="tests.unit.test_alert_engine.TestAlertRouter" name="test_route_low_digest_only" time="0.000" /><testcase classname="tests.unit.test_alert_engine.TestAlertRouter" name="test_is_digest_low" time="0.000" /><testcase classname="tests.unit.test_alert_engine.TestAlertRouter" name="test_is_digest_medium" time="0.000" /><testcase classname="tests.unit.test_alert_engine.TestAlertRouter" name="test_is_digest_high" time="0.000" /><testcase classname="tests.unit.test_alert_engine.TestAlertRouter" name="test_custom_routing_rule" time="0.000" /><testcase classname="tests.unit.test_alert_engine.TestAlertRouter" name="test_custom_rule_no_match" time="0.000" /><testcase classname="tests.unit.test_alert_engine.TestAlertRouter" name="test_custom_rule_digest_only" time="0.000" /><testcase classname="tests.unit.test_alert_engine.TestAlertRouter" name="test_remove_routing_rule" time="0.000" /><testcase classname="tests.unit.test_alert_engine.TestNotificationService" name="test_send_email" time="0.000" /><testcase classname="tests.unit.test_alert_engine.TestNotificationService" name="test_send_sms" time="0.000" /><testcase classname="tests.unit.test_alert_engine.TestNotificationService" name="test_send_webhook" time="0.000" /><testcase classname="tests.unit.test_alert_engine.TestNotificationService" name="test_get_delivery_log_all" time="0.000" /><testcase classname="tests.unit.test_alert_engine.TestNotificationService" name="test_get_delivery_log_by_alert" time="0.000" /><testcase classname="tests.unit.test_alert_engine.TestNotificationService" name="test_get_delivery_log_by_channel" time="0.000" /><testcase classname="tests.unit.test_alert_engine.TestNotificationService" name="test_mark_delivered" time="0.000" /><testcase classname="tests.unit.test_alert_engine.TestNotificationService" name="test_mark_delivered_nonexistent" time="0.000" /><testcase classname="tests.unit.test_alert_engine.TestEscalationPolicy" name="test_register_alert" time="0.000" /><testcase classname="tests.unit.test_alert_engine.TestEscalationPolicy" name="test_no_escalation_initially" time="0.000" /><testcase classname="tests.unit.test_alert_engine.TestEscalationPolicy" name="test_escalate_to_level_1" time="0.000" /><testcase classname="tests.unit.test_alert_engine.TestEscalationPolicy" name="test_escalate_to_level_2" time="0.000" /><testcase classname="tests.unit.test_alert_engine.TestEscalationPolicy" name="test_escalate_to_level_3" time="0.000" /><testcase classname="tests.unit.test_alert_engine.TestEscalationPolicy" name="test_no_escalation_if_acknowledged" time="0.000" /><testcase classname="tests.unit.test_alert_engine.TestEscalationPolicy" name="test_acknowledge_stops_escalation" time="0.000" /><testcase classname="tests.unit.test_alert_engine.TestEscalationPolicy" name="test_get_current_level" time="0.000" /><testcase classname="tests.unit.test_alert_engine.TestEscalationPolicy" name="test_custom_escalation_levels" time="0.000" /><testcase classname="tests.unit.test_alert_engine.TestEscalationPolicy" name="test_escalation_state_updated" time="0.000" /><testcase classname="tests.unit.test_alert_engine.TestAlertTemplate" name="test_render_risk_escalation" time="0.000" /><testcase classname="tests.unit.test_alert_engine.TestAlertTemplate" name="test_render_new_report" time="0.000" /><testcase classname="tests.unit.test_alert_engine.TestAlertTemplate" name="test_render_infrastructure_change" time="0.000" /><testcase classname="tests.unit.test_alert_engine.TestAlertTemplate" name="test_render_campaign_update" time="0.000" /><testcase classname="tests.unit.test_alert_engine.TestAlertTemplate" name="test_render_activity_spike" time="0.000" /><testcase classname="tests.unit.test_alert_engine.TestAlertTemplate" name="test_render_status_change" time="0.000" /><testcase classname="tests.unit.test_alert_engine.TestAlertTemplate" name="test_render_default_template" time="0.000" /><testcase classname="tests.unit.test_alert_engine.TestAlertTemplate" name="test_render_contains_alert_id" time="0.000" /><testcase classname="tests.unit.test_alert_engine.TestAlertTemplate" name="test_render_contains_timestamp" time="0.000" /><testcase classname="tests.unit.test_alert_engine.TestAlertDigest" name="test_add_alert" time="0.000" /><testcase classname="tests.unit.test_alert_engine.TestAlertDigest" name="test_add_multiple" time="0.000" /><testcase classname="tests.unit.test_alert_engine.TestAlertDigest" name="test_generate_digest" time="0.000" /><testcase classname="tests.unit.test_alert_engine.TestAlertDigest" name="test_generate_digest_grouped_by_type" time="0.000" /><testcase classname="tests.unit.test_alert_engine.TestAlertDigest" name="test_generate_digest_grouped_by_target" time="0.000" /><testcase classname="tests.unit.test_alert_engine.TestAlertDigest" name="test_digest_summary_text" time="0.000" /><testcase classname="tests.unit.test_alert_engine.TestAlertDigest" name="test_clear_digest" time="0.000" /><testcase classname="tests.unit.test_alert_engine.TestAlertDigest" name="test_empty_digest" time="0.000" /><testcase classname="tests.unit.test_alert_engine.TestAlertManager" name="test_process_urgent_alert" time="0.002" /><testcase classname="tests.unit.test_alert_engine.TestAlertManager" name="test_process_low_alert_to_digest" time="0.001" /><testcase classname="tests.unit.test_alert_engine.TestAlertManager" name="test_process_medium_alert" time="0.001" /><testcase classname="tests.unit.test_alert_engine.TestAlertManager" name="test_event_published_on_route" time="0.001" /><testcase classname="tests.unit.test_alert_engine.TestAlertManager" name="test_audit_logged_on_process" time="0.001" /><testcase classname="tests.unit.test_alert_engine.TestAlertManager" name="test_check_escalations_none_needed" time="0.001" /><testcase classname="tests.unit.test_alert_engine.TestAlertManager" name="test_check_escalations_triggered" time="0.001" /><testcase classname="tests.unit.test_alert_engine.TestAlertManager" name="test_check_escalations_event_published" time="0.001" /><testcase classname="tests.unit.test_alert_engine.TestAlertManager" name="test_check_escalations_skips_acknowledged" time="0.001" /><testcase classname="tests.unit.test_alert_engine.TestAlertManager" name="test_get_statistics" time="0.001" /><testcase classname="tests.unit.test_alert_engine.TestAlertManager" name="test_get_statistics_with_escalated" time="0.001" /><testcase classname="tests.unit.test_alert_engine.TestAlertManager" name="test_get_digest" time="0.001" /><testcase classname="tests.unit.test_alert_engine.TestAlertManager" name="test_get_delivery_log" time="0.001" /><testcase classname="tests.unit.test_alert_engine.TestAlertManager" name="test_all_alerts_tracked" time="0.001" /><testcase classname="tests.unit.test_alert_engine.TestIntegrationAlertEngine" name="test_full_pipeline_urgent" time="0.001" /><testcase classname="tests.unit.test_alert_engine.TestIntegrationAlertEngine" name="test_full_pipeline_escalation_flow" time="0.001" /><testcase classname="tests.unit.test_alert_engine.TestIntegrationAlertEngine" name="test_full_pipeline_digest_flow" time="0.001" /><testcase classname="tests.unit.test_alert_engine.TestIntegrationAlertEngine" name="test_full_pipeline_acknowledged_no_escalation" time="0.001" /><testcase classname="tests.unit.test_analytics.TestAnalyticsMetric" name="test_creation" time="0.000" /><testcase classname="tests.unit.test_analytics.TestTrendAnalysis" name="test_calculate_empty" time="0.000" /><testcase classname="tests.unit.test_analytics.TestTrendAnalysis" name="test_calculate_upward" time="0.000" /><testcase classname="tests.unit.test_analytics.TestTrendAnalysis" name="test_calculate_downward" time="0.000" /><testcase classname="tests.unit.test_analytics.TestTrendAnalysis" name="test_calculate_stable" time="0.000" /><testcase classname="tests.unit.test_analytics.TestAnalyticsService" name="test_record_metric" time="0.000" /><testcase classname="tests.unit.test_analytics.TestAnalyticsService" name="test_get_metrics" time="0.000" /><testcase classname="tests.unit.test_analytics.TestAnalyticsService" name="test_get_metrics_by_period" time="0.000" /><testcase classname="tests.unit.test_analytics.TestAnalyticsService" name="test_analyze_trend" time="0.000" /><testcase classname="tests.unit.test_analytics.TestAnalyticsService" name="test_analyze_trend_empty" time="0.000" /><testcase classname="tests.unit.test_analytics.TestFraudStats" name="test_record_fraud_stat" time="0.000" /><testcase classname="tests.unit.test_analytics.TestFraudStats" name="test_get_fraud_stat" time="0.000" /><testcase classname="tests.unit.test_analytics.TestFraudStats" name="test_list_fraud_stats" time="0.000" /><testcase classname="tests.unit.test_analytics.TestFraudStats" name="test_fraud_summary_by_category" time="0.000" /><testcase classname="tests.unit.test_analytics.TestFraudStats" name="test_fraud_summary_empty" time="0.000" /><testcase classname="tests.unit.test_analytics.TestGeoData" name="test_record_geo_data" time="0.000" /><testcase classname="tests.unit.test_analytics.TestGeoData" name="test_record_geo_data_merge" time="0.000" /><testcase classname="tests.unit.test_analytics.TestGeoData" name="test_get_geo_data" time="0.000" /><testcase classname="tests.unit.test_analytics.TestGeoData" name="test_get_top_countries" time="0.000" /><testcase classname="tests.unit.test_analytics.TestGeoData" name="test_get_top_countries_empty" time="0.000" /><testcase classname="tests.unit.test_analytics.TestDashboard" name="test_dashboard" time="0.000" /><testcase classname="tests.unit.test_analytics.TestDashboard" name="test_dashboard_empty" time="0.000" /><testcase classname="tests.unit.test_baseline_metrics.TestBaselineMetrics" name="test_create_baseline_metrics" time="0.000" /><testcase classname="tests.unit.test_baseline_metrics.TestBaselineMetrics" name="test_record_latency" time="0.000" /><testcase classname="tests.unit.test_baseline_metrics.TestBaselineMetrics" name="test_record_multiple" time="0.000" /><testcase classname="tests.unit.test_baseline_metrics.TestBaselineMetrics" name="test_percentiles" time="0.000" /><testcase classname="tests.unit.test_baseline_metrics.TestBaselineMetrics" name="test_p50_is_median" time="0.000" /><testcase classname="tests.unit.test_baseline_metrics.TestBaselineMetrics" name="test_p95_less_than_max" time="0.000" /><testcase classname="tests.unit.test_baseline_metrics.TestBaselineMetrics" name="test_min_max_mean" time="0.000" /><testcase classname="tests.unit.test_baseline_metrics.TestBaselineMetrics" name="test_slo_check_pass" time="0.000" /><testcase classname="tests.unit.test_baseline_metrics.TestBaselineMetrics" name="test_slo_check_fail" time="0.000" /><testcase classname="tests.unit.test_baseline_metrics.TestBaselineMetrics" name="test_check_all_slos" time="0.000" /><testcase classname="tests.unit.test_baseline_metrics.TestBaselineMetrics" name="test_export_json" time="0.000" /><testcase classname="tests.unit.test_baseline_metrics.TestBaselineMetrics" name="test_export_slo_report" time="0.000" /><testcase classname="tests.unit.test_baseline_metrics.TestBaselineMetrics" name="test_time_operation_context_manager" time="0.010" /><testcase classname="tests.unit.test_baseline_metrics.TestBaselineMetrics" name="test_empty_metrics_zero_percentiles" time="0.000" /><testcase classname="tests.unit.test_baseline_metrics.TestBaselineMetrics" name="test_throughput_recording" time="0.000" /><testcase classname="tests.unit.test_baseline_metrics.TestBaselineMetrics" name="test_memory_recording" time="0.000" /><testcase classname="tests.unit.test_campaign_engine.TestCampaignEngine" name="test_create_campaign" time="0.001" /><testcase classname="tests.unit.test_campaign_engine.TestCampaignEngine" name="test_create_campaign_with_entities" time="0.001" /><testcase classname="tests.unit.test_campaign_engine.TestCampaignEngine" name="test_create_campaign_event" time="0.001" /><testcase classname="tests.unit.test_campaign_engine.TestCampaignEngine" name="test_create_campaign_audit" time="0.001" /><testcase classname="tests.unit.test_campaign_engine.TestCampaignEngine" name="test_create_campaign_default_restricted" time="0.001" /><testcase classname="tests.unit.test_campaign_engine.TestCampaignEngine" name="test_update_campaign" time="0.001" /><testcase classname="tests.unit.test_campaign_engine.TestCampaignEngine" name="test_update_nonexistent" time="0.000" /><testcase classname="tests.unit.test_campaign_engine.TestCampaignEngine" name="test_activate_campaign" time="0.001" /><testcase classname="tests.unit.test_campaign_engine.TestCampaignEngine" name="test_dismantle_campaign" time="0.001" /><testcase classname="tests.unit.test_campaign_engine.TestCampaignEngine" name="test_reactivate_campaign" time="0.001" /><testcase classname="tests.unit.test_campaign_engine.TestCampaignEngine" name="test_invalid_transition" time="0.001" /><testcase classname="tests.unit.test_campaign_engine.TestCampaignEngine" name="test_dismantled_is_terminal" time="0.001" /><testcase classname="tests.unit.test_campaign_engine.TestCampaignEngine" name="test_dismantle_event" time="0.001" /><testcase classname="tests.unit.test_campaign_engine.TestCampaignEngine" name="test_link_entity" time="0.001" /><testcase classname="tests.unit.test_campaign_engine.TestCampaignEngine" name="test_link_entity_no_duplicate" time="0.001" /><testcase classname="tests.unit.test_campaign_engine.TestCampaignEngine" name="test_unlink_entity" time="0.001" /><testcase classname="tests.unit.test_campaign_engine.TestCampaignEngine" name="test_link_report" time="0.001" /><testcase classname="tests.unit.test_campaign_engine.TestCampaignEngine" name="test_link_report_no_duplicate" time="0.001" /><testcase classname="tests.unit.test_campaign_engine.TestCampaignEngine" name="test_get_campaign" time="0.001" /><testcase classname="tests.unit.test_campaign_engine.TestCampaignEngine" name="test_get_nonexistent" time="0.000" /><testcase classname="tests.unit.test_campaign_engine.TestCampaignEngine" name="test_list_campaigns_by_status" time="0.001" /><testcase classname="tests.unit.test_campaign_engine.TestCampaignEngine" name="test_score_campaign" time="0.001" /><testcase classname="tests.unit.test_campaign_engine.TestCampaignEngine" name="test_score_nonexistent" time="0.000" /><testcase classname="tests.unit.test_campaign_engine.TestCampaignDetector" name="test_detect_from_reports" time="0.000" /><testcase classname="tests.unit.test_campaign_engine.TestCampaignDetector" name="test_detect_below_threshold" time="0.000" /><testcase classname="tests.unit.test_campaign_engine.TestCampaignDetector" name="test_detect_multiple_categories" time="0.000" /><testcase classname="tests.unit.test_campaign_engine.TestCampaignDetector" name="test_detect_from_entities" time="0.000" /><testcase classname="tests.unit.test_campaign_engine.TestCampaignDetector" name="test_detect_from_entities_no_overlap" time="0.000" /><testcase classname="tests.unit.test_campaign_engine.TestCampaignScorer" name="test_score_low" time="0.000" /><testcase classname="tests.unit.test_campaign_engine.TestCampaignScorer" name="test_score_high" time="0.000" /><testcase classname="tests.unit.test_campaign_engine.TestCampaignScorer" name="test_score_max_100" time="0.000" /><testcase classname="tests.unit.test_campaign_engine.TestCampaignScorer" name="test_score_breakdown" time="0.000" /><testcase classname="tests.unit.test_campaign_engine.TestCampaignScorer" name="test_score_updates_campaign_severity" time="0.000" /><testcase classname="tests.unit.test_campaign_engine.TestCampaignScorer" name="test_get_score" time="0.000" /><testcase classname="tests.unit.test_campaign_engine.TestCampaignLinker" name="test_link_by_entity" time="0.000" /><testcase classname="tests.unit.test_campaign_engine.TestCampaignLinker" name="test_link_by_fraud_type" time="0.000" /><testcase classname="tests.unit.test_campaign_engine.TestCampaignLinker" name="test_no_link_dismantled" time="0.000" /><testcase classname="tests.unit.test_campaign_engine.TestCampaignLinker" name="test_no_match" time="0.000" /><testcase classname="tests.unit.test_campaign_engine.TestIntegrationCampaign" name="test_detect_create_score_pipeline" time="0.001" /><testcase classname="tests.unit.test_campaign_engine.TestIntegrationCampaign" name="test_link_report_to_campaigns" time="0.001" /><testcase classname="tests.unit.test_campaign_engine.TestIntegrationCampaign" name="test_full_lifecycle" time="0.001" /><testcase classname="tests.unit.test_campaign_engine.TestIntegrationCampaign" name="test_check_dormant" time="0.001" /><testcase classname="tests.unit.test_campaign_engine.TestIntegrationCampaign" name="test_check_dormant_not_dormant" time="0.001" /><testcase classnam
[...]
me="test_validate_invalid_line" time="0.000" /><testcase classname="tests.unit.test_synthetic_telemetry.TestSyntheticTelemetry" name="test_deterministic_with_seed" time="0.000" /><testcase classname="tests.unit.test_unknown_fraud_discovery.TestDiscoveryPlanning" name="test_plan_generates_tasks_for_domain" time="0.000" /><testcase classname="tests.unit.test_unknown_fraud_discovery.TestDiscoveryPlanning" name="test_plan_prioritizes_correctly" time="0.000" /><testcase classname="tests.unit.test_unknown_fraud_discovery.TestDiscoveryPlanning" name="test_plan_returns_empty_at_max_depth" time="0.000" /><testcase classname="tests.unit.test_unknown_fraud_discovery.TestDiscoveryPlanning" name="test_plan_reduces_priority_at_depth" time="0.000" /><testcase classname="tests.unit.test_unknown_fraud_discovery.TestDiscoveryPlanning" name="test_plan_for_unknown_entity_type" time="0.000" /><testcase classname="tests.unit.test_unknown_fraud_discovery.TestDiscoveryPlanning" name="test_plan_generates_tasks_for_ip" time="0.000" /><testcase classname="tests.unit.test_unknown_fraud_discovery.TestDiscoveryPlanning" name="test_plan_generates_tasks_for_email" time="0.000" /><testcase classname="tests.unit.test_unknown_fraud_discovery.TestDiscoveryPlanning" name="test_plan_generates_tasks_for_crypto_wallet" time="0.000" /><testcase classname="tests.unit.test_unknown_fraud_discovery.TestGraphExpansion" name="test_graph_expands_from_seed" time="0.001" /><testcase classname="tests.unit.test_unknown_fraud_discovery.TestGraphExpansion" name="test_graph_respects_max_nodes" time="0.001" /><testcase classname="tests.unit.test_unknown_fraud_discovery.TestGraphExpansion" name="test_graph_respects_max_depth" time="0.001" /><testcase classname="tests.unit.test_unknown_fraud_discovery.TestGraphExpansion" name="test_graph_contains_seed" time="0.002" /><testcase classname="tests.unit.test_unknown_fraud_discovery.TestGraphExpansion" name="test_graph_has_relationships" time="0.001" /><testcase classname="tests.unit.test_unknown_fraud_discovery.TestGraphExpansion" name="test_graph_discovered_entities_have_provenance" time="0.001" /><testcase classname="tests.unit.test_unknown_fraud_discovery.TestCycleDetection" name="test_detect_cycles_no_cycles" time="0.000" /><testcase classname="tests.unit.test_unknown_fraud_discovery.TestCycleDetection" name="test_detect_cycles_simple_cycle" time="0.000" /><testcase classname="tests.unit.test_unknown_fraud_discovery.TestCycleDetection" name="test_detect_cycles_no_false_positive" time="0.000" /><testcase classname="tests.unit.test_unknown_fraud_discovery.TestDuplicateSuppression" name="test_dedup_returns_none_for_new_entity" time="0.000" /><testcase classname="tests.unit.test_unknown_fraud_discovery.TestDuplicateSuppression" name="test_dedup_returns_existing_id_for_duplicate" time="0.000" /><testcase classname="tests.unit.test_unknown_fraud_discovery.TestDuplicateSuppression" name="test_dedup_differentiates_by_type" time="0.000" /><testcase classname="tests.unit.test_unknown_fraud_discovery.TestSourceFailure" name="test_source_unavailable_returns_error" time="0.000" /><testcase classname="tests.unit.test_unknown_fraud_discovery.TestSourceFailure" name="test_source_unauthorized_returns_unauthorized" time="0.000" /><testcase classname="tests.unit.test_unknown_fraud_discovery.TestSourceFailure" name="test_source_rate_limited_returns_rate_limited" time="0.000" /><testcase classname="tests.unit.test_unknown_fraud_discovery.TestSourceFailure" name="test_unknown_source_returns_error" time="0.000" /><testcase classname="tests.unit.test_unknown_fraud_discovery.TestRateLimiting" name="test_resource_controller_blocks_after_budget" time="0.000" /><testcase classname="tests.unit.test_unknown_fraud_discovery.TestRateLimiting" name="test_resource_controller_blocks_after_max_tasks" time="0.000" /><testcase classname="tests.unit.test_unknown_fraud_discovery.TestRateLimiting" name="test_resource_controller_tracks_per_source" time="0.000" /><testcase classname="tests.unit.test_unknown_fraud_discovery.TestConfidenceCalculation" name="test_single_source_confidence" time="0.000" /><testcase classname="tests.unit.test_unknown_fraud_discovery.TestConfidenceCalculation" name="test_multiple_sources_increase_confidence" time="0.000" /><testcase classname="tests.unit.test_unknown_fraud_discovery.TestConfidenceCalculation" name="test_confidence_not_4x_with_4_sources" time="0.000" /><testcase classname="tests.unit.test_unknown_fraud_discovery.TestConfidenceCalculation" name="test_empty_sources_zero_confidence" time="0.000" /><testcase classname="tests.unit.test_unknown_fraud_discovery.TestConfidenceCalculation" name="test_confidence_never_exceeds_95_percent" time="0.000" /><testcase classname="tests.unit.test_unknown_fraud_discovery.TestPriorityCalculation" name="test_priority_separate_from_confidence" time="0.000" /><testcase classname="tests.unit.test_unknown_fraud_discovery.TestPriorityCalculation" name="test_priority_decreases_with_depth" time="0.000" /><testcase classname="tests.unit.test_unknown_fraud_discovery.TestPriorityCalculation" name="test_priority_varies_by_entity_type" time="0.000" /><testcase classname="tests.unit.test_unknown_fraud_discovery.TestPriorityCalculation" name="test_priority_never_exceeds_1" time="0.000" /><testcase classname="tests.unit.test_unknown_fraud_discovery.TestProvenance" name="test_discovered_entity_has_source" time="0.001" /><testcase classname="tests.unit.test_unknown_fraud_discovery.TestProvenance" name="test_relationship_has_source" time="0.000" /><testcase classname="tests.unit.test_unknown_fraud_discovery.TestProvenance" name="test_lead_has_evidence_sources" time="0.001" /><testcase classname="tests.unit.test_unknown_fraud_discovery.TestProvenance" name="test_lead_has_reason" time="0.001" /><testcase classname="tests.unit.test_unknown_fraud_discovery.TestClassification" name="test_config_has_classification" time="0.000" /><testcase classname="tests.unit.test_unknown_fraud_discovery.TestClassification" name="test_police_config_has_higher_classification" time="0.000" /><testcase classname="tests.unit.test_unknown_fraud_discovery.TestClassification" name="test_classification_access_control" time="0.000" /><testcase classname="tests.unit.test_unknown_fraud_discovery.TestJurisdiction" name="test_config_has_jurisdiction" time="0.000" /><testcase classname="tests.unit.test_unknown_fraud_discovery.TestJurisdiction" name="test_jurisdiction_in_config" time="0.000" /><testcase classname="tests.unit.test_unknown_fraud_discovery.TestJurisdiction" name="test_jurisdiction_null_by_default" time="0.000" /><testcase classname="tests.unit.test_unknown_fraud_discovery.TestAuthorization" name="test_investigator_cannot_access_police_database" time="0.000" /><testcase classname="tests.unit.test_unknown_fraud_discovery.TestAuthorization" name="test_police_officer_can_access_police_database" time="0.000" /><testcase classname="tests.unit.test_unknown_fraud_discovery.TestAuthorization" name="test_public_sources_available_to_all" time="0.000" /><testcase classname="tests.unit.test_unknown_fraud_discovery.TestAuthorization" name="test_misp_requires_auth" time="0.000" /><testcase classname="tests.unit.test_unknown_fraud_discovery.TestCampaignCandidates" name="test_detect_campaign_candidate" time="0.000" /><testcase classname="tests.unit.test_unknown_fraud_discovery.TestCampaignCandidates" name="test_small_cluster_not_candidate" time="0.000" /><testcase classname="tests.unit.test_unknown_fraud_discovery.TestCampaignCandidates" name="test_candidate_is_draft_not_confirmed" time="0.000" /><testcase classname="tests.unit.test_unknown_fraud_discovery.TestCampaignCandidates" name="test_promotion_requires_under_review" time="0.000" /><testcase classname="tests.unit.test_unknown_fraud_discovery.TestCampaignCandidates" name="test_promotion_requires_min_confidence" time="0.000" /><testcase classname="tests.unit.test_unknown_fraud_discovery.TestAnomalyDetection" name="test_infrastructure_concentration" time="0.000" /><testcase classname="tests.unit.test_unknown_fraud_discovery.TestAnomalyDetection" name="test_certificate_reuse" time="0.000" /><testcase classname="tests.unit.test_unknown_fraud_discovery.TestAnomalyDetection" name="test_repeated_contact_identifier" time="0.000" /><testcase classname="tests.unit.test_unknown_fraud_discovery.TestAnomalyDetection" name="test_cross_border_activity" time="0.000" /><testcase classname="tests.unit.test_unknown_fraud_discovery.TestAnomalyDetection" name="test_no_anomaly_in_clean_data" time="0.000" /><testcase classname="tests.unit.test_unknown_fraud_discovery.TestBlindSpotReporting" name="test_coverage_reports_checked_sources" time="0.000" /><testcase classname="tests.unit.test_unknown_fraud_discovery.TestBlindSpotReporting" name="test_coverage_reports_not_checked" time="0.000" /><testcase classname="tests.unit.test_unknown_fraud_discovery.TestBlindSpotReporting" name="test_coverage_reports_authorization_required" time="0.000" /><testcase classname="tests.unit.test_unknown_fraud_discovery.TestBlindSpotReporting" name="test_coverage_never_reports_absolute_no_match" time="0.000" /><testcase classname="tests.unit.test_unknown_fraud_discovery.TestMonitoring" name="test_monitoring_rule_created_for_high_priority" time="0.000" /><testcase classname="tests.unit.test_unknown_fraud_discovery.TestMonitoring" name="test_monitoring_not_created_for_low_priority" time="0.000" /><testcase classname="tests.unit.test_unknown_fraud_discovery.TestMonitoring" name="test_monitoring_disabled" time="0.000" /><testcase classname="tests.unit.test_unknown_fraud_discovery.TestMonitoring" name="test_monitoring_ttl_based_on_priority" time="0.000" /><testcase classname="tests.unit.test_unknown_fraud_discovery.TestPromptInjection" name="test_external_content_is_untrusted" time="0.001" /><testcase classname="tests.unit.test_unknown_fraud_discovery.TestPromptInjection" name="test_hypothesis_not_stored_as_fact" time="0.001" /><testcase classname="tests.unit.test_unknown_fraud_discovery.TestPromptInjection" name="test_lead_explains_what_is_inferred" time="0.001" /><testcase classname="tests.unit.test_unknown_fraud_discovery.TestDataPoisoning" name="test_single_untrusted_source_capped" time="0.000" /><testcase classname="tests.unit.test_unknown_fraud_discovery.TestDataPoisoning" name="test_multiple_sources_required_for_high_confidence" time="0.000" /><testcase classname="tests.unit.test_unknown_fraud_discovery.TestDataPoisoning" name="test_multiple_trusted_sources_valid" time="0.000" /><testcase classname="tests.unit.test_unknown_fraud_discovery.TestUnauthorizedSourceAccess" name="test_investigator_blocked_from_police_db" time="0.000" /><testcase classname="tests.unit.test_unknown_fraud_discovery.TestUnauthorizedSourceAccess" name="test_public_sources_no_auth_required" time="0.000" /><testcase classname="tests.unit.test_unknown_fraud_discovery.TestUnauthorizedSourceAccess" name="test_coverage_shows_authorization_required" time="0.000" /><testcase classname="tests.unit.test_unknown_fraud_discovery.TestResourceExhaustion" name="test_max_nodes_prevents_explosion" time="0.000" /><testcase classname="tests.unit.test_unknown_fraud_discovery.TestResourceExhaustion" name="test_max_tasks_prevents_explosion" time="0.000" /><testcase classname="tests.unit.test_unknown_fraud_discovery.TestResourceExhaustion" name="test_max_depth_prevents_infinite_recursion" time="0.000" /><testcase classname="tests.unit.test_unknown_fraud_discovery.TestLeadGeneration" name="test_leads_generated_from_discovery" time="0.001" /><testcase classname="tests.unit.test_unknown_fraud_discovery.TestLeadGeneration" name="test_lead_has_seed_reference" time="0.001" /><testcase classname="tests.unit.test_unknown_fraud_discovery.TestLeadGeneration" name="test_lead_has_confidence_and_priority" time="0.001" /><testcase classname="tests.unit.test_unknown_fraud_discovery.TestLeadGeneration" name="test_lead_has_relationship_path" time="0.001" /><testcase classname="tests.unit.test_unknown_fraud_discovery.TestLeadGeneration" name="test_lead_has_explanation" time="0.001" /><testcase classname="tests.unit.test_unknown_fraud_discovery.TestRelationshipHypotheses" name="test_observed_vs_hypothesized_separation" time="0.001" /><testcase classname="tests.unit.test_unknown_fraud_discovery.TestRelationshipHypotheses" name="test_hypothesis_has_evidence" time="0.000" /><testcase classname="tests.unit.test_unknown_fraud_discovery.TestRelationshipHypotheses" name="test_hypothesis_confidence_below_1" time="0.000" /><testcase classname="tests.unit.test_unknown_fraud_discovery.TestRelationshipHypotheses" name="test_no_hypothesis_for_already_observed" time="0.000" /><testcase classname="tests.unit.test_unknown_fraud_discovery.TestCoverageReporting" name="test_coverage_in_run" time="0.001" /><testcase classname="tests.unit.test_unknown_fraud_discovery.TestCoverageReporting" name="test_coverage_has_checked_sources" time="0.001" /><testcase classname="tests.unit.test_unknown_fraud_discovery.TestCoverageReporting" name="test_coverage_has_not_checked_sources" time="0.001" /><testcase classname="tests.unit.test_unknown_fraud_discovery.TestSourceRouting" name="test_source_router_routes_to_correct_source" time="0.000" /><testcase classname="tests.unit.test_unknown_fraud_discovery.TestSourceRouting" name="test_source_returns_entities_and_relationships" time="0.000" /><testcase classname="tests.unit.test_unknown_fraud_discovery.TestSourceRouting" name="test_source_returns_reliability" time="0.000" /><testcase classname="tests.unit.test_unknown_fraud_discovery.TestSourceRouting" name="test_different_sources_for_different_types" time="0.000" /><testcase classname="tests.unit.test_web_discovery.TestSeedSubmission" name="test_submit_seed" time="0.000" /><testcase classname="tests.unit.test_web_discovery.TestSeedSubmission" name="test_submit_seed_with_priority" time="0.000" /><testcase classname="tests.unit.test_web_discovery.TestSeedSubmission" name="test_submit_duplicate_seed_skipped" time="0.000" /><testcase classname="tests.unit.test_web_discovery.TestSeedSubmission" name="test_get_job" time="0.000" /><testcase classname="tests.unit.test_web_discovery.TestSeedSubmission" name="test_get_job_nonexistent" time="0.000" /><testcase classname="tests.unit.test_web_discovery.TestCrawlPolicy" name="test_scheme_allowed" time="0.000" /><testcase classname="tests.unit.test_web_discovery.TestCrawlPolicy" name="test_scheme_blocked" time="0.000" /><testcase classname="tests.unit.test_web_discovery.TestCrawlPolicy" name="test_domain_allowed_list" time="0.000" /><testcase classname="tests.unit.test_web_discovery.TestCrawlPolicy" name="test_domain_not_in_allowed" time="0.000" /><testcase classname="tests.unit.test_web_discovery.TestCrawlPolicy" name="test_domain_blocked" time="0.000" /><testcase classname="tests.unit.test_web_discovery.TestCrawlPolicy" name="test_depth_exceeded" time="0.000" /><testcase classname="tests.unit.test_web_discovery.TestCrawlPolicy" name="test_robots_disallowed" time="0.000" /><testcase classname="tests.unit.test_web_discovery.TestCrawlPolicy" name="test_robots_allowed" time="0.000" /><testcase classname="tests.unit.test_web_discovery.TestCrawlPolicy" name="test_auth_bypass_never_allowed" time="0.000" /><testcase classname="tests.unit.test_web_discovery.TestCrawlPolicy" name="test_tos_blocked_domain" time="0.000" /><testcase classname="tests.unit.test_web_discovery.TestCrawlPolicy" name="test_tos_allowed_domain" time="0.000" /><testcase classname="tests.unit.test_web_discovery.TestCrawlPolicy" name="test_set_tos_blocked" time="0.000" /><testcase classname="tests.unit.test_web_discovery.TestCrawlPolicy" name="test_content_size_limit" time="0.000" /><testcase classname="tests.unit.test_web_discovery.TestCrawlPolicy" name="test_content_type_limit" time="0.000" /><testcase classname="tests.unit.test_web_discovery.TestMockFetcher" name="test_registered_fixture" time="0.001" /><testcase classname="tests.unit.test_web_discovery.TestMockFetcher" name="test_no_fixture_returns_404" time="0.000" /><testcase classname="tests.unit.test_web_discovery.TestMockFetcher" name="test_fetch_count" time="0.000" /><testcase classname="tests.unit.test_web_discovery.TestContentExtractor" name="test_extract_title" time="0.001" /><testcase classname="tests.unit.test_web_discovery.TestContentExtractor" name="test_extract_text" time="0.000" /><testcase classname="tests.unit.test_web_discovery.TestContentExtractor" name="test_extract_links" time="0.000" /><testcase classname="tests.unit.test_web_discovery.TestContentExtractor" name="test_extract_email" time="0.000" /><testcase classname="tests.unit.test_web_discovery.TestContentExtractor" name="test_extract_phone" time="0.000" /><testcase classname="tests.unit.test_web_discovery.TestContentExtractor" name="test_extract_ip" time="0.000" /><testcase classname="tests.unit.test_web_discovery.TestContentExtractor" name="test_extract_metadata" time="0.000" /><testcase classname="tests.unit.test_web_discovery.TestContentExtractor" name="test_extract_url_entities" time="0.000" /><testcase classname="tests.unit.test_web_discovery.TestContentExtractor" name="test_empty_content" time="0.000" /><testcase classname="tests.unit.test_web_discovery.TestDeduplication" name="test_url_normalization" time="0.000" /><testcase classname="tests.unit.test_web_discovery.TestDeduplication" name="test_duplicate_url_skipped" time="0.001" /><testcase classname="tests.unit.test_web_discovery.TestDeduplication" name="test_duplicate_content_hash" time="0.000" /><testcase classname="tests.unit.test_web_discovery.TestRetriesAndDLQ" name="test_retry_on_failure" time="0.000" /><testcase classname="tests.unit.test_web_discovery.TestRetriesAndDLQ" name="test_dead_letter_after_max_retries" time="0.001" /><testcase classname="tests.unit.test_web_discovery.TestRetriesAndDLQ" name="test_retry_exponential_backoff" time="0.000" /><testcase classname="tests.unit.test_web_discovery.TestRateLimiting" name="test_rate_limiter_allows_first" time="0.000" /><testcase classname="tests.unit.test_web_discovery.TestRateLimiting" name="test_rate_limiter_blocks_second" time="0.000" /><testcase classname="tests.unit.test_web_discovery.TestRateLimiting" name="test_rate_limiter_allows_after_delay" time="0.000" /><testcase classname="tests.unit.test_web_discovery.TestObservationCreation" name="test_observation_created" time="0.000" /><testcase classname="tests.unit.test_web_discovery.TestObservationCreation" name="test_observation_has_provenance" time="0.000" /><testcase classname="tests.unit.test_web_discovery.TestSeedDiscovery" name="test_discover_links" time="0.001" /><testcase classname="tests.unit.test_web_discovery.TestSeedDiscovery" name="test_discovered_seeds_queued" time="0.000" /><testcase classname="tests.unit.test_web_discovery.TestSeedDiscovery" name="test_discovery_respects_max_depth" time="0.000" /><testcase classname="tests.unit.test_web_discovery.TestMetrics" name="test_empty_metrics" time="0.000" /><testcase classname="tests.unit.test_web_discovery.TestMetrics" name="test_metrics_after_crawl" time="0.000" /><testcase classname="tests.unit.test_web_discovery.TestNegativeFailSafe" name="test_no_fixture_returns_404" time="0.000" /><testcase classname="tests.unit.test_web_discovery.TestNegativeFailSafe" name="test_empty_queue" time="0.000" /><testcase classname="tests.unit.test_web_discovery.TestNegativeFailSafe" name="test_process_all_empty" time="0.000" /><testcase classname="tests.unit.test_web_discovery.TestNegativeFailSafe" name="test_policy_blocked_url" time="0.000" /><testcase classname="tests.unit.test_web_discovery.TestIntegration" name="test_full_crawl_workflow" time="0.001" /><testcase classname="tests.unit.test_web_discovery.TestIntegration" name="test_evidence_integration" time="0.001" /><testcase classname="tests.unit.test_web_discovery.TestIntegration" name="test_priority_ordering" time="0.001" /></testsuite></testsuites>